[0.045s] Invoking command in '/home/chotaehyun/ugv_ws/build/ugv_slam': CMAKE_PREFIX_PATH=${CMAKE_PREFIX_PATH}:/home/chotaehyun/ugv_ws/install/ugv_web_app:/home/chotaehyun/ugv_ws/install/ugv_vision:/home/chotaehyun/ugv_ws/install/ugv_tools:/home/chotaehyun/ugv_ws/install/ugv_chat_ai:/home/chotaehyun/ugv_ws/install/ugv_bringup:/home/chotaehyun/ros2_ws/install/vehicle_control_pkg:/opt/ros/humble /usr/bin/cmake /home/chotaehyun/ugv_ws/src/ugv_main/ugv_slam -DAMENT_CMAKE_SYMLINK_INSTALL=1 -DCMAKE_INSTALL_PREFIX=/home/chotaehyun/ugv_ws/install/ugv_slam
[3.286s] -- The C compiler identification is GNU 11.4.0
[3.286s] -- The CXX compiler identification is GNU 11.4.0
[3.286s] -- Detecting C compiler ABI info
[3.286s] -- Detecting C compiler ABI info - done
[3.286s] -- Check for working C compiler: /usr/bin/cc - skipped
[3.286s] -- Detecting C compile features
[3.286s] -- Detecting C compile features - done
[3.286s] -- Detecting CXX compiler ABI info
[3.286s] -- Detecting CXX compiler ABI info - done
[3.286s] -- Check for working CXX compiler: /usr/bin/c++ - skipped
[3.287s] -- Detecting CXX compile features
[3.287s] -- Detecting CXX compile features - done
[3.287s] -- Found ament_cmake: 1.3.14 (/opt/ros/humble/share/ament_cmake/cmake)
[3.287s] -- Found Python3: /usr/bin/python3 (found version "3.10.12") found components: Interpreter 
[3.287s] -- Override CMake install command with custom implementation using symlinks instead of copying resources
[3.287s] -- Found ament_lint_auto: 0.12.15 (/opt/ros/humble/share/ament_lint_auto/cmake)
[3.600s] -- Added test 'copyright' to check source files copyright and LICENSE
[3.614s] -- Added test 'flake8' to check Python code syntax and style conventions
[3.614s] -- Added test 'lint_cmake' to check CMake code style
[3.619s] -- Added test 'pep257' to check Python code against some of the docstring style conventions in PEP 257
[3.622s] -- Added test 'xmllint' to check XML markup files
[3.637s] -- Configuring done
[3.644s] -- Generating done
[3.651s] -- Build files have been written to: /home/chotaehyun/ugv_ws/build/ugv_slam
[4.849s] Invoked command in '/home/chotaehyun/ugv_ws/build/ugv_slam' returned '0': CMAKE_PREFIX_PATH=${CMAKE_PREFIX_PATH}:/home/chotaehyun/ugv_ws/install/ugv_web_app:/home/chotaehyun/ugv_ws/install/ugv_vision:/home/chotaehyun/ugv_ws/install/ugv_tools:/home/chotaehyun/ugv_ws/install/ugv_chat_ai:/home/chotaehyun/ugv_ws/install/ugv_bringup:/home/chotaehyun/ros2_ws/install/vehicle_control_pkg:/opt/ros/humble /usr/bin/cmake /home/chotaehyun/ugv_ws/src/ugv_main/ugv_slam -DAMENT_CMAKE_SYMLINK_INSTALL=1 -DCMAKE_INSTALL_PREFIX=/home/chotaehyun/ugv_ws/install/ugv_slam
[4.850s] Invoking command in '/home/chotaehyun/ugv_ws/build/ugv_slam': CMAKE_PREFIX_PATH=${CMAKE_PREFIX_PATH}:/home/chotaehyun/ugv_ws/install/ugv_web_app:/home/chotaehyun/ugv_ws/install/ugv_vision:/home/chotaehyun/ugv_ws/install/ugv_tools:/home/chotaehyun/ugv_ws/install/ugv_chat_ai:/home/chotaehyun/ugv_ws/install/ugv_bringup:/home/chotaehyun/ros2_ws/install/vehicle_control_pkg:/opt/ros/humble /usr/bin/cmake --build /home/chotaehyun/ugv_ws/build/ugv_slam -- -j16 -l16
[10.934s] Invoked command in '/home/chotaehyun/ugv_ws/build/ugv_slam' returned '0': CMAKE_PREFIX_PATH=${CMAKE_PREFIX_PATH}:/home/chotaehyun/ugv_ws/install/ugv_web_app:/home/chotaehyun/ugv_ws/install/ugv_vision:/home/chotaehyun/ugv_ws/install/ugv_tools:/home/chotaehyun/ugv_ws/install/ugv_chat_ai:/home/chotaehyun/ugv_ws/install/ugv_bringup:/home/chotaehyun/ros2_ws/install/vehicle_control_pkg:/opt/ros/humble /usr/bin/cmake --build /home/chotaehyun/ugv_ws/build/ugv_slam -- -j16 -l16
[10.935s] Invoking command in '/home/chotaehyun/ugv_ws/build/ugv_slam': CMAKE_PREFIX_PATH=${CMAKE_PREFIX_PATH}:/home/chotaehyun/ugv_ws/install/ugv_web_app:/home/chotaehyun/ugv_ws/install/ugv_vision:/home/chotaehyun/ugv_ws/install/ugv_tools:/home/chotaehyun/ugv_ws/install/ugv_chat_ai:/home/chotaehyun/ugv_ws/install/ugv_bringup:/home/chotaehyun/ros2_ws/install/vehicle_control_pkg:/opt/ros/humble /usr/bin/cmake --install /home/chotaehyun/ugv_ws/build/ugv_slam
[12.928s] -- Install configuration: ""
[12.928s] -- Execute custom install script
[12.928s] -- Symlinking: /home/chotaehyun/ugv_ws/install/ugv_slam/share/ugv_slam/launch/cartographer.launch.py
[12.928s] -- Symlinking: /home/chotaehyun/ugv_ws/install/ugv_slam/share/ugv_slam/launch/gmapping.launch.py
[12.928s] -- Symlinking: /home/chotaehyun/ugv_ws/install/ugv_slam/share/ugv_slam/launch/rtabmap_rgbd.launch.py
[12.928s] -- Symlinking: /home/chotaehyun/ugv_ws/install/ugv_slam/share/ugv_slam/rviz/view_slam_2d.rviz
[12.928s] -- Symlinking: /home/chotaehyun/ugv_ws/install/ugv_slam/share/ugv_slam/rviz/view_slam_3d.rviz
[12.928s] -- Symlinking: /home/chotaehyun/ugv_ws/install/ugv_slam/share/ament_index/resource_index/package_run_dependencies/ugv_slam
[12.928s] -- Symlinking: /home/chotaehyun/ugv_ws/install/ugv_slam/share/ament_index/resource_index/parent_prefix_path/ugv_slam
[12.928s] -- Symlinking: /home/chotaehyun/ugv_ws/install/ugv_slam/share/ugv_slam/environment/ament_prefix_path.sh
[12.928s] -- Symlinking: /home/chotaehyun/ugv_ws/install/ugv_slam/share/ugv_slam/environment/ament_prefix_path.dsv
[12.929s] -- Symlinking: /home/chotaehyun/ugv_ws/install/ugv_slam/share/ugv_slam/environment/path.sh
[12.929s] -- Symlinking: /home/chotaehyun/ugv_ws/install/ugv_slam/share/ugv_slam/environment/path.dsv
[12.929s] -- Symlinking: /home/chotaehyun/ugv_ws/install/ugv_slam/share/ugv_slam/local_setup.bash
[12.929s] -- Symlinking: /home/chotaehyun/ugv_ws/install/ugv_slam/share/ugv_slam/local_setup.sh
[12.929s] -- Symlinking: /home/chotaehyun/ugv_ws/install/ugv_slam/share/ugv_slam/local_setup.zsh
[12.929s] -- Symlinking: /home/chotaehyun/ugv_ws/install/ugv_slam/share/ugv_slam/local_setup.dsv
[12.929s] -- Symlinking: /home/chotaehyun/ugv_ws/install/ugv_slam/share/ugv_slam/package.dsv
[12.929s] -- Symlinking: /home/chotaehyun/ugv_ws/install/ugv_slam/share/ament_index/resource_index/packages/ugv_slam
[12.929s] -- Symlinking: /home/chotaehyun/ugv_ws/install/ugv_slam/share/ugv_slam/cmake/ugv_slamConfig.cmake
[12.929s] -- Symlinking: /home/chotaehyun/ugv_ws/install/ugv_slam/share/ugv_slam/cmake/ugv_slamConfig-version.cmake
[12.929s] -- Symlinking: /home/chotaehyun/ugv_ws/install/ugv_slam/share/ugv_slam/package.xml
[13.028s] Invoked command in '/home/chotaehyun/ugv_ws/build/ugv_slam' returned '0': CMAKE_PREFIX_PATH=${CMAKE_PREFIX_PATH}:/home/chotaehyun/ugv_ws/install/ugv_web_app:/home/chotaehyun/ugv_ws/install/ugv_vision:/home/chotaehyun/ugv_ws/install/ugv_tools:/home/chotaehyun/ugv_ws/install/ugv_chat_ai:/home/chotaehyun/ugv_ws/install/ugv_bringup:/home/chotaehyun/ros2_ws/install/vehicle_control_pkg:/opt/ros/humble /usr/bin/cmake --install /home/chotaehyun/ugv_ws/build/ugv_slam
