[2.289s] Invoking command in '/home/chotaehyun/ugv_ws/build/ugv_vision': PYTHONPATH=/home/chotaehyun/ugv_ws/build/ugv_vision/prefix_override:/usr/lib/python3/dist-packages/colcon_core/task/python/colcon_distutils_commands:/home/chotaehyun/ugv_ws/install/ugv_vision/lib/python3.10/site-packages:${PYTHONPATH} /usr/bin/python3 -W ignore:setup.py install is deprecated -W ignore:easy_install command is deprecated setup.py develop --editable --build-directory /home/chotaehyun/ugv_ws/build/ugv_vision/build --no-deps symlink_data
[2.779s] running develop
[3.019s] running egg_info
[3.019s] writing ugv_vision.egg-info/PKG-INFO
[3.020s] writing dependency_links to ugv_vision.egg-info/dependency_links.txt
[3.020s] writing entry points to ugv_vision.egg-info/entry_points.txt
[3.020s] writing requirements to ugv_vision.egg-info/requires.txt
[3.020s] writing top-level names to ugv_vision.egg-info/top_level.txt
[3.022s] reading manifest file 'ugv_vision.egg-info/SOURCES.txt'
[3.024s] writing manifest file 'ugv_vision.egg-info/SOURCES.txt'
[3.026s] running build_ext
[3.026s] Creating /home/chotaehyun/ugv_ws/install/ugv_vision/lib/python3.10/site-packages/ugv-vision.egg-link (link to .)
[3.027s] Installing apriltag_ctrl script to /home/chotaehyun/ugv_ws/install/ugv_vision/lib/ugv_vision
[3.028s] Installing apriltag_track_0 script to /home/chotaehyun/ugv_ws/install/ugv_vision/lib/ugv_vision
[3.028s] Installing apriltag_track_1 script to /home/chotaehyun/ugv_ws/install/ugv_vision/lib/ugv_vision
[3.028s] Installing apriltag_track_2 script to /home/chotaehyun/ugv_ws/install/ugv_vision/lib/ugv_vision
[3.028s] Installing color_track script to /home/chotaehyun/ugv_ws/install/ugv_vision/lib/ugv_vision
[3.028s] Installing gesture_ctrl script to /home/chotaehyun/ugv_ws/install/ugv_vision/lib/ugv_vision
[3.029s] Installing kcf_track script to /home/chotaehyun/ugv_ws/install/ugv_vision/lib/ugv_vision
[3.029s] 
[3.030s] Installed /home/chotaehyun/ugv_ws/build/ugv_vision
[3.030s] running symlink_data
[3.098s] Invoked command in '/home/chotaehyun/ugv_ws/build/ugv_vision' returned '0': PYTHONPATH=/home/chotaehyun/ugv_ws/build/ugv_vision/prefix_override:/usr/lib/python3/dist-packages/colcon_core/task/python/colcon_distutils_commands:/home/chotaehyun/ugv_ws/install/ugv_vision/lib/python3.10/site-packages:${PYTHONPATH} /usr/bin/python3 -W ignore:setup.py install is deprecated -W ignore:easy_install command is deprecated setup.py develop --editable --build-directory /home/chotaehyun/ugv_ws/build/ugv_vision/build --no-deps symlink_data
