[0.065s] Invoking command in '/home/chotaehyun/ugv_ws/build/ugv_base_node': CMAKE_PREFIX_PATH=${CMAKE_PREFIX_PATH}:/home/chotaehyun/ugv_ws/install/ugv_web_app:/home/chotaehyun/ugv_ws/install/ugv_vision:/home/chotaehyun/ugv_ws/install/ugv_tools:/home/chotaehyun/ugv_ws/install/ugv_chat_ai:/home/chotaehyun/ugv_ws/install/ugv_bringup:/home/chotaehyun/ros2_ws/install/vehicle_control_pkg:/opt/ros/humble /usr/bin/cmake /home/chotaehyun/ugv_ws/src/ugv_main/ugv_base_node -DAMENT_CMAKE_SYMLINK_INSTALL=1 -DCMAKE_INSTALL_PREFIX=/home/chotaehyun/ugv_ws/install/ugv_base_node
[1.401s] -- The C compiler identification is GNU 11.4.0
[1.401s] -- The CXX compiler identification is GNU 11.4.0
[1.401s] -- Detecting C compiler ABI info
[1.401s] -- Detecting C compiler ABI info - done
[1.401s] -- Check for working C compiler: /usr/bin/cc - skipped
[1.401s] -- Detecting C compile features
[1.401s] -- Detecting C compile features - done
[1.401s] -- Detecting CXX compiler ABI info
[1.401s] -- Detecting CXX compiler ABI info - done
[1.401s] -- Check for working CXX compiler: /usr/bin/c++ - skipped
[1.401s] -- Detecting CXX compile features
[1.401s] -- Detecting CXX compile features - done
[1.402s] -- Found ament_cmake: 1.3.14 (/opt/ros/humble/share/ament_cmake/cmake)
[1.402s] -- Found Python3: /usr/bin/python3 (found version "3.10.12") found components: Interpreter 
[1.402s] -- Override CMake install command with custom implementation using symlinks instead of copying resources
[1.402s] -- Found tf2: 0.25.19 (/opt/ros/humble/share/tf2/cmake)
[1.404s] -- Found rosidl_generator_c: 3.1.8 (/opt/ros/humble/share/rosidl_generator_c/cmake)
[1.404s] -- Found rosidl_adapter: 3.1.8 (/opt/ros/humble/share/rosidl_adapter/cmake)
[1.404s] -- Found rosidl_generator_cpp: 3.1.8 (/opt/ros/humble/share/rosidl_generator_cpp/cmake)
[1.407s] -- Using all available rosidl_typesupport_c: rosidl_typesupport_fastrtps_c;rosidl_typesupport_introspection_c
[1.443s] -- Using all available rosidl_typesupport_cpp: rosidl_typesupport_fastrtps_cpp;rosidl_typesupport_introspection_cpp
[1.527s] -- Found tf2_ros: 0.25.19 (/opt/ros/humble/share/tf2_ros/cmake)
[1.684s] -- Found rmw_implementation_cmake: 6.1.2 (/opt/ros/humble/share/rmw_implementation_cmake/cmake)
[1.693s] -- Found rmw_fastrtps_cpp: 6.2.10 (/opt/ros/humble/share/rmw_fastrtps_cpp/cmake)
[1.981s] -- Found OpenSSL: /usr/lib/x86_64-linux-gnu/libcrypto.so (found version "3.0.2")  
[2.052s] -- Found FastRTPS: /opt/ros/humble/include  
[2.165s] -- Using RMW implementation 'rmw_fastrtps_cpp' as default
[2.192s] -- Looking for pthread.h
[2.567s] -- Looking for pthread.h - found
[2.567s] -- Performing Test CMAKE_HAVE_LIBC_PTHREAD
[2.928s] -- Performing Test CMAKE_HAVE_LIBC_PTHREAD - Success
[2.938s] -- Found Threads: TRUE  
[3.453s] -- Found nav_msgs: 4.9.1 (/opt/ros/humble/share/nav_msgs/cmake)
[3.490s] -- Found sensor_msgs: 4.9.1 (/opt/ros/humble/share/sensor_msgs/cmake)
[3.528s] -- Found ament_lint_auto: 0.12.15 (/opt/ros/humble/share/ament_lint_auto/cmake)
[3.746s] -- Added test 'copyright' to check source files copyright and LICENSE
[3.750s] -- Added test 'cppcheck' to perform static code analysis on C / C++ code
[3.750s] -- Configured cppcheck include dirs: 
[3.751s] -- Configured cppcheck exclude dirs and/or files: 
[3.752s] -- Added test 'cpplint' to check C / C++ code against the Google style
[3.752s] -- Configured cpplint exclude dirs and/or files: 
[3.753s] -- Added test 'lint_cmake' to check CMake code style
[3.764s] -- Added test 'uncrustify' to check C / C++ code style
[3.764s] -- Configured uncrustify additional arguments: 
[3.765s] -- Added test 'xmllint' to check XML markup files
[3.767s] -- Configuring done
[3.823s] -- Generating done
[3.842s] -- Build files have been written to: /home/chotaehyun/ugv_ws/build/ugv_base_node
[3.934s] Invoked command in '/home/chotaehyun/ugv_ws/build/ugv_base_node' returned '0': CMAKE_PREFIX_PATH=${CMAKE_PREFIX_PATH}:/home/chotaehyun/ugv_ws/install/ugv_web_app:/home/chotaehyun/ugv_ws/install/ugv_vision:/home/chotaehyun/ugv_ws/install/ugv_tools:/home/chotaehyun/ugv_ws/install/ugv_chat_ai:/home/chotaehyun/ugv_ws/install/ugv_bringup:/home/chotaehyun/ros2_ws/install/vehicle_control_pkg:/opt/ros/humble /usr/bin/cmake /home/chotaehyun/ugv_ws/src/ugv_main/ugv_base_node -DAMENT_CMAKE_SYMLINK_INSTALL=1 -DCMAKE_INSTALL_PREFIX=/home/chotaehyun/ugv_ws/install/ugv_base_node
[3.941s] Invoking command in '/home/chotaehyun/ugv_ws/build/ugv_base_node': CMAKE_PREFIX_PATH=${CMAKE_PREFIX_PATH}:/home/chotaehyun/ugv_ws/install/ugv_web_app:/home/chotaehyun/ugv_ws/install/ugv_vision:/home/chotaehyun/ugv_ws/install/ugv_tools:/home/chotaehyun/ugv_ws/install/ugv_chat_ai:/home/chotaehyun/ugv_ws/install/ugv_bringup:/home/chotaehyun/ros2_ws/install/vehicle_control_pkg:/opt/ros/humble /usr/bin/cmake --build /home/chotaehyun/ugv_ws/build/ugv_base_node -- -j16 -l16
[5.992s] [ 25%] [32mBuilding CXX object CMakeFiles/base_node_ekf.dir/src/base_node_ekf.cpp.o[0m
[5.992s] [ 50%] [32mBuilding CXX object CMakeFiles/base_node.dir/src/base_node.cpp.o[0m
[39.047s] [ 75%] [32m[1mLinking CXX executable base_node_ekf[0m
[40.060s] [100%] [32m[1mLinking CXX executable base_node[0m
[41.662s] [100%] Built target base_node_ekf
[42.230s] [100%] Built target base_node
[42.279s] Invoked command in '/home/chotaehyun/ugv_ws/build/ugv_base_node' returned '0': CMAKE_PREFIX_PATH=${CMAKE_PREFIX_PATH}:/home/chotaehyun/ugv_ws/install/ugv_web_app:/home/chotaehyun/ugv_ws/install/ugv_vision:/home/chotaehyun/ugv_ws/install/ugv_tools:/home/chotaehyun/ugv_ws/install/ugv_chat_ai:/home/chotaehyun/ugv_ws/install/ugv_bringup:/home/chotaehyun/ros2_ws/install/vehicle_control_pkg:/opt/ros/humble /usr/bin/cmake --build /home/chotaehyun/ugv_ws/build/ugv_base_node -- -j16 -l16
[42.281s] Invoking command in '/home/chotaehyun/ugv_ws/build/ugv_base_node': CMAKE_PREFIX_PATH=${CMAKE_PREFIX_PATH}:/home/chotaehyun/ugv_ws/install/ugv_web_app:/home/chotaehyun/ugv_ws/install/ugv_vision:/home/chotaehyun/ugv_ws/install/ugv_tools:/home/chotaehyun/ugv_ws/install/ugv_chat_ai:/home/chotaehyun/ugv_ws/install/ugv_bringup:/home/chotaehyun/ros2_ws/install/vehicle_control_pkg:/opt/ros/humble /usr/bin/cmake --install /home/chotaehyun/ugv_ws/build/ugv_base_node
[42.294s] -- Install configuration: ""
[42.296s] -- Execute custom install script
[42.297s] -- Symlinking: /home/chotaehyun/ugv_ws/install/ugv_base_node/lib/ugv_base_node/base_node
[42.317s] -- Symlinking: /home/chotaehyun/ugv_ws/install/ugv_base_node/lib/ugv_base_node/base_node_ekf
[42.340s] -- Symlinking: /home/chotaehyun/ugv_ws/install/ugv_base_node/share/ament_index/resource_index/package_run_dependencies/ugv_base_node
[42.382s] -- Symlinking: /home/chotaehyun/ugv_ws/install/ugv_base_node/share/ament_index/resource_index/parent_prefix_path/ugv_base_node
[42.404s] -- Symlinking: /home/chotaehyun/ugv_ws/install/ugv_base_node/share/ugv_base_node/environment/ament_prefix_path.sh
[42.439s] -- Symlinking: /home/chotaehyun/ugv_ws/install/ugv_base_node/share/ugv_base_node/environment/ament_prefix_path.dsv
[42.459s] -- Symlinking: /home/chotaehyun/ugv_ws/install/ugv_base_node/share/ugv_base_node/environment/path.sh
[42.498s] -- Symlinking: /home/chotaehyun/ugv_ws/install/ugv_base_node/share/ugv_base_node/environment/path.dsv
[42.537s] -- Symlinking: /home/chotaehyun/ugv_ws/install/ugv_base_node/share/ugv_base_node/local_setup.bash
[42.558s] -- Symlinking: /home/chotaehyun/ugv_ws/install/ugv_base_node/share/ugv_base_node/local_setup.sh
[42.579s] -- Symlinking: /home/chotaehyun/ugv_ws/install/ugv_base_node/share/ugv_base_node/local_setup.zsh
[42.614s] -- Symlinking: /home/chotaehyun/ugv_ws/install/ugv_base_node/share/ugv_base_node/local_setup.dsv
[42.652s] -- Symlinking: /home/chotaehyun/ugv_ws/install/ugv_base_node/share/ugv_base_node/package.dsv
[42.694s] -- Symlinking: /home/chotaehyun/ugv_ws/install/ugv_base_node/share/ament_index/resource_index/packages/ugv_base_node
[42.733s] -- Symlinking: /home/chotaehyun/ugv_ws/install/ugv_base_node/share/ugv_base_node/cmake/ugv_base_nodeConfig.cmake
[42.772s] -- Symlinking: /home/chotaehyun/ugv_ws/install/ugv_base_node/share/ugv_base_node/cmake/ugv_base_nodeConfig-version.cmake
[42.822s] -- Symlinking: /home/chotaehyun/ugv_ws/install/ugv_base_node/share/ugv_base_node/package.xml
[42.869s] Invoked command in '/home/chotaehyun/ugv_ws/build/ugv_base_node' returned '0': CMAKE_PREFIX_PATH=${CMAKE_PREFIX_PATH}:/home/chotaehyun/ugv_ws/install/ugv_web_app:/home/chotaehyun/ugv_ws/install/ugv_vision:/home/chotaehyun/ugv_ws/install/ugv_tools:/home/chotaehyun/ugv_ws/install/ugv_chat_ai:/home/chotaehyun/ugv_ws/install/ugv_bringup:/home/chotaehyun/ros2_ws/install/vehicle_control_pkg:/opt/ros/humble /usr/bin/cmake --install /home/chotaehyun/ugv_ws/build/ugv_base_node
