[0.099s] Invoking command in '/home/chotaehyun/ugv_ws/build/apriltag': CMAKE_PREFIX_PATH=${CMAKE_PREFIX_PATH}:/home/chotaehyun/ugv_ws/install/vizanti:/home/chotaehyun/ugv_ws/install/vizanti_server:/home/chotaehyun/ugv_ws/install/vizanti_demos:/home/chotaehyun/ugv_ws/install/vizanti_msgs:/home/chotaehyun/ugv_ws/install/vizanti_cpp:/home/chotaehyun/ugv_ws/install/ugv_web_app:/home/chotaehyun/ugv_ws/install/ugv_vision:/home/chotaehyun/ugv_ws/install/ugv_tools:/home/chotaehyun/ugv_ws/install/ugv_slam:/home/chotaehyun/ugv_ws/install/ugv_nav:/home/chotaehyun/ugv_ws/install/ugv_interface:/home/chotaehyun/ugv_ws/install/ugv_gazebo:/home/chotaehyun/ugv_ws/install/ugv_description:/home/chotaehyun/ugv_ws/install/ugv_chat_ai:/home/chotaehyun/ugv_ws/install/ugv_bringup:/home/chotaehyun/ugv_ws/install/ugv_base_node:/home/chotaehyun/ugv_ws/install/teb_local_planner:/home/chotaehyun/ugv_ws/install/teb_msgs:/home/chotaehyun/ugv_ws/install/slam_gmapping:/home/chotaehyun/ugv_ws/install/robot_pose_publisher:/home/chotaehyun/ugv_ws/install/rf2o_laser_odometry:/home/chotaehyun/ugv_ws/install/openslam_gmapping:/home/chotaehyun/ugv_ws/install/my_waver_app:/home/chotaehyun/ugv_ws/install/ldlidar:/home/chotaehyun/ugv_ws/install/explore_lite:/home/chotaehyun/ugv_ws/install/emcl2:/home/chotaehyun/ugv_ws/install/costmap_converter:/home/chotaehyun/ugv_ws/install/costmap_converter_msgs:/home/chotaehyun/ugv_ws/install/cartographer:/home/chotaehyun/ugv_ws/install/apriltag_ros:/home/chotaehyun/ugv_ws/install/apriltag_msgs:/home/chotaehyun/ros2_ws/install/vehicle_control_pkg:/opt/ros/humble /usr/bin/cmake --build /home/chotaehyun/ugv_ws/build/apriltag -- -j16 -l16
[1.111s] [  2%] [34m[1mGenerating apriltag_detect_docstring.h, apriltag_detect_docstring.cxx[0m
[1.112s] [  4%] [34m[1mGenerating apriltag_py_type_docstring.h, apriltag_py_type_docstring.cxx[0m
[1.112s] [ 85%] Built target apriltag
[1.112s] [ 90%] Built target apriltag_demo
[1.112s] [ 90%] Built target apriltag_py_docstrings
[1.112s] [ 95%] Built target opencv_demo
[1.112s] [ 97%] [32mBuilding C object CMakeFiles/apriltag.cpython-310-x86_64-linux-gnu.dir/apriltag_pywrap.c.o[0m
[1.112s] [100%] [32m[1mLinking C shared module apriltag.cpython-310-x86_64-linux-gnu.so[0m
[1.112s] [100%] Built target apriltag.cpython-310-x86_64-linux-gnu
[1.136s] Invoked command in '/home/chotaehyun/ugv_ws/build/apriltag' returned '0': CMAKE_PREFIX_PATH=${CMAKE_PREFIX_PATH}:/home/chotaehyun/ugv_ws/install/vizanti:/home/chotaehyun/ugv_ws/install/vizanti_server:/home/chotaehyun/ugv_ws/install/vizanti_demos:/home/chotaehyun/ugv_ws/install/vizanti_msgs:/home/chotaehyun/ugv_ws/install/vizanti_cpp:/home/chotaehyun/ugv_ws/install/ugv_web_app:/home/chotaehyun/ugv_ws/install/ugv_vision:/home/chotaehyun/ugv_ws/install/ugv_tools:/home/chotaehyun/ugv_ws/install/ugv_slam:/home/chotaehyun/ugv_ws/install/ugv_nav:/home/chotaehyun/ugv_ws/install/ugv_interface:/home/chotaehyun/ugv_ws/install/ugv_gazebo:/home/chotaehyun/ugv_ws/install/ugv_description:/home/chotaehyun/ugv_ws/install/ugv_chat_ai:/home/chotaehyun/ugv_ws/install/ugv_bringup:/home/chotaehyun/ugv_ws/install/ugv_base_node:/home/chotaehyun/ugv_ws/install/teb_local_planner:/home/chotaehyun/ugv_ws/install/teb_msgs:/home/chotaehyun/ugv_ws/install/slam_gmapping:/home/chotaehyun/ugv_ws/install/robot_pose_publisher:/home/chotaehyun/ugv_ws/install/rf2o_laser_odometry:/home/chotaehyun/ugv_ws/install/openslam_gmapping:/home/chotaehyun/ugv_ws/install/my_waver_app:/home/chotaehyun/ugv_ws/install/ldlidar:/home/chotaehyun/ugv_ws/install/explore_lite:/home/chotaehyun/ugv_ws/install/emcl2:/home/chotaehyun/ugv_ws/install/costmap_converter:/home/chotaehyun/ugv_ws/install/costmap_converter_msgs:/home/chotaehyun/ugv_ws/install/cartographer:/home/chotaehyun/ugv_ws/install/apriltag_ros:/home/chotaehyun/ugv_ws/install/apriltag_msgs:/home/chotaehyun/ros2_ws/install/vehicle_control_pkg:/opt/ros/humble /usr/bin/cmake --build /home/chotaehyun/ugv_ws/build/apriltag -- -j16 -l16
[1.138s] Invoking command in '/home/chotaehyun/ugv_ws/build/apriltag': CMAKE_PREFIX_PATH=${CMAKE_PREFIX_PATH}:/home/chotaehyun/ugv_ws/install/vizanti:/home/chotaehyun/ugv_ws/install/vizanti_server:/home/chotaehyun/ugv_ws/install/vizanti_demos:/home/chotaehyun/ugv_ws/install/vizanti_msgs:/home/chotaehyun/ugv_ws/install/vizanti_cpp:/home/chotaehyun/ugv_ws/install/ugv_web_app:/home/chotaehyun/ugv_ws/install/ugv_vision:/home/chotaehyun/ugv_ws/install/ugv_tools:/home/chotaehyun/ugv_ws/install/ugv_slam:/home/chotaehyun/ugv_ws/install/ugv_nav:/home/chotaehyun/ugv_ws/install/ugv_interface:/home/chotaehyun/ugv_ws/install/ugv_gazebo:/home/chotaehyun/ugv_ws/install/ugv_description:/home/chotaehyun/ugv_ws/install/ugv_chat_ai:/home/chotaehyun/ugv_ws/install/ugv_bringup:/home/chotaehyun/ugv_ws/install/ugv_base_node:/home/chotaehyun/ugv_ws/install/teb_local_planner:/home/chotaehyun/ugv_ws/install/teb_msgs:/home/chotaehyun/ugv_ws/install/slam_gmapping:/home/chotaehyun/ugv_ws/install/robot_pose_publisher:/home/chotaehyun/ugv_ws/install/rf2o_laser_odometry:/home/chotaehyun/ugv_ws/install/openslam_gmapping:/home/chotaehyun/ugv_ws/install/my_waver_app:/home/chotaehyun/ugv_ws/install/ldlidar:/home/chotaehyun/ugv_ws/install/explore_lite:/home/chotaehyun/ugv_ws/install/emcl2:/home/chotaehyun/ugv_ws/install/costmap_converter:/home/chotaehyun/ugv_ws/install/costmap_converter_msgs:/home/chotaehyun/ugv_ws/install/cartographer:/home/chotaehyun/ugv_ws/install/apriltag_ros:/home/chotaehyun/ugv_ws/install/apriltag_msgs:/home/chotaehyun/ros2_ws/install/vehicle_control_pkg:/opt/ros/humble /usr/bin/cmake --install /home/chotaehyun/ugv_ws/build/apriltag
[1.171s] -- Install configuration: "Release"
[1.171s] -- Up-to-date: /home/chotaehyun/ugv_ws/install/apriltag/include/apriltag/apriltag.h
[1.171s] -- Up-to-date: /home/chotaehyun/ugv_ws/install/apriltag/include/apriltag/apriltag_math.h
[1.171s] -- Up-to-date: /home/chotaehyun/ugv_ws/install/apriltag/include/apriltag/apriltag_pose.h
[1.171s] -- Up-to-date: /home/chotaehyun/ugv_ws/install/apriltag/include/apriltag/common/debug_print.h
[1.171s] -- Up-to-date: /home/chotaehyun/ugv_ws/install/apriltag/include/apriltag/common/doubles.h
[1.171s] -- Up-to-date: /home/chotaehyun/ugv_ws/install/apriltag/include/apriltag/common/doubles_floats_impl.h
[1.171s] -- Up-to-date: /home/chotaehyun/ugv_ws/install/apriltag/include/apriltag/common/floats.h
[1.171s] -- Up-to-date: /home/chotaehyun/ugv_ws/install/apriltag/include/apriltag/common/g2d.h
[1.171s] -- Up-to-date: /home/chotaehyun/ugv_ws/install/apriltag/include/apriltag/common/getopt.h
[1.171s] -- Up-to-date: /home/chotaehyun/ugv_ws/install/apriltag/include/apriltag/common/homography.h
[1.171s] -- Up-to-date: /home/chotaehyun/ugv_ws/install/apriltag/include/apriltag/common/image_types.h
[1.171s] -- Up-to-date: /home/chotaehyun/ugv_ws/install/apriltag/include/apriltag/common/image_u8.h
[1.171s] -- Up-to-date: /home/chotaehyun/ugv_ws/install/apriltag/include/apriltag/common/image_u8x3.h
[1.172s] -- Up-to-date: /home/chotaehyun/ugv_ws/install/apriltag/include/apriltag/common/image_u8x4.h
[1.172s] -- Up-to-date: /home/chotaehyun/ugv_ws/install/apriltag/include/apriltag/common/matd.h
[1.172s] -- Up-to-date: /home/chotaehyun/ugv_ws/install/apriltag/include/apriltag/common/math_util.h
[1.172s] -- Up-to-date: /home/chotaehyun/ugv_ws/install/apriltag/include/apriltag/common/pam.h
[1.172s] -- Up-to-date: /home/chotaehyun/ugv_ws/install/apriltag/include/apriltag/common/pjpeg.h
[1.172s] -- Up-to-date: /home/chotaehyun/ugv_ws/install/apriltag/include/apriltag/common/pnm.h
[1.172s] -- Up-to-date: /home/chotaehyun/ugv_ws/install/apriltag/include/apriltag/common/postscript_utils.h
[1.172s] -- Up-to-date: /home/chotaehyun/ugv_ws/install/apriltag/include/apriltag/common/pthreads_cross.h
[1.172s] -- Up-to-date: /home/chotaehyun/ugv_ws/install/apriltag/include/apriltag/common/string_util.h
[1.172s] -- Up-to-date: /home/chotaehyun/ugv_ws/install/apriltag/include/apriltag/common/svd22.h
[1.172s] -- Up-to-date: /home/chotaehyun/ugv_ws/install/apriltag/include/apriltag/common/time_util.h
[1.172s] -- Up-to-date: /home/chotaehyun/ugv_ws/install/apriltag/include/apriltag/common/timeprofile.h
[1.172s] -- Up-to-date: /home/chotaehyun/ugv_ws/install/apriltag/include/apriltag/common/unionfind.h
[1.172s] -- Up-to-date: /home/chotaehyun/ugv_ws/install/apriltag/include/apriltag/common/workerpool.h
[1.173s] -- Up-to-date: /home/chotaehyun/ugv_ws/install/apriltag/include/apriltag/common/zarray.h
[1.173s] -- Up-to-date: /home/chotaehyun/ugv_ws/install/apriltag/include/apriltag/common/zhash.h
[1.173s] -- Up-to-date: /home/chotaehyun/ugv_ws/install/apriltag/include/apriltag/common/zmaxheap.h
[1.173s] -- Up-to-date: /home/chotaehyun/ugv_ws/install/apriltag/include/apriltag/tag16h5.h
[1.173s] -- Up-to-date: /home/chotaehyun/ugv_ws/install/apriltag/include/apriltag/tag25h9.h
[1.173s] -- Up-to-date: /home/chotaehyun/ugv_ws/install/apriltag/include/apriltag/tag36h10.h
[1.174s] -- Up-to-date: /home/chotaehyun/ugv_ws/install/apriltag/include/apriltag/tag36h11.h
[1.174s] -- Up-to-date: /home/chotaehyun/ugv_ws/install/apriltag/include/apriltag/tagCircle21h7.h
[1.174s] -- Up-to-date: /home/chotaehyun/ugv_ws/install/apriltag/include/apriltag/tagCircle49h12.h
[1.174s] -- Up-to-date: /home/chotaehyun/ugv_ws/install/apriltag/include/apriltag/tagCustom48h12.h
[1.174s] -- Up-to-date: /home/chotaehyun/ugv_ws/install/apriltag/include/apriltag/tagStandard41h12.h
[1.175s] -- Up-to-date: /home/chotaehyun/ugv_ws/install/apriltag/include/apriltag/tagStandard52h13.h
[1.176s] -- Up-to-date: /home/chotaehyun/ugv_ws/install/apriltag/lib/libapriltag.so.3.4.2
[1.176s] -- Up-to-date: /home/chotaehyun/ugv_ws/install/apriltag/lib/libapriltag.so.3
[1.176s] -- Up-to-date: /home/chotaehyun/ugv_ws/install/apriltag/lib/libapriltag.so
[1.176s] -- Up-to-date: /home/chotaehyun/ugv_ws/install/apriltag/share/apriltag/cmake/apriltagTargets.cmake
[1.176s] -- Up-to-date: /home/chotaehyun/ugv_ws/install/apriltag/share/apriltag/cmake/apriltagTargets-release.cmake
[1.176s] -- Up-to-date: /home/chotaehyun/ugv_ws/install/apriltag/share/apriltag/cmake/apriltagConfig.cmake
[1.176s] -- Up-to-date: /home/chotaehyun/ugv_ws/install/apriltag/share/apriltag/cmake/apriltagConfigVersion.cmake
[1.176s] -- Up-to-date: /home/chotaehyun/ugv_ws/install/apriltag/lib/pkgconfig/apriltag.pc
[1.176s] -- Installing: /home/chotaehyun/ugv_ws/install/apriltag/lib/python3.10/site-packages/apriltag.cpython-310-x86_64-linux-gnu.so
[1.176s] -- Set runtime path of "/home/chotaehyun/ugv_ws/install/apriltag/lib/python3.10/site-packages/apriltag.cpython-310-x86_64-linux-gnu.so" to ""
[1.176s] -- Up-to-date: /home/chotaehyun/ugv_ws/install/apriltag/bin/opencv_demo
[1.176s] -- Up-to-date: /home/chotaehyun/ugv_ws/install/apriltag/bin/apriltag_demo
[1.263s] Invoked command in '/home/chotaehyun/ugv_ws/build/apriltag' returned '0': CMAKE_PREFIX_PATH=${CMAKE_PREFIX_PATH}:/home/chotaehyun/ugv_ws/install/vizanti:/home/chotaehyun/ugv_ws/install/vizanti_server:/home/chotaehyun/ugv_ws/install/vizanti_demos:/home/chotaehyun/ugv_ws/install/vizanti_msgs:/home/chotaehyun/ugv_ws/install/vizanti_cpp:/home/chotaehyun/ugv_ws/install/ugv_web_app:/home/chotaehyun/ugv_ws/install/ugv_vision:/home/chotaehyun/ugv_ws/install/ugv_tools:/home/chotaehyun/ugv_ws/install/ugv_slam:/home/chotaehyun/ugv_ws/install/ugv_nav:/home/chotaehyun/ugv_ws/install/ugv_interface:/home/chotaehyun/ugv_ws/install/ugv_gazebo:/home/chotaehyun/ugv_ws/install/ugv_description:/home/chotaehyun/ugv_ws/install/ugv_chat_ai:/home/chotaehyun/ugv_ws/install/ugv_bringup:/home/chotaehyun/ugv_ws/install/ugv_base_node:/home/chotaehyun/ugv_ws/install/teb_local_planner:/home/chotaehyun/ugv_ws/install/teb_msgs:/home/chotaehyun/ugv_ws/install/slam_gmapping:/home/chotaehyun/ugv_ws/install/robot_pose_publisher:/home/chotaehyun/ugv_ws/install/rf2o_laser_odometry:/home/chotaehyun/ugv_ws/install/openslam_gmapping:/home/chotaehyun/ugv_ws/install/my_waver_app:/home/chotaehyun/ugv_ws/install/ldlidar:/home/chotaehyun/ugv_ws/install/explore_lite:/home/chotaehyun/ugv_ws/install/emcl2:/home/chotaehyun/ugv_ws/install/costmap_converter:/home/chotaehyun/ugv_ws/install/costmap_converter_msgs:/home/chotaehyun/ugv_ws/install/cartographer:/home/chotaehyun/ugv_ws/install/apriltag_ros:/home/chotaehyun/ugv_ws/install/apriltag_msgs:/home/chotaehyun/ros2_ws/install/vehicle_control_pkg:/opt/ros/humble /usr/bin/cmake --install /home/chotaehyun/ugv_ws/build/apriltag
