[0.123s] Invoking command in '/home/chotaehyun/ugv_ws/build/costmap_converter_msgs': CMAKE_PREFIX_PATH=${CMAKE_PREFIX_PATH}:/home/chotaehyun/ugv_ws/install/ugv_web_app:/home/chotaehyun/ugv_ws/install/ugv_vision:/home/chotaehyun/ugv_ws/install/ugv_tools:/home/chotaehyun/ugv_ws/install/ugv_chat_ai:/home/chotaehyun/ugv_ws/install/ugv_bringup:/home/chotaehyun/ugv_ws/install/my_waver_app:/home/chotaehyun/ros2_ws/install/vehicle_control_pkg:/opt/ros/humble /usr/bin/cmake --build /home/chotaehyun/ugv_ws/build/costmap_converter_msgs -- -j16 -l16
[1.390s] [  2%] Built target costmap_converter_msgs__cpp
[1.391s] [ 12%] Built target costmap_converter_msgs__rosidl_generator_c
[1.393s] [ 12%] Built target ament_cmake_python_symlink_costmap_converter_msgs
[1.394s] [ 23%] Built target costmap_converter_msgs__rosidl_typesupport_c
[1.395s] [ 33%] Built target costmap_converter_msgs__rosidl_typesupport_introspection_c
[1.396s] [ 43%] Built target costmap_converter_msgs__rosidl_typesupport_fastrtps_c
[1.396s] [ 53%] Built target costmap_converter_msgs__rosidl_typesupport_cpp
[1.396s] [ 64%] Built target costmap_converter_msgs__rosidl_typesupport_introspection_cpp
[1.397s] [ 74%] Built target costmap_converter_msgs__rosidl_typesupport_fastrtps_cpp
[1.397s] [ 74%] Built target costmap_converter_msgs
[1.397s] [ 76%] Built target costmap_converter_msgs__py
[1.397s] [ 84%] Built target costmap_converter_msgs__rosidl_generator_py
[1.397s] [ 89%] Built target costmap_converter_msgs__rosidl_typesupport_introspection_c__pyext
[1.397s] [ 94%] Built target costmap_converter_msgs__rosidl_typesupport_fastrtps_c__pyext
[1.397s] [100%] Built target costmap_converter_msgs__rosidl_typesupport_c__pyext
[1.398s] running egg_info
[1.398s] writing costmap_converter_msgs.egg-info/PKG-INFO
[1.398s] writing dependency_links to costmap_converter_msgs.egg-info/dependency_links.txt
[1.398s] writing top-level names to costmap_converter_msgs.egg-info/top_level.txt
[1.398s] reading manifest file 'costmap_converter_msgs.egg-info/SOURCES.txt'
[1.398s] writing manifest file 'costmap_converter_msgs.egg-info/SOURCES.txt'
[1.398s] [100%] Built target ament_cmake_python_build_costmap_converter_msgs_egg
[1.443s] Invoked command in '/home/chotaehyun/ugv_ws/build/costmap_converter_msgs' returned '0': CMAKE_PREFIX_PATH=${CMAKE_PREFIX_PATH}:/home/chotaehyun/ugv_ws/install/ugv_web_app:/home/chotaehyun/ugv_ws/install/ugv_vision:/home/chotaehyun/ugv_ws/install/ugv_tools:/home/chotaehyun/ugv_ws/install/ugv_chat_ai:/home/chotaehyun/ugv_ws/install/ugv_bringup:/home/chotaehyun/ugv_ws/install/my_waver_app:/home/chotaehyun/ros2_ws/install/vehicle_control_pkg:/opt/ros/humble /usr/bin/cmake --build /home/chotaehyun/ugv_ws/build/costmap_converter_msgs -- -j16 -l16
[1.446s] Invoking command in '/home/chotaehyun/ugv_ws/build/costmap_converter_msgs': CMAKE_PREFIX_PATH=${CMAKE_PREFIX_PATH}:/home/chotaehyun/ugv_ws/install/ugv_web_app:/home/chotaehyun/ugv_ws/install/ugv_vision:/home/chotaehyun/ugv_ws/install/ugv_tools:/home/chotaehyun/ugv_ws/install/ugv_chat_ai:/home/chotaehyun/ugv_ws/install/ugv_bringup:/home/chotaehyun/ugv_ws/install/my_waver_app:/home/chotaehyun/ros2_ws/install/vehicle_control_pkg:/opt/ros/humble /usr/bin/cmake --install /home/chotaehyun/ugv_ws/build/costmap_converter_msgs
[1.518s] -- Install configuration: ""
[1.518s] -- Execute custom install script
[1.518s] -- Up-to-date symlink: /home/chotaehyun/ugv_ws/install/costmap_converter_msgs/share/ament_index/resource_index/rosidl_interfaces/costmap_converter_msgs
[1.519s] -- Up-to-date symlink: /home/chotaehyun/ugv_ws/install/costmap_converter_msgs/include/costmap_converter_msgs/costmap_converter_msgs/msg/detail/obstacle_array_msg__functions.h
[1.519s] -- Up-to-date symlink: /home/chotaehyun/ugv_ws/install/costmap_converter_msgs/include/costmap_converter_msgs/costmap_converter_msgs/msg/detail/obstacle_array_msg__struct.h
[1.519s] -- Up-to-date symlink: /home/chotaehyun/ugv_ws/install/costmap_converter_msgs/include/costmap_converter_msgs/costmap_converter_msgs/msg/detail/obstacle_array_msg__type_support.h
[1.519s] -- Up-to-date symlink: /home/chotaehyun/ugv_ws/install/costmap_converter_msgs/include/costmap_converter_msgs/costmap_converter_msgs/msg/detail/obstacle_msg__functions.h
[1.519s] -- Up-to-date symlink: /home/chotaehyun/ugv_ws/install/costmap_converter_msgs/include/costmap_converter_msgs/costmap_converter_msgs/msg/detail/obstacle_msg__struct.h
[1.519s] -- Up-to-date symlink: /home/chotaehyun/ugv_ws/install/costmap_converter_msgs/include/costmap_converter_msgs/costmap_converter_msgs/msg/detail/obstacle_msg__type_support.h
[1.519s] -- Up-to-date symlink: /home/chotaehyun/ugv_ws/install/costmap_converter_msgs/include/costmap_converter_msgs/costmap_converter_msgs/msg/obstacle_array_msg.h
[1.519s] -- Up-to-date symlink: /home/chotaehyun/ugv_ws/install/costmap_converter_msgs/include/costmap_converter_msgs/costmap_converter_msgs/msg/obstacle_msg.h
[1.519s] -- Up-to-date symlink: /home/chotaehyun/ugv_ws/install/costmap_converter_msgs/include/costmap_converter_msgs/costmap_converter_msgs/msg/rosidl_generator_c__visibility_control.h
[1.519s] -- Up-to-date symlink: /home/chotaehyun/ugv_ws/install/costmap_converter_msgs/share/costmap_converter_msgs/environment/library_path.sh
[1.519s] -- Up-to-date symlink: /home/chotaehyun/ugv_ws/install/costmap_converter_msgs/share/costmap_converter_msgs/environment/library_path.dsv
[1.520s] -- Up-to-date symlink: /home/chotaehyun/ugv_ws/install/costmap_converter_msgs/include/costmap_converter_msgs/costmap_converter_msgs/msg/detail/obstacle_array_msg__rosidl_typesupport_fastrtps_c.h
[1.520s] -- Up-to-date symlink: /home/chotaehyun/ugv_ws/install/costmap_converter_msgs/include/costmap_converter_msgs/costmap_converter_msgs/msg/detail/obstacle_msg__rosidl_typesupport_fastrtps_c.h
[1.520s] -- Up-to-date symlink: /home/chotaehyun/ugv_ws/install/costmap_converter_msgs/include/costmap_converter_msgs/costmap_converter_msgs/msg/rosidl_typesupport_fastrtps_c__visibility_control.h
[1.520s] -- Up-to-date symlink: /home/chotaehyun/ugv_ws/install/costmap_converter_msgs/include/costmap_converter_msgs/costmap_converter_msgs/msg/detail/obstacle_array_msg__builder.hpp
[1.520s] -- Up-to-date symlink: /home/chotaehyun/ugv_ws/install/costmap_converter_msgs/include/costmap_converter_msgs/costmap_converter_msgs/msg/detail/obstacle_array_msg__struct.hpp
[1.520s] -- Up-to-date symlink: /home/chotaehyun/ugv_ws/install/costmap_converter_msgs/include/costmap_converter_msgs/costmap_converter_msgs/msg/detail/obstacle_array_msg__traits.hpp
[1.520s] -- Up-to-date symlink: /home/chotaehyun/ugv_ws/install/costmap_converter_msgs/include/costmap_converter_msgs/costmap_converter_msgs/msg/detail/obstacle_array_msg__type_support.hpp
[1.520s] -- Up-to-date symlink: /home/chotaehyun/ugv_ws/install/costmap_converter_msgs/include/costmap_converter_msgs/costmap_converter_msgs/msg/detail/obstacle_msg__builder.hpp
[1.520s] -- Up-to-date symlink: /home/chotaehyun/ugv_ws/install/costmap_converter_msgs/include/costmap_converter_msgs/costmap_converter_msgs/msg/detail/obstacle_msg__struct.hpp
[1.520s] -- Up-to-date symlink: /home/chotaehyun/ugv_ws/install/costmap_converter_msgs/include/costmap_converter_msgs/costmap_converter_msgs/msg/detail/obstacle_msg__traits.hpp
[1.521s] -- Up-to-date symlink: /home/chotaehyun/ugv_ws/install/costmap_converter_msgs/include/costmap_converter_msgs/costmap_converter_msgs/msg/detail/obstacle_msg__type_support.hpp
[1.525s] -- Up-to-date symlink: /home/chotaehyun/ugv_ws/install/costmap_converter_msgs/include/costmap_converter_msgs/costmap_converter_msgs/msg/obstacle_array_msg.hpp
[1.525s] -- Up-to-date symlink: /home/chotaehyun/ugv_ws/install/costmap_converter_msgs/include/costmap_converter_msgs/costmap_converter_msgs/msg/obstacle_msg.hpp
[1.525s] -- Up-to-date symlink: /home/chotaehyun/ugv_ws/install/costmap_converter_msgs/include/costmap_converter_msgs/costmap_converter_msgs/msg/rosidl_generator_cpp__visibility_control.hpp
[1.526s] -- Up-to-date symlink: /home/chotaehyun/ugv_ws/install/costmap_converter_msgs/include/costmap_converter_msgs/costmap_converter_msgs/msg/detail/obstacle_array_msg__rosidl_typesupport_fastrtps_cpp.hpp
[1.526s] -- Up-to-date symlink: /home/chotaehyun/ugv_ws/install/costmap_converter_msgs/include/costmap_converter_msgs/costmap_converter_msgs/msg/detail/obstacle_msg__rosidl_typesupport_fastrtps_cpp.hpp
[1.526s] -- Up-to-date symlink: /home/chotaehyun/ugv_ws/install/costmap_converter_msgs/include/costmap_converter_msgs/costmap_converter_msgs/msg/rosidl_typesupport_fastrtps_cpp__visibility_control.h
[1.526s] -- Up-to-date symlink: /home/chotaehyun/ugv_ws/install/costmap_converter_msgs/include/costmap_converter_msgs/costmap_converter_msgs/msg/detail/obstacle_array_msg__rosidl_typesupport_introspection_c.h
[1.526s] -- Up-to-date symlink: /home/chotaehyun/ugv_ws/install/costmap_converter_msgs/include/costmap_converter_msgs/costmap_converter_msgs/msg/detail/obstacle_msg__rosidl_typesupport_introspection_c.h
[1.526s] -- Up-to-date symlink: /home/chotaehyun/ugv_ws/install/costmap_converter_msgs/include/costmap_converter_msgs/costmap_converter_msgs/msg/rosidl_typesupport_introspection_c__visibility_control.h
[1.526s] -- Up-to-date symlink: /home/chotaehyun/ugv_ws/install/costmap_converter_msgs/include/costmap_converter_msgs/costmap_converter_msgs/msg/detail/obstacle_array_msg__rosidl_typesupport_introspection_cpp.hpp
[1.526s] -- Up-to-date symlink: /home/chotaehyun/ugv_ws/install/costmap_converter_msgs/include/costmap_converter_msgs/costmap_converter_msgs/msg/detail/obstacle_msg__rosidl_typesupport_introspection_cpp.hpp
[1.527s] -- Up-to-date symlink: /home/chotaehyun/ugv_ws/install/costmap_converter_msgs/share/costmap_converter_msgs/environment/pythonpath.sh
[1.527s] -- Up-to-date symlink: /home/chotaehyun/ugv_ws/install/costmap_converter_msgs/share/costmap_converter_msgs/environment/pythonpath.dsv
[1.527s] -- Up-to-date symlink: /home/chotaehyun/ugv_ws/install/costmap_converter_msgs/local/lib/python3.10/dist-packages/costmap_converter_msgs-0.1.2-py3.10.egg-info/PKG-INFO
[1.527s] -- Up-to-date symlink: /home/chotaehyun/ugv_ws/install/costmap_converter_msgs/local/lib/python3.10/dist-packages/costmap_converter_msgs-0.1.2-py3.10.egg-info/SOURCES.txt
[1.527s] -- Up-to-date symlink: /home/chotaehyun/ugv_ws/install/costmap_converter_msgs/local/lib/python3.10/dist-packages/costmap_converter_msgs-0.1.2-py3.10.egg-info/dependency_links.txt
[1.527s] -- Up-to-date symlink: /home/chotaehyun/ugv_ws/install/costmap_converter_msgs/local/lib/python3.10/dist-packages/costmap_converter_msgs-0.1.2-py3.10.egg-info/top_level.txt
[1.527s] -- Up-to-date symlink: /home/chotaehyun/ugv_ws/install/costmap_converter_msgs/local/lib/python3.10/dist-packages/costmap_converter_msgs/__init__.py
[1.527s] -- Up-to-date symlink: /home/chotaehyun/ugv_ws/install/costmap_converter_msgs/local/lib/python3.10/dist-packages/costmap_converter_msgs/_costmap_converter_msgs_s.ep.rosidl_typesupport_c.c
[1.528s] -- Up-to-date symlink: /home/chotaehyun/ugv_ws/install/costmap_converter_msgs/local/lib/python3.10/dist-packages/costmap_converter_msgs/_costmap_converter_msgs_s.ep.rosidl_typesupport_fastrtps_c.c
[1.528s] -- Up-to-date symlink: /home/chotaehyun/ugv_ws/install/costmap_converter_msgs/local/lib/python3.10/dist-packages/costmap_converter_msgs/_costmap_converter_msgs_s.ep.rosidl_typesupport_introspection_c.c
[1.528s] -- Up-to-date symlink: /home/chotaehyun/ugv_ws/install/costmap_converter_msgs/local/lib/python3.10/dist-packages/costmap_converter_msgs/costmap_converter_msgs_s__rosidl_typesupport_c.cpython-310-x86_64-linux-gnu.so
[1.531s] -- Up-to-date symlink: /home/chotaehyun/ugv_ws/install/costmap_converter_msgs/local/lib/python3.10/dist-packages/costmap_converter_msgs/costmap_converter_msgs_s__rosidl_typesupport_fastrtps_c.cpython-310-x86_64-linux-gnu.so
[1.531s] -- Up-to-date symlink: /home/chotaehyun/ugv_ws/install/costmap_converter_msgs/local/lib/python3.10/dist-packages/costmap_converter_msgs/costmap_converter_msgs_s__rosidl_typesupport_introspection_c.cpython-310-x86_64-linux-gnu.so
[1.532s] -- Up-to-date symlink: /home/chotaehyun/ugv_ws/install/costmap_converter_msgs/local/lib/python3.10/dist-packages/costmap_converter_msgs/libcostmap_converter_msgs__rosidl_generator_py.so
[1.534s] -- Up-to-date symlink: /home/chotaehyun/ugv_ws/install/costmap_converter_msgs/local/lib/python3.10/dist-packages/costmap_converter_msgs/msg/__init__.py
[1.535s] -- Up-to-date symlink: /home/chotaehyun/ugv_ws/install/costmap_converter_msgs/local/lib/python3.10/dist-packages/costmap_converter_msgs/msg/_obstacle_array_msg.py
[1.536s] -- Up-to-date symlink: /home/chotaehyun/ugv_ws/install/costmap_converter_msgs/local/lib/python3.10/dist-packages/costmap_converter_msgs/msg/_obstacle_array_msg_s.c
[1.536s] -- Up-to-date symlink: /home/chotaehyun/ugv_ws/install/costmap_converter_msgs/local/lib/python3.10/dist-packages/costmap_converter_msgs/msg/_obstacle_msg.py
[1.536s] -- Up-to-date symlink: /home/chotaehyun/ugv_ws/install/costmap_converter_msgs/local/lib/python3.10/dist-packages/costmap_converter_msgs/msg/_obstacle_msg_s.c
[1.536s] -- Up-to-date symlink: /home/chotaehyun/ugv_ws/install/costmap_converter_msgs/local/lib/python3.10/dist-packages/costmap_converter_msgs/costmap_converter_msgs_s__rosidl_typesupport_fastrtps_c.cpython-310-x86_64-linux-gnu.so
[1.536s] -- Up-to-date symlink: /home/chotaehyun/ugv_ws/install/costmap_converter_msgs/local/lib/python3.10/dist-packages/costmap_converter_msgs/costmap_converter_msgs_s__rosidl_typesupport_introspection_c.cpython-310-x86_64-linux-gnu.so
[1.536s] -- Up-to-date symlink: /home/chotaehyun/ugv_ws/install/costmap_converter_msgs/local/lib/python3.10/dist-packages/costmap_converter_msgs/costmap_converter_msgs_s__rosidl_typesupport_c.cpython-310-x86_64-linux-gnu.so
[1.537s] -- Up-to-date symlink: /home/chotaehyun/ugv_ws/install/costmap_converter_msgs/share/costmap_converter_msgs/msg/ObstacleMsg.idl
[1.537s] -- Up-to-date symlink: /home/chotaehyun/ugv_ws/install/costmap_converter_msgs/share/costmap_converter_msgs/msg/ObstacleArrayMsg.idl
[1.537s] -- Up-to-date symlink: /home/chotaehyun/ugv_ws/install/costmap_converter_msgs/share/costmap_converter_msgs/msg/ObstacleMsg.msg
[1.537s] -- Up-to-date symlink: /home/chotaehyun/ugv_ws/install/costmap_converter_msgs/share/costmap_converter_msgs/msg/ObstacleArrayMsg.msg
[1.537s] -- Up-to-date symlink: /home/chotaehyun/ugv_ws/install/costmap_converter_msgs/share/ament_index/resource_index/package_run_dependencies/costmap_converter_msgs
[1.537s] -- Up-to-date symlink: /home/chotaehyun/ugv_ws/install/costmap_converter_msgs/share/ament_index/resource_index/parent_prefix_path/costmap_converter_msgs
[1.538s] -- Up-to-date symlink: /home/chotaehyun/ugv_ws/install/costmap_converter_msgs/share/costmap_converter_msgs/environment/ament_prefix_path.sh
[1.538s] -- Up-to-date symlink: /home/chotaehyun/ugv_ws/install/costmap_converter_msgs/share/costmap_converter_msgs/environment/ament_prefix_path.dsv
[1.538s] -- Up-to-date symlink: /home/chotaehyun/ugv_ws/install/costmap_converter_msgs/share/costmap_converter_msgs/environment/path.sh
[1.538s] -- Up-to-date symlink: /home/chotaehyun/ugv_ws/install/costmap_converter_msgs/share/costmap_converter_msgs/environment/path.dsv
[1.538s] -- Up-to-date symlink: /home/chotaehyun/ugv_ws/install/costmap_converter_msgs/share/costmap_converter_msgs/local_setup.bash
[1.539s] -- Up-to-date symlink: /home/chotaehyun/ugv_ws/install/costmap_converter_msgs/share/costmap_converter_msgs/local_setup.sh
[1.539s] -- Up-to-date symlink: /home/chotaehyun/ugv_ws/install/costmap_converter_msgs/share/costmap_converter_msgs/local_setup.zsh
[1.539s] -- Up-to-date symlink: /home/chotaehyun/ugv_ws/install/costmap_converter_msgs/share/costmap_converter_msgs/local_setup.dsv
[1.539s] -- Symlinking: /home/chotaehyun/ugv_ws/install/costmap_converter_msgs/share/costmap_converter_msgs/package.dsv
[1.565s] -- Up-to-date symlink: /home/chotaehyun/ugv_ws/install/costmap_converter_msgs/share/ament_index/resource_index/packages/costmap_converter_msgs
[1.565s] -- Up-to-date symlink: /home/chotaehyun/ugv_ws/install/costmap_converter_msgs/share/costmap_converter_msgs/cmake/rosidl_cmake-extras.cmake
[1.566s] -- Up-to-date symlink: /home/chotaehyun/ugv_ws/install/costmap_converter_msgs/share/costmap_converter_msgs/cmake/ament_cmake_export_dependencies-extras.cmake
[1.567s] -- Up-to-date symlink: /home/chotaehyun/ugv_ws/install/costmap_converter_msgs/share/costmap_converter_msgs/cmake/ament_cmake_export_include_directories-extras.cmake
[1.568s] -- Up-to-date symlink: /home/chotaehyun/ugv_ws/install/costmap_converter_msgs/share/costmap_converter_msgs/cmake/ament_cmake_export_libraries-extras.cmake
[1.568s] -- Up-to-date symlink: /home/chotaehyun/ugv_ws/install/costmap_converter_msgs/share/costmap_converter_msgs/cmake/ament_cmake_export_targets-extras.cmake
[1.569s] -- Up-to-date symlink: /home/chotaehyun/ugv_ws/install/costmap_converter_msgs/share/costmap_converter_msgs/cmake/rosidl_cmake_export_typesupport_targets-extras.cmake
[1.569s] -- Up-to-date symlink: /home/chotaehyun/ugv_ws/install/costmap_converter_msgs/share/costmap_converter_msgs/cmake/rosidl_cmake_export_typesupport_libraries-extras.cmake
[1.569s] -- Up-to-date symlink: /home/chotaehyun/ugv_ws/install/costmap_converter_msgs/share/costmap_converter_msgs/cmake/costmap_converter_msgsConfig.cmake
[1.569s] -- Up-to-date symlink: /home/chotaehyun/ugv_ws/install/costmap_converter_msgs/share/costmap_converter_msgs/cmake/costmap_converter_msgsConfig-version.cmake
[1.569s] -- Up-to-date symlink: /home/chotaehyun/ugv_ws/install/costmap_converter_msgs/share/costmap_converter_msgs/package.xml
[1.570s] -- Up-to-date: /home/chotaehyun/ugv_ws/install/costmap_converter_msgs/lib/libcostmap_converter_msgs__rosidl_generator_c.so
[1.570s] -- Up-to-date: /home/chotaehyun/ugv_ws/install/costmap_converter_msgs/lib/libcostmap_converter_msgs__rosidl_typesupport_fastrtps_c.so
[1.571s] -- Up-to-date: /home/chotaehyun/ugv_ws/install/costmap_converter_msgs/lib/libcostmap_converter_msgs__rosidl_typesupport_fastrtps_cpp.so
[1.572s] -- Up-to-date: /home/chotaehyun/ugv_ws/install/costmap_converter_msgs/lib/libcostmap_converter_msgs__rosidl_typesupport_introspection_c.so
[1.572s] -- Up-to-date: /home/chotaehyun/ugv_ws/install/costmap_converter_msgs/lib/libcostmap_converter_msgs__rosidl_typesupport_c.so
[1.573s] -- Up-to-date: /home/chotaehyun/ugv_ws/install/costmap_converter_msgs/lib/libcostmap_converter_msgs__rosidl_typesupport_introspection_cpp.so
[1.574s] -- Up-to-date: /home/chotaehyun/ugv_ws/install/costmap_converter_msgs/lib/libcostmap_converter_msgs__rosidl_typesupport_cpp.so
[1.603s] Listing '/home/chotaehyun/ugv_ws/install/costmap_converter_msgs/local/lib/python3.10/dist-packages/costmap_converter_msgs'...
[1.603s] Listing '/home/chotaehyun/ugv_ws/install/costmap_converter_msgs/local/lib/python3.10/dist-packages/costmap_converter_msgs/msg'...
[1.603s] -- Up-to-date: /home/chotaehyun/ugv_ws/install/costmap_converter_msgs/lib/libcostmap_converter_msgs__rosidl_generator_py.so
[1.603s] -- Up-to-date: /home/chotaehyun/ugv_ws/install/costmap_converter_msgs/share/costmap_converter_msgs/cmake/export_costmap_converter_msgs__rosidl_generator_cExport.cmake
[1.603s] -- Up-to-date: /home/chotaehyun/ugv_ws/install/costmap_converter_msgs/share/costmap_converter_msgs/cmake/export_costmap_converter_msgs__rosidl_generator_cExport-noconfig.cmake
[1.604s] -- Up-to-date: /home/chotaehyun/ugv_ws/install/costmap_converter_msgs/share/costmap_converter_msgs/cmake/export_costmap_converter_msgs__rosidl_typesupport_fastrtps_cExport.cmake
[1.604s] -- Up-to-date: /home/chotaehyun/ugv_ws/install/costmap_converter_msgs/share/costmap_converter_msgs/cmake/export_costmap_converter_msgs__rosidl_typesupport_fastrtps_cExport-noconfig.cmake
[1.604s] -- Up-to-date: /home/chotaehyun/ugv_ws/install/costmap_converter_msgs/share/costmap_converter_msgs/cmake/export_costmap_converter_msgs__rosidl_generator_cppExport.cmake
[1.604s] -- Up-to-date: /home/chotaehyun/ugv_ws/install/costmap_converter_msgs/share/costmap_converter_msgs/cmake/export_costmap_converter_msgs__rosidl_typesupport_fastrtps_cppExport.cmake
[1.604s] -- Up-to-date: /home/chotaehyun/ugv_ws/install/costmap_converter_msgs/share/costmap_converter_msgs/cmake/export_costmap_converter_msgs__rosidl_typesupport_fastrtps_cppExport-noconfig.cmake
[1.604s] -- Up-to-date: /home/chotaehyun/ugv_ws/install/costmap_converter_msgs/share/costmap_converter_msgs/cmake/costmap_converter_msgs__rosidl_typesupport_introspection_cExport.cmake
[1.604s] -- Up-to-date: /home/chotaehyun/ugv_ws/install/costmap_converter_msgs/share/costmap_converter_msgs/cmake/costmap_converter_msgs__rosidl_typesupport_introspection_cExport-noconfig.cmake
[1.605s] -- Up-to-date: /home/chotaehyun/ugv_ws/install/costmap_converter_msgs/share/costmap_converter_msgs/cmake/costmap_converter_msgs__rosidl_typesupport_cExport.cmake
[1.605s] -- Up-to-date: /home/chotaehyun/ugv_ws/install/costmap_converter_msgs/share/costmap_converter_msgs/cmake/costmap_converter_msgs__rosidl_typesupport_cExport-noconfig.cmake
[1.605s] -- Up-to-date: /home/chotaehyun/ugv_ws/install/costmap_converter_msgs/share/costmap_converter_msgs/cmake/costmap_converter_msgs__rosidl_typesupport_introspection_cppExport.cmake
[1.605s] -- Up-to-date: /home/chotaehyun/ugv_ws/install/costmap_converter_msgs/share/costmap_converter_msgs/cmake/costmap_converter_msgs__rosidl_typesupport_introspection_cppExport-noconfig.cmake
[1.605s] -- Up-to-date: /home/chotaehyun/ugv_ws/install/costmap_converter_msgs/share/costmap_converter_msgs/cmake/costmap_converter_msgs__rosidl_typesupport_cppExport.cmake
[1.605s] -- Up-to-date: /home/chotaehyun/ugv_ws/install/costmap_converter_msgs/share/costmap_converter_msgs/cmake/costmap_converter_msgs__rosidl_typesupport_cppExport-noconfig.cmake
[1.605s] -- Up-to-date: /home/chotaehyun/ugv_ws/install/costmap_converter_msgs/share/costmap_converter_msgs/cmake/export_costmap_converter_msgs__rosidl_generator_pyExport.cmake
[1.605s] -- Up-to-date: /home/chotaehyun/ugv_ws/install/costmap_converter_msgs/share/costmap_converter_msgs/cmake/export_costmap_converter_msgs__rosidl_generator_pyExport-noconfig.cmake
[1.827s] Invoked command in '/home/chotaehyun/ugv_ws/build/costmap_converter_msgs' returned '0': CMAKE_PREFIX_PATH=${CMAKE_PREFIX_PATH}:/home/chotaehyun/ugv_ws/install/ugv_web_app:/home/chotaehyun/ugv_ws/install/ugv_vision:/home/chotaehyun/ugv_ws/install/ugv_tools:/home/chotaehyun/ugv_ws/install/ugv_chat_ai:/home/chotaehyun/ugv_ws/install/ugv_bringup:/home/chotaehyun/ugv_ws/install/my_waver_app:/home/chotaehyun/ros2_ws/install/vehicle_control_pkg:/opt/ros/humble /usr/bin/cmake --install /home/chotaehyun/ugv_ws/build/costmap_converter_msgs
