[0.085s] Invoking command in '/home/chotaehyun/ugv_ws/build/explore_lite': CMAKE_PREFIX_PATH=${CMAKE_PREFIX_PATH}:/home/chotaehyun/ugv_ws/install/ugv_web_app:/home/chotaehyun/ugv_ws/install/ugv_vision:/home/chotaehyun/ugv_ws/install/ugv_tools:/home/chotaehyun/ugv_ws/install/ugv_chat_ai:/home/chotaehyun/ugv_ws/install/ugv_bringup:/home/chotaehyun/ros2_ws/install/vehicle_control_pkg:/opt/ros/humble /usr/bin/cmake --build /home/chotaehyun/ugv_ws/build/explore_lite -- -j16 -l16
[0.851s] [35m[1mConsolidate compiler generated dependencies of target explore[0m
[0.851s] [35m[1mConsolidate compiler generated dependencies of target gtest_main[0m
[0.851s] [35m[1mConsolidate compiler generated dependencies of target gtest[0m
[0.851s] [ 20%] Built target gtest
[0.851s] [ 60%] Built target explore
[0.851s] [ 80%] Built target gtest_main
[0.852s] [35m[1mConsolidate compiler generated dependencies of target test_explore[0m
[0.852s] [100%] Built target test_explore
[0.877s] Invoked command in '/home/chotaehyun/ugv_ws/build/explore_lite' returned '0': CMAKE_PREFIX_PATH=${CMAKE_PREFIX_PATH}:/home/chotaehyun/ugv_ws/install/ugv_web_app:/home/chotaehyun/ugv_ws/install/ugv_vision:/home/chotaehyun/ugv_ws/install/ugv_tools:/home/chotaehyun/ugv_ws/install/ugv_chat_ai:/home/chotaehyun/ugv_ws/install/ugv_bringup:/home/chotaehyun/ros2_ws/install/vehicle_control_pkg:/opt/ros/humble /usr/bin/cmake --build /home/chotaehyun/ugv_ws/build/explore_lite -- -j16 -l16
[0.879s] Invoking command in '/home/chotaehyun/ugv_ws/build/explore_lite': CMAKE_PREFIX_PATH=${CMAKE_PREFIX_PATH}:/home/chotaehyun/ugv_ws/install/ugv_web_app:/home/chotaehyun/ugv_ws/install/ugv_vision:/home/chotaehyun/ugv_ws/install/ugv_tools:/home/chotaehyun/ugv_ws/install/ugv_chat_ai:/home/chotaehyun/ugv_ws/install/ugv_bringup:/home/chotaehyun/ros2_ws/install/vehicle_control_pkg:/opt/ros/humble /usr/bin/cmake --install /home/chotaehyun/ugv_ws/build/explore_lite
[0.916s] -- Install configuration: ""
[0.916s] -- Execute custom install script
[0.916s] -- Up-to-date symlink: /home/chotaehyun/ugv_ws/install/explore_lite/include/explore//costmap_client.h
[0.916s] -- Up-to-date symlink: /home/chotaehyun/ugv_ws/install/explore_lite/include/explore//costmap_tools.h
[0.917s] -- Up-to-date symlink: /home/chotaehyun/ugv_ws/install/explore_lite/include/explore//explore.h
[0.917s] -- Up-to-date symlink: /home/chotaehyun/ugv_ws/install/explore_lite/include/explore//frontier_search.h
[0.917s] -- Up-to-date symlink: /home/chotaehyun/ugv_ws/install/explore_lite/share/explore_lite/config/params.yaml
[0.917s] -- Up-to-date symlink: /home/chotaehyun/ugv_ws/install/explore_lite/share/explore_lite/config/params_costmap.yaml
[0.917s] -- Up-to-date symlink: /home/chotaehyun/ugv_ws/install/explore_lite/share/explore_lite/launch/explore.launch.py
[0.917s] -- Up-to-date symlink: /home/chotaehyun/ugv_ws/install/explore_lite/lib/explore_lite/explore
[0.917s] -- Up-to-date symlink: /home/chotaehyun/ugv_ws/install/explore_lite/share/ament_index/resource_index/package_run_dependencies/explore_lite
[0.917s] -- Up-to-date symlink: /home/chotaehyun/ugv_ws/install/explore_lite/share/ament_index/resource_index/parent_prefix_path/explore_lite
[0.917s] -- Up-to-date symlink: /home/chotaehyun/ugv_ws/install/explore_lite/share/explore_lite/environment/ament_prefix_path.sh
[0.917s] -- Up-to-date symlink: /home/chotaehyun/ugv_ws/install/explore_lite/share/explore_lite/environment/ament_prefix_path.dsv
[0.917s] -- Up-to-date symlink: /home/chotaehyun/ugv_ws/install/explore_lite/share/explore_lite/environment/path.sh
[0.917s] -- Up-to-date symlink: /home/chotaehyun/ugv_ws/install/explore_lite/share/explore_lite/environment/path.dsv
[0.917s] -- Up-to-date symlink: /home/chotaehyun/ugv_ws/install/explore_lite/share/explore_lite/local_setup.bash
[0.917s] -- Up-to-date symlink: /home/chotaehyun/ugv_ws/install/explore_lite/share/explore_lite/local_setup.sh
[0.917s] -- Up-to-date symlink: /home/chotaehyun/ugv_ws/install/explore_lite/share/explore_lite/local_setup.zsh
[0.917s] -- Up-to-date symlink: /home/chotaehyun/ugv_ws/install/explore_lite/share/explore_lite/local_setup.dsv
[0.918s] -- Symlinking: /home/chotaehyun/ugv_ws/install/explore_lite/share/explore_lite/package.dsv
[0.919s] -- Up-to-date symlink: /home/chotaehyun/ugv_ws/install/explore_lite/share/ament_index/resource_index/packages/explore_lite
[0.919s] -- Up-to-date symlink: /home/chotaehyun/ugv_ws/install/explore_lite/share/explore_lite/cmake/ament_cmake_export_include_directories-extras.cmake
[0.919s] -- Up-to-date symlink: /home/chotaehyun/ugv_ws/install/explore_lite/share/explore_lite/cmake/explore_liteConfig.cmake
[0.919s] -- Up-to-date symlink: /home/chotaehyun/ugv_ws/install/explore_lite/share/explore_lite/cmake/explore_liteConfig-version.cmake
[0.919s] -- Up-to-date symlink: /home/chotaehyun/ugv_ws/install/explore_lite/share/explore_lite/package.xml
[1.125s] Invoked command in '/home/chotaehyun/ugv_ws/build/explore_lite' returned '0': CMAKE_PREFIX_PATH=${CMAKE_PREFIX_PATH}:/home/chotaehyun/ugv_ws/install/ugv_web_app:/home/chotaehyun/ugv_ws/install/ugv_vision:/home/chotaehyun/ugv_ws/install/ugv_tools:/home/chotaehyun/ugv_ws/install/ugv_chat_ai:/home/chotaehyun/ugv_ws/install/ugv_bringup:/home/chotaehyun/ros2_ws/install/vehicle_control_pkg:/opt/ros/humble /usr/bin/cmake --install /home/chotaehyun/ugv_ws/build/explore_lite
