[0.107s] Invoking command in '/home/chotaehyun/ugv_ws/build/emcl2': CMAKE_PREFIX_PATH=${CMAKE_PREFIX_PATH}:/home/chotaehyun/ugv_ws/install/ugv_web_app:/home/chotaehyun/ugv_ws/install/ugv_vision:/home/chotaehyun/ugv_ws/install/ugv_tools:/home/chotaehyun/ugv_ws/install/ugv_chat_ai:/home/chotaehyun/ugv_ws/install/ugv_bringup:/home/chotaehyun/ugv_ws/install/my_waver_app:/home/chotaehyun/ros2_ws/install/vehicle_control_pkg:/opt/ros/humble /usr/bin/cmake --build /home/chotaehyun/ugv_ws/build/emcl2 -- -j16 -l16
[1.416s] [100%] Built target emcl2_node
[1.438s] Invoked command in '/home/chotaehyun/ugv_ws/build/emcl2' returned '0': CMAKE_PREFIX_PATH=${CMAKE_PREFIX_PATH}:/home/chotaehyun/ugv_ws/install/ugv_web_app:/home/chotaehyun/ugv_ws/install/ugv_vision:/home/chotaehyun/ugv_ws/install/ugv_tools:/home/chotaehyun/ugv_ws/install/ugv_chat_ai:/home/chotaehyun/ugv_ws/install/ugv_bringup:/home/chotaehyun/ugv_ws/install/my_waver_app:/home/chotaehyun/ros2_ws/install/vehicle_control_pkg:/opt/ros/humble /usr/bin/cmake --build /home/chotaehyun/ugv_ws/build/emcl2 -- -j16 -l16
[1.440s] Invoking command in '/home/chotaehyun/ugv_ws/build/emcl2': CMAKE_PREFIX_PATH=${CMAKE_PREFIX_PATH}:/home/chotaehyun/ugv_ws/install/ugv_web_app:/home/chotaehyun/ugv_ws/install/ugv_vision:/home/chotaehyun/ugv_ws/install/ugv_tools:/home/chotaehyun/ugv_ws/install/ugv_chat_ai:/home/chotaehyun/ugv_ws/install/ugv_bringup:/home/chotaehyun/ugv_ws/install/my_waver_app:/home/chotaehyun/ros2_ws/install/vehicle_control_pkg:/opt/ros/humble /usr/bin/cmake --install /home/chotaehyun/ugv_ws/build/emcl2
[1.492s] -- Install configuration: ""
[1.493s] -- Execute custom install script
[1.494s] -- Up-to-date symlink: /home/chotaehyun/ugv_ws/install/emcl2/lib/emcl2/test.bash
[1.494s] -- Up-to-date symlink: /home/chotaehyun/ugv_ws/install/emcl2/lib/emcl2/test_gui.bash
[1.495s] -- Up-to-date symlink: /home/chotaehyun/ugv_ws/install/emcl2/include/emcl2/ExpResetMcl2.h
[1.495s] -- Up-to-date symlink: /home/chotaehyun/ugv_ws/install/emcl2/include/emcl2/LikelihoodFieldMap.h
[1.495s] -- Up-to-date symlink: /home/chotaehyun/ugv_ws/install/emcl2/include/emcl2/Mcl.h
[1.496s] -- Up-to-date symlink: /home/chotaehyun/ugv_ws/install/emcl2/include/emcl2/OdomModel.h
[1.496s] -- Up-to-date symlink: /home/chotaehyun/ugv_ws/install/emcl2/include/emcl2/Particle.h
[1.496s] -- Up-to-date symlink: /home/chotaehyun/ugv_ws/install/emcl2/include/emcl2/Pose.h
[1.497s] -- Up-to-date symlink: /home/chotaehyun/ugv_ws/install/emcl2/include/emcl2/Scan.h
[1.498s] -- Up-to-date symlink: /home/chotaehyun/ugv_ws/install/emcl2/include/emcl2/emcl2_node.h
[1.500s] -- Up-to-date symlink: /home/chotaehyun/ugv_ws/install/emcl2/lib/emcl2/emcl2_node
[1.501s] -- Up-to-date symlink: /home/chotaehyun/ugv_ws/install/emcl2/share/emcl2/config/emcl2.param.yaml
[1.502s] -- Up-to-date symlink: /home/chotaehyun/ugv_ws/install/emcl2/share/emcl2/config/emcl2_quick_start.param.yaml
[1.502s] -- Up-to-date symlink: /home/chotaehyun/ugv_ws/install/emcl2/share/emcl2/launch/emcl2.launch.py
[1.502s] -- Up-to-date symlink: /home/chotaehyun/ugv_ws/install/emcl2/share/emcl2/test/demo.bash
[1.504s] -- Up-to-date symlink: /home/chotaehyun/ugv_ws/install/emcl2/share/emcl2/test/test.bash
[1.505s] -- Up-to-date symlink: /home/chotaehyun/ugv_ws/install/emcl2/share/emcl2/test/test.launch.xml
[1.505s] -- Up-to-date symlink: /home/chotaehyun/ugv_ws/install/emcl2/share/emcl2/test/test_gui.bash
[1.505s] -- Up-to-date symlink: /home/chotaehyun/ugv_ws/install/emcl2/share/ament_index/resource_index/package_run_dependencies/emcl2
[1.505s] -- Up-to-date symlink: /home/chotaehyun/ugv_ws/install/emcl2/share/ament_index/resource_index/parent_prefix_path/emcl2
[1.505s] -- Up-to-date symlink: /home/chotaehyun/ugv_ws/install/emcl2/share/emcl2/environment/ament_prefix_path.sh
[1.505s] -- Up-to-date symlink: /home/chotaehyun/ugv_ws/install/emcl2/share/emcl2/environment/ament_prefix_path.dsv
[1.505s] -- Up-to-date symlink: /home/chotaehyun/ugv_ws/install/emcl2/share/emcl2/environment/path.sh
[1.505s] -- Up-to-date symlink: /home/chotaehyun/ugv_ws/install/emcl2/share/emcl2/environment/path.dsv
[1.505s] -- Up-to-date symlink: /home/chotaehyun/ugv_ws/install/emcl2/share/emcl2/local_setup.bash
[1.505s] -- Up-to-date symlink: /home/chotaehyun/ugv_ws/install/emcl2/share/emcl2/local_setup.sh
[1.505s] -- Up-to-date symlink: /home/chotaehyun/ugv_ws/install/emcl2/share/emcl2/local_setup.zsh
[1.506s] -- Up-to-date symlink: /home/chotaehyun/ugv_ws/install/emcl2/share/emcl2/local_setup.dsv
[1.506s] -- Symlinking: /home/chotaehyun/ugv_ws/install/emcl2/share/emcl2/package.dsv
[1.506s] -- Up-to-date symlink: /home/chotaehyun/ugv_ws/install/emcl2/share/ament_index/resource_index/packages/emcl2
[1.506s] -- Up-to-date symlink: /home/chotaehyun/ugv_ws/install/emcl2/share/emcl2/cmake/ament_cmake_export_dependencies-extras.cmake
[1.506s] -- Up-to-date symlink: /home/chotaehyun/ugv_ws/install/emcl2/share/emcl2/cmake/ament_cmake_export_include_directories-extras.cmake
[1.506s] -- Up-to-date symlink: /home/chotaehyun/ugv_ws/install/emcl2/share/emcl2/cmake/emcl2Config.cmake
[1.507s] -- Up-to-date symlink: /home/chotaehyun/ugv_ws/install/emcl2/share/emcl2/cmake/emcl2Config-version.cmake
[1.507s] -- Up-to-date symlink: /home/chotaehyun/ugv_ws/install/emcl2/share/emcl2/package.xml
[1.661s] Invoked command in '/home/chotaehyun/ugv_ws/build/emcl2' returned '0': CMAKE_PREFIX_PATH=${CMAKE_PREFIX_PATH}:/home/chotaehyun/ugv_ws/install/ugv_web_app:/home/chotaehyun/ugv_ws/install/ugv_vision:/home/chotaehyun/ugv_ws/install/ugv_tools:/home/chotaehyun/ugv_ws/install/ugv_chat_ai:/home/chotaehyun/ugv_ws/install/ugv_bringup:/home/chotaehyun/ugv_ws/install/my_waver_app:/home/chotaehyun/ros2_ws/install/vehicle_control_pkg:/opt/ros/humble /usr/bin/cmake --install /home/chotaehyun/ugv_ws/build/emcl2
