[0.097s] Invoking command in '/home/chotaehyun/ugv_ws/build/apriltag_msgs': CMAKE_PREFIX_PATH=${CMAKE_PREFIX_PATH}:/home/chotaehyun/ugv_ws/install/ugv_web_app:/home/chotaehyun/ugv_ws/install/ugv_vision:/home/chotaehyun/ugv_ws/install/ugv_tools:/home/chotaehyun/ugv_ws/install/ugv_chat_ai:/home/chotaehyun/ugv_ws/install/ugv_bringup:/home/chotaehyun/ros2_ws/install/vehicle_control_pkg:/opt/ros/humble /usr/bin/cmake --build /home/chotaehyun/ugv_ws/build/apriltag_msgs -- -j16 -l16
[0.872s] [35m[1mConsolidate compiler generated dependencies of target apriltag_msgs__rosidl_generator_c[0m
[0.873s] [  2%] Built target apriltag_msgs__cpp
[0.873s] [ 12%] Built target apriltag_msgs__rosidl_generator_c
[0.873s] [35m[1mConsolidate compiler generated dependencies of target apriltag_msgs__rosidl_typesupport_cpp[0m
[0.873s] [ 12%] Built target ament_cmake_python_symlink_apriltag_msgs
[0.873s] [35m[1mConsolidate compiler generated dependencies of target apriltag_msgs__rosidl_typesupport_c[0m
[0.873s] [35m[1mConsolidate compiler generated dependencies of target apriltag_msgs__rosidl_typesupport_introspection_cpp[0m
[0.873s] [35m[1mConsolidate compiler generated dependencies of target apriltag_msgs__rosidl_typesupport_introspection_c[0m
[0.873s] [35m[1mConsolidate compiler generated dependencies of target apriltag_msgs__rosidl_typesupport_fastrtps_cpp[0m
[0.873s] [35m[1mConsolidate compiler generated dependencies of target apriltag_msgs__rosidl_typesupport_fastrtps_c[0m
[0.873s] [ 23%] Built target apriltag_msgs__rosidl_typesupport_cpp
[0.874s] [ 33%] Built target apriltag_msgs__rosidl_typesupport_c
[0.874s] [ 43%] Built target apriltag_msgs__rosidl_typesupport_introspection_c
[0.874s] [ 64%] Built target apriltag_msgs__rosidl_typesupport_fastrtps_c
[0.874s] [ 61%] Built target apriltag_msgs__rosidl_typesupport_introspection_cpp
[0.874s] [ 74%] Built target apriltag_msgs__rosidl_typesupport_fastrtps_cpp
[0.874s] [ 74%] Built target apriltag_msgs
[0.874s] [ 76%] Built target apriltag_msgs__py
[0.874s] [35m[1mConsolidate compiler generated dependencies of target apriltag_msgs__rosidl_generator_py[0m
[0.874s] [ 84%] Built target apriltag_msgs__rosidl_generator_py
[0.874s] [35m[1mConsolidate compiler generated dependencies of target apriltag_msgs__rosidl_typesupport_introspection_c__pyext[0m
[0.874s] [35m[1mConsolidate compiler generated dependencies of target apriltag_msgs__rosidl_typesupport_c__pyext[0m
[0.874s] [35m[1mConsolidate compiler generated dependencies of target apriltag_msgs__rosidl_typesupport_fastrtps_c__pyext[0m
[0.874s] [ 89%] Built target apriltag_msgs__rosidl_typesupport_c__pyext
[0.874s] [ 94%] Built target apriltag_msgs__rosidl_typesupport_introspection_c__pyext
[0.874s] [100%] Built target apriltag_msgs__rosidl_typesupport_fastrtps_c__pyext
[0.874s] running egg_info
[0.874s] writing apriltag_msgs.egg-info/PKG-INFO
[0.874s] writing dependency_links to apriltag_msgs.egg-info/dependency_links.txt
[0.874s] writing top-level names to apriltag_msgs.egg-info/top_level.txt
[0.874s] reading manifest file 'apriltag_msgs.egg-info/SOURCES.txt'
[0.875s] writing manifest file 'apriltag_msgs.egg-info/SOURCES.txt'
[0.875s] [100%] Built target ament_cmake_python_build_apriltag_msgs_egg
[0.916s] Invoked command in '/home/chotaehyun/ugv_ws/build/apriltag_msgs' returned '0': CMAKE_PREFIX_PATH=${CMAKE_PREFIX_PATH}:/home/chotaehyun/ugv_ws/install/ugv_web_app:/home/chotaehyun/ugv_ws/install/ugv_vision:/home/chotaehyun/ugv_ws/install/ugv_tools:/home/chotaehyun/ugv_ws/install/ugv_chat_ai:/home/chotaehyun/ugv_ws/install/ugv_bringup:/home/chotaehyun/ros2_ws/install/vehicle_control_pkg:/opt/ros/humble /usr/bin/cmake --build /home/chotaehyun/ugv_ws/build/apriltag_msgs -- -j16 -l16
[0.917s] Invoking command in '/home/chotaehyun/ugv_ws/build/apriltag_msgs': CMAKE_PREFIX_PATH=${CMAKE_PREFIX_PATH}:/home/chotaehyun/ugv_ws/install/ugv_web_app:/home/chotaehyun/ugv_ws/install/ugv_vision:/home/chotaehyun/ugv_ws/install/ugv_tools:/home/chotaehyun/ugv_ws/install/ugv_chat_ai:/home/chotaehyun/ugv_ws/install/ugv_bringup:/home/chotaehyun/ros2_ws/install/vehicle_control_pkg:/opt/ros/humble /usr/bin/cmake --install /home/chotaehyun/ugv_ws/build/apriltag_msgs
[0.970s] -- Install configuration: ""
[0.970s] -- Execute custom install script
[0.970s] -- Up-to-date symlink: /home/chotaehyun/ugv_ws/install/apriltag_msgs/share/ament_index/resource_index/rosidl_interfaces/apriltag_msgs
[0.970s] -- Up-to-date symlink: /home/chotaehyun/ugv_ws/install/apriltag_msgs/include/apriltag_msgs/apriltag_msgs/msg/april_tag_detection.h
[0.971s] -- Up-to-date symlink: /home/chotaehyun/ugv_ws/install/apriltag_msgs/include/apriltag_msgs/apriltag_msgs/msg/april_tag_detection_array.h
[0.971s] -- Up-to-date symlink: /home/chotaehyun/ugv_ws/install/apriltag_msgs/include/apriltag_msgs/apriltag_msgs/msg/detail/april_tag_detection__functions.h
[0.971s] -- Up-to-date symlink: /home/chotaehyun/ugv_ws/install/apriltag_msgs/include/apriltag_msgs/apriltag_msgs/msg/detail/april_tag_detection__struct.h
[0.971s] -- Up-to-date symlink: /home/chotaehyun/ugv_ws/install/apriltag_msgs/include/apriltag_msgs/apriltag_msgs/msg/detail/april_tag_detection__type_support.h
[0.971s] -- Up-to-date symlink: /home/chotaehyun/ugv_ws/install/apriltag_msgs/include/apriltag_msgs/apriltag_msgs/msg/detail/april_tag_detection_array__functions.h
[0.971s] -- Up-to-date symlink: /home/chotaehyun/ugv_ws/install/apriltag_msgs/include/apriltag_msgs/apriltag_msgs/msg/detail/april_tag_detection_array__struct.h
[0.971s] -- Up-to-date symlink: /home/chotaehyun/ugv_ws/install/apriltag_msgs/include/apriltag_msgs/apriltag_msgs/msg/detail/april_tag_detection_array__type_support.h
[0.971s] -- Up-to-date symlink: /home/chotaehyun/ugv_ws/install/apriltag_msgs/include/apriltag_msgs/apriltag_msgs/msg/rosidl_generator_c__visibility_control.h
[0.971s] -- Up-to-date symlink: /home/chotaehyun/ugv_ws/install/apriltag_msgs/share/apriltag_msgs/environment/library_path.sh
[0.971s] -- Up-to-date symlink: /home/chotaehyun/ugv_ws/install/apriltag_msgs/share/apriltag_msgs/environment/library_path.dsv
[0.971s] -- Up-to-date symlink: /home/chotaehyun/ugv_ws/install/apriltag_msgs/include/apriltag_msgs/apriltag_msgs/msg/detail/april_tag_detection__rosidl_typesupport_fastrtps_c.h
[0.972s] -- Up-to-date symlink: /home/chotaehyun/ugv_ws/install/apriltag_msgs/include/apriltag_msgs/apriltag_msgs/msg/detail/april_tag_detection_array__rosidl_typesupport_fastrtps_c.h
[0.972s] -- Up-to-date symlink: /home/chotaehyun/ugv_ws/install/apriltag_msgs/include/apriltag_msgs/apriltag_msgs/msg/rosidl_typesupport_fastrtps_c__visibility_control.h
[0.972s] -- Up-to-date symlink: /home/chotaehyun/ugv_ws/install/apriltag_msgs/include/apriltag_msgs/apriltag_msgs/msg/april_tag_detection.hpp
[0.972s] -- Up-to-date symlink: /home/chotaehyun/ugv_ws/install/apriltag_msgs/include/apriltag_msgs/apriltag_msgs/msg/april_tag_detection_array.hpp
[0.972s] -- Up-to-date symlink: /home/chotaehyun/ugv_ws/install/apriltag_msgs/include/apriltag_msgs/apriltag_msgs/msg/detail/april_tag_detection__builder.hpp
[0.972s] -- Up-to-date symlink: /home/chotaehyun/ugv_ws/install/apriltag_msgs/include/apriltag_msgs/apriltag_msgs/msg/detail/april_tag_detection__struct.hpp
[0.972s] -- Up-to-date symlink: /home/chotaehyun/ugv_ws/install/apriltag_msgs/include/apriltag_msgs/apriltag_msgs/msg/detail/april_tag_detection__traits.hpp
[0.972s] -- Up-to-date symlink: /home/chotaehyun/ugv_ws/install/apriltag_msgs/include/apriltag_msgs/apriltag_msgs/msg/detail/april_tag_detection__type_support.hpp
[0.972s] -- Up-to-date symlink: /home/chotaehyun/ugv_ws/install/apriltag_msgs/include/apriltag_msgs/apriltag_msgs/msg/detail/april_tag_detection_array__builder.hpp
[0.972s] -- Up-to-date symlink: /home/chotaehyun/ugv_ws/install/apriltag_msgs/include/apriltag_msgs/apriltag_msgs/msg/detail/april_tag_detection_array__struct.hpp
[0.972s] -- Up-to-date symlink: /home/chotaehyun/ugv_ws/install/apriltag_msgs/include/apriltag_msgs/apriltag_msgs/msg/detail/april_tag_detection_array__traits.hpp
[0.973s] -- Up-to-date symlink: /home/chotaehyun/ugv_ws/install/apriltag_msgs/include/apriltag_msgs/apriltag_msgs/msg/detail/april_tag_detection_array__type_support.hpp
[0.973s] -- Up-to-date symlink: /home/chotaehyun/ugv_ws/install/apriltag_msgs/include/apriltag_msgs/apriltag_msgs/msg/rosidl_generator_cpp__visibility_control.hpp
[0.973s] -- Up-to-date symlink: /home/chotaehyun/ugv_ws/install/apriltag_msgs/include/apriltag_msgs/apriltag_msgs/msg/detail/april_tag_detection__rosidl_typesupport_fastrtps_cpp.hpp
[0.973s] -- Up-to-date symlink: /home/chotaehyun/ugv_ws/install/apriltag_msgs/include/apriltag_msgs/apriltag_msgs/msg/detail/april_tag_detection_array__rosidl_typesupport_fastrtps_cpp.hpp
[0.973s] -- Up-to-date symlink: /home/chotaehyun/ugv_ws/install/apriltag_msgs/include/apriltag_msgs/apriltag_msgs/msg/rosidl_typesupport_fastrtps_cpp__visibility_control.h
[0.973s] -- Up-to-date symlink: /home/chotaehyun/ugv_ws/install/apriltag_msgs/include/apriltag_msgs/apriltag_msgs/msg/detail/april_tag_detection__rosidl_typesupport_introspection_c.h
[0.973s] -- Up-to-date symlink: /home/chotaehyun/ugv_ws/install/apriltag_msgs/include/apriltag_msgs/apriltag_msgs/msg/detail/april_tag_detection_array__rosidl_typesupport_introspection_c.h
[0.973s] -- Up-to-date symlink: /home/chotaehyun/ugv_ws/install/apriltag_msgs/include/apriltag_msgs/apriltag_msgs/msg/rosidl_typesupport_introspection_c__visibility_control.h
[0.973s] -- Up-to-date symlink: /home/chotaehyun/ugv_ws/install/apriltag_msgs/include/apriltag_msgs/apriltag_msgs/msg/detail/april_tag_detection__rosidl_typesupport_introspection_cpp.hpp
[0.973s] -- Up-to-date symlink: /home/chotaehyun/ugv_ws/install/apriltag_msgs/include/apriltag_msgs/apriltag_msgs/msg/detail/april_tag_detection_array__rosidl_typesupport_introspection_cpp.hpp
[0.973s] -- Up-to-date symlink: /home/chotaehyun/ugv_ws/install/apriltag_msgs/share/apriltag_msgs/environment/pythonpath.sh
[0.974s] -- Up-to-date symlink: /home/chotaehyun/ugv_ws/install/apriltag_msgs/share/apriltag_msgs/environment/pythonpath.dsv
[0.974s] -- Up-to-date symlink: /home/chotaehyun/ugv_ws/install/apriltag_msgs/local/lib/python3.10/dist-packages/apriltag_msgs-0.0.0-py3.10.egg-info/PKG-INFO
[0.975s] -- Up-to-date symlink: /home/chotaehyun/ugv_ws/install/apriltag_msgs/local/lib/python3.10/dist-packages/apriltag_msgs-0.0.0-py3.10.egg-info/SOURCES.txt
[0.975s] -- Up-to-date symlink: /home/chotaehyun/ugv_ws/install/apriltag_msgs/local/lib/python3.10/dist-packages/apriltag_msgs-0.0.0-py3.10.egg-info/dependency_links.txt
[0.975s] -- Up-to-date symlink: /home/chotaehyun/ugv_ws/install/apriltag_msgs/local/lib/python3.10/dist-packages/apriltag_msgs-0.0.0-py3.10.egg-info/top_level.txt
[0.975s] -- Up-to-date symlink: /home/chotaehyun/ugv_ws/install/apriltag_msgs/local/lib/python3.10/dist-packages/apriltag_msgs/__init__.py
[0.975s] -- Up-to-date symlink: /home/chotaehyun/ugv_ws/install/apriltag_msgs/local/lib/python3.10/dist-packages/apriltag_msgs/_apriltag_msgs_s.ep.rosidl_typesupport_c.c
[0.975s] -- Up-to-date symlink: /home/chotaehyun/ugv_ws/install/apriltag_msgs/local/lib/python3.10/dist-packages/apriltag_msgs/_apriltag_msgs_s.ep.rosidl_typesupport_fastrtps_c.c
[0.975s] -- Up-to-date symlink: /home/chotaehyun/ugv_ws/install/apriltag_msgs/local/lib/python3.10/dist-packages/apriltag_msgs/_apriltag_msgs_s.ep.rosidl_typesupport_introspection_c.c
[0.975s] -- Up-to-date symlink: /home/chotaehyun/ugv_ws/install/apriltag_msgs/local/lib/python3.10/dist-packages/apriltag_msgs/apriltag_msgs_s__rosidl_typesupport_c.cpython-310-x86_64-linux-gnu.so
[0.975s] -- Up-to-date symlink: /home/chotaehyun/ugv_ws/install/apriltag_msgs/local/lib/python3.10/dist-packages/apriltag_msgs/apriltag_msgs_s__rosidl_typesupport_fastrtps_c.cpython-310-x86_64-linux-gnu.so
[0.975s] -- Up-to-date symlink: /home/chotaehyun/ugv_ws/install/apriltag_msgs/local/lib/python3.10/dist-packages/apriltag_msgs/apriltag_msgs_s__rosidl_typesupport_introspection_c.cpython-310-x86_64-linux-gnu.so
[0.975s] -- Up-to-date symlink: /home/chotaehyun/ugv_ws/install/apriltag_msgs/local/lib/python3.10/dist-packages/apriltag_msgs/libapriltag_msgs__rosidl_generator_py.so
[0.976s] -- Up-to-date symlink: /home/chotaehyun/ugv_ws/install/apriltag_msgs/local/lib/python3.10/dist-packages/apriltag_msgs/msg/__init__.py
[0.976s] -- Up-to-date symlink: /home/chotaehyun/ugv_ws/install/apriltag_msgs/local/lib/python3.10/dist-packages/apriltag_msgs/msg/_april_tag_detection.py
[0.976s] -- Up-to-date symlink: /home/chotaehyun/ugv_ws/install/apriltag_msgs/local/lib/python3.10/dist-packages/apriltag_msgs/msg/_april_tag_detection_array.py
[0.976s] -- Up-to-date symlink: /home/chotaehyun/ugv_ws/install/apriltag_msgs/local/lib/python3.10/dist-packages/apriltag_msgs/msg/_april_tag_detection_array_s.c
[0.976s] -- Up-to-date symlink: /home/chotaehyun/ugv_ws/install/apriltag_msgs/local/lib/python3.10/dist-packages/apriltag_msgs/msg/_april_tag_detection_s.c
[0.976s] -- Up-to-date symlink: /home/chotaehyun/ugv_ws/install/apriltag_msgs/local/lib/python3.10/dist-packages/apriltag_msgs/apriltag_msgs_s__rosidl_typesupport_fastrtps_c.cpython-310-x86_64-linux-gnu.so
[0.976s] -- Up-to-date symlink: /home/chotaehyun/ugv_ws/install/apriltag_msgs/local/lib/python3.10/dist-packages/apriltag_msgs/apriltag_msgs_s__rosidl_typesupport_introspection_c.cpython-310-x86_64-linux-gnu.so
[0.976s] -- Up-to-date symlink: /home/chotaehyun/ugv_ws/install/apriltag_msgs/local/lib/python3.10/dist-packages/apriltag_msgs/apriltag_msgs_s__rosidl_typesupport_c.cpython-310-x86_64-linux-gnu.so
[0.976s] -- Up-to-date symlink: /home/chotaehyun/ugv_ws/install/apriltag_msgs/share/apriltag_msgs/msg/AprilTagDetectionArray.idl
[0.976s] -- Up-to-date symlink: /home/chotaehyun/ugv_ws/install/apriltag_msgs/share/apriltag_msgs/msg/AprilTagDetection.idl
[0.976s] -- Up-to-date symlink: /home/chotaehyun/ugv_ws/install/apriltag_msgs/share/apriltag_msgs/msg/AprilTagDetectionArray.msg
[0.976s] -- Up-to-date symlink: /home/chotaehyun/ugv_ws/install/apriltag_msgs/share/apriltag_msgs/msg/AprilTagDetection.msg
[0.976s] -- Up-to-date symlink: /home/chotaehyun/ugv_ws/install/apriltag_msgs/share/ament_index/resource_index/package_run_dependencies/apriltag_msgs
[0.976s] -- Up-to-date symlink: /home/chotaehyun/ugv_ws/install/apriltag_msgs/share/ament_index/resource_index/parent_prefix_path/apriltag_msgs
[0.976s] -- Up-to-date symlink: /home/chotaehyun/ugv_ws/install/apriltag_msgs/share/apriltag_msgs/environment/ament_prefix_path.sh
[0.976s] -- Up-to-date symlink: /home/chotaehyun/ugv_ws/install/apriltag_msgs/share/apriltag_msgs/environment/ament_prefix_path.dsv
[0.977s] -- Up-to-date symlink: /home/chotaehyun/ugv_ws/install/apriltag_msgs/share/apriltag_msgs/environment/path.sh
[0.977s] -- Up-to-date symlink: /home/chotaehyun/ugv_ws/install/apriltag_msgs/share/apriltag_msgs/environment/path.dsv
[0.977s] -- Up-to-date symlink: /home/chotaehyun/ugv_ws/install/apriltag_msgs/share/apriltag_msgs/local_setup.bash
[0.977s] -- Up-to-date symlink: /home/chotaehyun/ugv_ws/install/apriltag_msgs/share/apriltag_msgs/local_setup.sh
[0.977s] -- Up-to-date symlink: /home/chotaehyun/ugv_ws/install/apriltag_msgs/share/apriltag_msgs/local_setup.zsh
[0.977s] -- Up-to-date symlink: /home/chotaehyun/ugv_ws/install/apriltag_msgs/share/apriltag_msgs/local_setup.dsv
[0.977s] -- Symlinking: /home/chotaehyun/ugv_ws/install/apriltag_msgs/share/apriltag_msgs/package.dsv
[0.982s] -- Up-to-date symlink: /home/chotaehyun/ugv_ws/install/apriltag_msgs/share/ament_index/resource_index/packages/apriltag_msgs
[0.982s] -- Up-to-date symlink: /home/chotaehyun/ugv_ws/install/apriltag_msgs/share/apriltag_msgs/cmake/rosidl_cmake-extras.cmake
[0.983s] -- Up-to-date symlink: /home/chotaehyun/ugv_ws/install/apriltag_msgs/share/apriltag_msgs/cmake/ament_cmake_export_dependencies-extras.cmake
[0.983s] -- Up-to-date symlink: /home/chotaehyun/ugv_ws/install/apriltag_msgs/share/apriltag_msgs/cmake/ament_cmake_export_include_directories-extras.cmake
[0.983s] -- Up-to-date symlink: /home/chotaehyun/ugv_ws/install/apriltag_msgs/share/apriltag_msgs/cmake/ament_cmake_export_libraries-extras.cmake
[0.983s] -- Up-to-date symlink: /home/chotaehyun/ugv_ws/install/apriltag_msgs/share/apriltag_msgs/cmake/ament_cmake_export_targets-extras.cmake
[0.983s] -- Up-to-date symlink: /home/chotaehyun/ugv_ws/install/apriltag_msgs/share/apriltag_msgs/cmake/rosidl_cmake_export_typesupport_targets-extras.cmake
[0.983s] -- Up-to-date symlink: /home/chotaehyun/ugv_ws/install/apriltag_msgs/share/apriltag_msgs/cmake/rosidl_cmake_export_typesupport_libraries-extras.cmake
[0.983s] -- Up-to-date symlink: /home/chotaehyun/ugv_ws/install/apriltag_msgs/share/apriltag_msgs/cmake/apriltag_msgsConfig.cmake
[0.984s] -- Up-to-date symlink: /home/chotaehyun/ugv_ws/install/apriltag_msgs/share/apriltag_msgs/cmake/apriltag_msgsConfig-version.cmake
[0.985s] -- Up-to-date symlink: /home/chotaehyun/ugv_ws/install/apriltag_msgs/share/apriltag_msgs/package.xml
[0.985s] -- Up-to-date: /home/chotaehyun/ugv_ws/install/apriltag_msgs/lib/libapriltag_msgs__rosidl_generator_c.so
[0.986s] -- Up-to-date: /home/chotaehyun/ugv_ws/install/apriltag_msgs/lib/libapriltag_msgs__rosidl_typesupport_fastrtps_c.so
[0.986s] -- Up-to-date: /home/chotaehyun/ugv_ws/install/apriltag_msgs/lib/libapriltag_msgs__rosidl_typesupport_fastrtps_cpp.so
[0.986s] -- Up-to-date: /home/chotaehyun/ugv_ws/install/apriltag_msgs/lib/libapriltag_msgs__rosidl_typesupport_introspection_c.so
[0.986s] -- Up-to-date: /home/chotaehyun/ugv_ws/install/apriltag_msgs/lib/libapriltag_msgs__rosidl_typesupport_c.so
[0.987s] -- Up-to-date: /home/chotaehyun/ugv_ws/install/apriltag_msgs/lib/libapriltag_msgs__rosidl_typesupport_introspection_cpp.so
[0.987s] -- Up-to-date: /home/chotaehyun/ugv_ws/install/apriltag_msgs/lib/libapriltag_msgs__rosidl_typesupport_cpp.so
[1.000s] Listing '/home/chotaehyun/ugv_ws/install/apriltag_msgs/local/lib/python3.10/dist-packages/apriltag_msgs'...
[1.000s] Listing '/home/chotaehyun/ugv_ws/install/apriltag_msgs/local/lib/python3.10/dist-packages/apriltag_msgs/msg'...
[1.000s] -- Up-to-date: /home/chotaehyun/ugv_ws/install/apriltag_msgs/lib/libapriltag_msgs__rosidl_generator_py.so
[1.000s] -- Up-to-date: /home/chotaehyun/ugv_ws/install/apriltag_msgs/share/apriltag_msgs/cmake/export_apriltag_msgs__rosidl_generator_cExport.cmake
[1.000s] -- Up-to-date: /home/chotaehyun/ugv_ws/install/apriltag_msgs/share/apriltag_msgs/cmake/export_apriltag_msgs__rosidl_generator_cExport-noconfig.cmake
[1.000s] -- Up-to-date: /home/chotaehyun/ugv_ws/install/apriltag_msgs/share/apriltag_msgs/cmake/export_apriltag_msgs__rosidl_typesupport_fastrtps_cExport.cmake
[1.000s] -- Up-to-date: /home/chotaehyun/ugv_ws/install/apriltag_msgs/share/apriltag_msgs/cmake/export_apriltag_msgs__rosidl_typesupport_fastrtps_cExport-noconfig.cmake
[1.000s] -- Up-to-date: /home/chotaehyun/ugv_ws/install/apriltag_msgs/share/apriltag_msgs/cmake/export_apriltag_msgs__rosidl_generator_cppExport.cmake
[1.001s] -- Up-to-date: /home/chotaehyun/ugv_ws/install/apriltag_msgs/share/apriltag_msgs/cmake/export_apriltag_msgs__rosidl_typesupport_fastrtps_cppExport.cmake
[1.001s] -- Up-to-date: /home/chotaehyun/ugv_ws/install/apriltag_msgs/share/apriltag_msgs/cmake/export_apriltag_msgs__rosidl_typesupport_fastrtps_cppExport-noconfig.cmake
[1.001s] -- Up-to-date: /home/chotaehyun/ugv_ws/install/apriltag_msgs/share/apriltag_msgs/cmake/apriltag_msgs__rosidl_typesupport_introspection_cExport.cmake
[1.001s] -- Up-to-date: /home/chotaehyun/ugv_ws/install/apriltag_msgs/share/apriltag_msgs/cmake/apriltag_msgs__rosidl_typesupport_introspection_cExport-noconfig.cmake
[1.002s] -- Up-to-date: /home/chotaehyun/ugv_ws/install/apriltag_msgs/share/apriltag_msgs/cmake/apriltag_msgs__rosidl_typesupport_cExport.cmake
[1.002s] -- Up-to-date: /home/chotaehyun/ugv_ws/install/apriltag_msgs/share/apriltag_msgs/cmake/apriltag_msgs__rosidl_typesupport_cExport-noconfig.cmake
[1.002s] -- Up-to-date: /home/chotaehyun/ugv_ws/install/apriltag_msgs/share/apriltag_msgs/cmake/apriltag_msgs__rosidl_typesupport_introspection_cppExport.cmake
[1.002s] -- Up-to-date: /home/chotaehyun/ugv_ws/install/apriltag_msgs/share/apriltag_msgs/cmake/apriltag_msgs__rosidl_typesupport_introspection_cppExport-noconfig.cmake
[1.002s] -- Up-to-date: /home/chotaehyun/ugv_ws/install/apriltag_msgs/share/apriltag_msgs/cmake/apriltag_msgs__rosidl_typesupport_cppExport.cmake
[1.003s] -- Up-to-date: /home/chotaehyun/ugv_ws/install/apriltag_msgs/share/apriltag_msgs/cmake/apriltag_msgs__rosidl_typesupport_cppExport-noconfig.cmake
[1.003s] -- Up-to-date: /home/chotaehyun/ugv_ws/install/apriltag_msgs/share/apriltag_msgs/cmake/export_apriltag_msgs__rosidl_generator_pyExport.cmake
[1.003s] -- Up-to-date: /home/chotaehyun/ugv_ws/install/apriltag_msgs/share/apriltag_msgs/cmake/export_apriltag_msgs__rosidl_generator_pyExport-noconfig.cmake
[1.197s] Invoked command in '/home/chotaehyun/ugv_ws/build/apriltag_msgs' returned '0': CMAKE_PREFIX_PATH=${CMAKE_PREFIX_PATH}:/home/chotaehyun/ugv_ws/install/ugv_web_app:/home/chotaehyun/ugv_ws/install/ugv_vision:/home/chotaehyun/ugv_ws/install/ugv_tools:/home/chotaehyun/ugv_ws/install/ugv_chat_ai:/home/chotaehyun/ugv_ws/install/ugv_bringup:/home/chotaehyun/ros2_ws/install/vehicle_control_pkg:/opt/ros/humble /usr/bin/cmake --install /home/chotaehyun/ugv_ws/build/apriltag_msgs
