[0.125s] Invoking command in '/home/chotaehyun/ugv_ws/build/apriltag_msgs': CMAKE_PREFIX_PATH=${CMAKE_PREFIX_PATH}:/home/chotaehyun/ugv_ws/install/ugv_web_app:/home/chotaehyun/ugv_ws/install/ugv_vision:/home/chotaehyun/ugv_ws/install/ugv_tools:/home/chotaehyun/ugv_ws/install/ugv_chat_ai:/home/chotaehyun/ugv_ws/install/ugv_bringup:/home/chotaehyun/ugv_ws/install/my_waver_app:/home/chotaehyun/ros2_ws/install/vehicle_control_pkg:/opt/ros/humble /usr/bin/cmake --build /home/chotaehyun/ugv_ws/build/apriltag_msgs -- -j16 -l16
[1.607s] [  2%] Built target apriltag_msgs__cpp
[1.607s] [ 12%] Built target apriltag_msgs__rosidl_generator_c
[1.607s] [ 12%] Built target ament_cmake_python_symlink_apriltag_msgs
[1.607s] [ 23%] Built target apriltag_msgs__rosidl_typesupport_fastrtps_cpp
[1.607s] [ 33%] Built target apriltag_msgs__rosidl_typesupport_cpp
[1.607s] [ 43%] Built target apriltag_msgs__rosidl_typesupport_introspection_c
[1.607s] [ 53%] Built target apriltag_msgs__rosidl_typesupport_introspection_cpp
[1.607s] [ 64%] Built target apriltag_msgs__rosidl_typesupport_fastrtps_c
[1.607s] [ 74%] Built target apriltag_msgs__rosidl_typesupport_c
[1.607s] [ 74%] Built target apriltag_msgs
[1.608s] [ 76%] Built target apriltag_msgs__py
[1.609s] [ 84%] Built target apriltag_msgs__rosidl_generator_py
[1.609s] [ 89%] Built target apriltag_msgs__rosidl_typesupport_introspection_c__pyext
[1.609s] [100%] Built target apriltag_msgs__rosidl_typesupport_c__pyext
[1.609s] [100%] Built target apriltag_msgs__rosidl_typesupport_fastrtps_c__pyext
[1.609s] running egg_info
[1.609s] writing apriltag_msgs.egg-info/PKG-INFO
[1.609s] writing dependency_links to apriltag_msgs.egg-info/dependency_links.txt
[1.609s] writing top-level names to apriltag_msgs.egg-info/top_level.txt
[1.609s] reading manifest file 'apriltag_msgs.egg-info/SOURCES.txt'
[1.609s] writing manifest file 'apriltag_msgs.egg-info/SOURCES.txt'
[1.609s] [100%] Built target ament_cmake_python_build_apriltag_msgs_egg
[1.672s] Invoked command in '/home/chotaehyun/ugv_ws/build/apriltag_msgs' returned '0': CMAKE_PREFIX_PATH=${CMAKE_PREFIX_PATH}:/home/chotaehyun/ugv_ws/install/ugv_web_app:/home/chotaehyun/ugv_ws/install/ugv_vision:/home/chotaehyun/ugv_ws/install/ugv_tools:/home/chotaehyun/ugv_ws/install/ugv_chat_ai:/home/chotaehyun/ugv_ws/install/ugv_bringup:/home/chotaehyun/ugv_ws/install/my_waver_app:/home/chotaehyun/ros2_ws/install/vehicle_control_pkg:/opt/ros/humble /usr/bin/cmake --build /home/chotaehyun/ugv_ws/build/apriltag_msgs -- -j16 -l16
[1.676s] Invoking command in '/home/chotaehyun/ugv_ws/build/apriltag_msgs': CMAKE_PREFIX_PATH=${CMAKE_PREFIX_PATH}:/home/chotaehyun/ugv_ws/install/ugv_web_app:/home/chotaehyun/ugv_ws/install/ugv_vision:/home/chotaehyun/ugv_ws/install/ugv_tools:/home/chotaehyun/ugv_ws/install/ugv_chat_ai:/home/chotaehyun/ugv_ws/install/ugv_bringup:/home/chotaehyun/ugv_ws/install/my_waver_app:/home/chotaehyun/ros2_ws/install/vehicle_control_pkg:/opt/ros/humble /usr/bin/cmake --install /home/chotaehyun/ugv_ws/build/apriltag_msgs
[1.775s] -- Install configuration: ""
[1.775s] -- Execute custom install script
[1.776s] -- Up-to-date symlink: /home/chotaehyun/ugv_ws/install/apriltag_msgs/share/ament_index/resource_index/rosidl_interfaces/apriltag_msgs
[1.776s] -- Up-to-date symlink: /home/chotaehyun/ugv_ws/install/apriltag_msgs/include/apriltag_msgs/apriltag_msgs/msg/april_tag_detection.h
[1.776s] -- Up-to-date symlink: /home/chotaehyun/ugv_ws/install/apriltag_msgs/include/apriltag_msgs/apriltag_msgs/msg/april_tag_detection_array.h
[1.776s] -- Up-to-date symlink: /home/chotaehyun/ugv_ws/install/apriltag_msgs/include/apriltag_msgs/apriltag_msgs/msg/detail/april_tag_detection__functions.h
[1.776s] -- Up-to-date symlink: /home/chotaehyun/ugv_ws/install/apriltag_msgs/include/apriltag_msgs/apriltag_msgs/msg/detail/april_tag_detection__struct.h
[1.776s] -- Up-to-date symlink: /home/chotaehyun/ugv_ws/install/apriltag_msgs/include/apriltag_msgs/apriltag_msgs/msg/detail/april_tag_detection__type_support.h
[1.776s] -- Up-to-date symlink: /home/chotaehyun/ugv_ws/install/apriltag_msgs/include/apriltag_msgs/apriltag_msgs/msg/detail/april_tag_detection_array__functions.h
[1.776s] -- Up-to-date symlink: /home/chotaehyun/ugv_ws/install/apriltag_msgs/include/apriltag_msgs/apriltag_msgs/msg/detail/april_tag_detection_array__struct.h
[1.776s] -- Up-to-date symlink: /home/chotaehyun/ugv_ws/install/apriltag_msgs/include/apriltag_msgs/apriltag_msgs/msg/detail/april_tag_detection_array__type_support.h
[1.776s] -- Up-to-date symlink: /home/chotaehyun/ugv_ws/install/apriltag_msgs/include/apriltag_msgs/apriltag_msgs/msg/rosidl_generator_c__visibility_control.h
[1.776s] -- Up-to-date symlink: /home/chotaehyun/ugv_ws/install/apriltag_msgs/share/apriltag_msgs/environment/library_path.sh
[1.776s] -- Up-to-date symlink: /home/chotaehyun/ugv_ws/install/apriltag_msgs/share/apriltag_msgs/environment/library_path.dsv
[1.777s] -- Up-to-date symlink: /home/chotaehyun/ugv_ws/install/apriltag_msgs/include/apriltag_msgs/apriltag_msgs/msg/detail/april_tag_detection__rosidl_typesupport_fastrtps_c.h
[1.777s] -- Up-to-date symlink: /home/chotaehyun/ugv_ws/install/apriltag_msgs/include/apriltag_msgs/apriltag_msgs/msg/detail/april_tag_detection_array__rosidl_typesupport_fastrtps_c.h
[1.777s] -- Up-to-date symlink: /home/chotaehyun/ugv_ws/install/apriltag_msgs/include/apriltag_msgs/apriltag_msgs/msg/rosidl_typesupport_fastrtps_c__visibility_control.h
[1.777s] -- Up-to-date symlink: /home/chotaehyun/ugv_ws/install/apriltag_msgs/include/apriltag_msgs/apriltag_msgs/msg/april_tag_detection.hpp
[1.777s] -- Up-to-date symlink: /home/chotaehyun/ugv_ws/install/apriltag_msgs/include/apriltag_msgs/apriltag_msgs/msg/april_tag_detection_array.hpp
[1.777s] -- Up-to-date symlink: /home/chotaehyun/ugv_ws/install/apriltag_msgs/include/apriltag_msgs/apriltag_msgs/msg/detail/april_tag_detection__builder.hpp
[1.777s] -- Up-to-date symlink: /home/chotaehyun/ugv_ws/install/apriltag_msgs/include/apriltag_msgs/apriltag_msgs/msg/detail/april_tag_detection__struct.hpp
[1.777s] -- Up-to-date symlink: /home/chotaehyun/ugv_ws/install/apriltag_msgs/include/apriltag_msgs/apriltag_msgs/msg/detail/april_tag_detection__traits.hpp
[1.777s] -- Up-to-date symlink: /home/chotaehyun/ugv_ws/install/apriltag_msgs/include/apriltag_msgs/apriltag_msgs/msg/detail/april_tag_detection__type_support.hpp
[1.777s] -- Up-to-date symlink: /home/chotaehyun/ugv_ws/install/apriltag_msgs/include/apriltag_msgs/apriltag_msgs/msg/detail/april_tag_detection_array__builder.hpp
[1.777s] -- Up-to-date symlink: /home/chotaehyun/ugv_ws/install/apriltag_msgs/include/apriltag_msgs/apriltag_msgs/msg/detail/april_tag_detection_array__struct.hpp
[1.777s] -- Up-to-date symlink: /home/chotaehyun/ugv_ws/install/apriltag_msgs/include/apriltag_msgs/apriltag_msgs/msg/detail/april_tag_detection_array__traits.hpp
[1.778s] -- Up-to-date symlink: /home/chotaehyun/ugv_ws/install/apriltag_msgs/include/apriltag_msgs/apriltag_msgs/msg/detail/april_tag_detection_array__type_support.hpp
[1.778s] -- Up-to-date symlink: /home/chotaehyun/ugv_ws/install/apriltag_msgs/include/apriltag_msgs/apriltag_msgs/msg/rosidl_generator_cpp__visibility_control.hpp
[1.778s] -- Up-to-date symlink: /home/chotaehyun/ugv_ws/install/apriltag_msgs/include/apriltag_msgs/apriltag_msgs/msg/detail/april_tag_detection__rosidl_typesupport_fastrtps_cpp.hpp
[1.778s] -- Up-to-date symlink: /home/chotaehyun/ugv_ws/install/apriltag_msgs/include/apriltag_msgs/apriltag_msgs/msg/detail/april_tag_detection_array__rosidl_typesupport_fastrtps_cpp.hpp
[1.778s] -- Up-to-date symlink: /home/chotaehyun/ugv_ws/install/apriltag_msgs/include/apriltag_msgs/apriltag_msgs/msg/rosidl_typesupport_fastrtps_cpp__visibility_control.h
[1.778s] -- Up-to-date symlink: /home/chotaehyun/ugv_ws/install/apriltag_msgs/include/apriltag_msgs/apriltag_msgs/msg/detail/april_tag_detection__rosidl_typesupport_introspection_c.h
[1.778s] -- Up-to-date symlink: /home/chotaehyun/ugv_ws/install/apriltag_msgs/include/apriltag_msgs/apriltag_msgs/msg/detail/april_tag_detection_array__rosidl_typesupport_introspection_c.h
[1.778s] -- Up-to-date symlink: /home/chotaehyun/ugv_ws/install/apriltag_msgs/include/apriltag_msgs/apriltag_msgs/msg/rosidl_typesupport_introspection_c__visibility_control.h
[1.779s] -- Up-to-date symlink: /home/chotaehyun/ugv_ws/install/apriltag_msgs/include/apriltag_msgs/apriltag_msgs/msg/detail/april_tag_detection__rosidl_typesupport_introspection_cpp.hpp
[1.781s] -- Up-to-date symlink: /home/chotaehyun/ugv_ws/install/apriltag_msgs/include/apriltag_msgs/apriltag_msgs/msg/detail/april_tag_detection_array__rosidl_typesupport_introspection_cpp.hpp
[1.781s] -- Up-to-date symlink: /home/chotaehyun/ugv_ws/install/apriltag_msgs/share/apriltag_msgs/environment/pythonpath.sh
[1.782s] -- Up-to-date symlink: /home/chotaehyun/ugv_ws/install/apriltag_msgs/share/apriltag_msgs/environment/pythonpath.dsv
[1.782s] -- Up-to-date symlink: /home/chotaehyun/ugv_ws/install/apriltag_msgs/local/lib/python3.10/dist-packages/apriltag_msgs-0.0.0-py3.10.egg-info/PKG-INFO
[1.782s] -- Up-to-date symlink: /home/chotaehyun/ugv_ws/install/apriltag_msgs/local/lib/python3.10/dist-packages/apriltag_msgs-0.0.0-py3.10.egg-info/SOURCES.txt
[1.782s] -- Up-to-date symlink: /home/chotaehyun/ugv_ws/install/apriltag_msgs/local/lib/python3.10/dist-packages/apriltag_msgs-0.0.0-py3.10.egg-info/dependency_links.txt
[1.782s] -- Up-to-date symlink: /home/chotaehyun/ugv_ws/install/apriltag_msgs/local/lib/python3.10/dist-packages/apriltag_msgs-0.0.0-py3.10.egg-info/top_level.txt
[1.784s] -- Up-to-date symlink: /home/chotaehyun/ugv_ws/install/apriltag_msgs/local/lib/python3.10/dist-packages/apriltag_msgs/__init__.py
[1.784s] -- Up-to-date symlink: /home/chotaehyun/ugv_ws/install/apriltag_msgs/local/lib/python3.10/dist-packages/apriltag_msgs/_apriltag_msgs_s.ep.rosidl_typesupport_c.c
[1.786s] -- Up-to-date symlink: /home/chotaehyun/ugv_ws/install/apriltag_msgs/local/lib/python3.10/dist-packages/apriltag_msgs/_apriltag_msgs_s.ep.rosidl_typesupport_fastrtps_c.c
[1.791s] -- Up-to-date symlink: /home/chotaehyun/ugv_ws/install/apriltag_msgs/local/lib/python3.10/dist-packages/apriltag_msgs/_apriltag_msgs_s.ep.rosidl_typesupport_introspection_c.c
[1.793s] -- Up-to-date symlink: /home/chotaehyun/ugv_ws/install/apriltag_msgs/local/lib/python3.10/dist-packages/apriltag_msgs/apriltag_msgs_s__rosidl_typesupport_c.cpython-310-x86_64-linux-gnu.so
[1.793s] -- Up-to-date symlink: /home/chotaehyun/ugv_ws/install/apriltag_msgs/local/lib/python3.10/dist-packages/apriltag_msgs/apriltag_msgs_s__rosidl_typesupport_fastrtps_c.cpython-310-x86_64-linux-gnu.so
[1.793s] -- Up-to-date symlink: /home/chotaehyun/ugv_ws/install/apriltag_msgs/local/lib/python3.10/dist-packages/apriltag_msgs/apriltag_msgs_s__rosidl_typesupport_introspection_c.cpython-310-x86_64-linux-gnu.so
[1.793s] -- Up-to-date symlink: /home/chotaehyun/ugv_ws/install/apriltag_msgs/local/lib/python3.10/dist-packages/apriltag_msgs/libapriltag_msgs__rosidl_generator_py.so
[1.794s] -- Up-to-date symlink: /home/chotaehyun/ugv_ws/install/apriltag_msgs/local/lib/python3.10/dist-packages/apriltag_msgs/msg/__init__.py
[1.794s] -- Up-to-date symlink: /home/chotaehyun/ugv_ws/install/apriltag_msgs/local/lib/python3.10/dist-packages/apriltag_msgs/msg/_april_tag_detection.py
[1.794s] -- Up-to-date symlink: /home/chotaehyun/ugv_ws/install/apriltag_msgs/local/lib/python3.10/dist-packages/apriltag_msgs/msg/_april_tag_detection_array.py
[1.794s] -- Up-to-date symlink: /home/chotaehyun/ugv_ws/install/apriltag_msgs/local/lib/python3.10/dist-packages/apriltag_msgs/msg/_april_tag_detection_array_s.c
[1.795s] -- Up-to-date symlink: /home/chotaehyun/ugv_ws/install/apriltag_msgs/local/lib/python3.10/dist-packages/apriltag_msgs/msg/_april_tag_detection_s.c
[1.795s] -- Up-to-date symlink: /home/chotaehyun/ugv_ws/install/apriltag_msgs/local/lib/python3.10/dist-packages/apriltag_msgs/apriltag_msgs_s__rosidl_typesupport_fastrtps_c.cpython-310-x86_64-linux-gnu.so
[1.795s] -- Up-to-date symlink: /home/chotaehyun/ugv_ws/install/apriltag_msgs/local/lib/python3.10/dist-packages/apriltag_msgs/apriltag_msgs_s__rosidl_typesupport_introspection_c.cpython-310-x86_64-linux-gnu.so
[1.795s] -- Up-to-date symlink: /home/chotaehyun/ugv_ws/install/apriltag_msgs/local/lib/python3.10/dist-packages/apriltag_msgs/apriltag_msgs_s__rosidl_typesupport_c.cpython-310-x86_64-linux-gnu.so
[1.795s] -- Up-to-date symlink: /home/chotaehyun/ugv_ws/install/apriltag_msgs/share/apriltag_msgs/msg/AprilTagDetectionArray.idl
[1.795s] -- Up-to-date symlink: /home/chotaehyun/ugv_ws/install/apriltag_msgs/share/apriltag_msgs/msg/AprilTagDetection.idl
[1.795s] -- Up-to-date symlink: /home/chotaehyun/ugv_ws/install/apriltag_msgs/share/apriltag_msgs/msg/AprilTagDetectionArray.msg
[1.795s] -- Up-to-date symlink: /home/chotaehyun/ugv_ws/install/apriltag_msgs/share/apriltag_msgs/msg/AprilTagDetection.msg
[1.795s] -- Up-to-date symlink: /home/chotaehyun/ugv_ws/install/apriltag_msgs/share/ament_index/resource_index/package_run_dependencies/apriltag_msgs
[1.796s] -- Up-to-date symlink: /home/chotaehyun/ugv_ws/install/apriltag_msgs/share/ament_index/resource_index/parent_prefix_path/apriltag_msgs
[1.796s] -- Up-to-date symlink: /home/chotaehyun/ugv_ws/install/apriltag_msgs/share/apriltag_msgs/environment/ament_prefix_path.sh
[1.796s] -- Up-to-date symlink: /home/chotaehyun/ugv_ws/install/apriltag_msgs/share/apriltag_msgs/environment/ament_prefix_path.dsv
[1.796s] -- Up-to-date symlink: /home/chotaehyun/ugv_ws/install/apriltag_msgs/share/apriltag_msgs/environment/path.sh
[1.796s] -- Up-to-date symlink: /home/chotaehyun/ugv_ws/install/apriltag_msgs/share/apriltag_msgs/environment/path.dsv
[1.796s] -- Up-to-date symlink: /home/chotaehyun/ugv_ws/install/apriltag_msgs/share/apriltag_msgs/local_setup.bash
[1.796s] -- Up-to-date symlink: /home/chotaehyun/ugv_ws/install/apriltag_msgs/share/apriltag_msgs/local_setup.sh
[1.797s] -- Up-to-date symlink: /home/chotaehyun/ugv_ws/install/apriltag_msgs/share/apriltag_msgs/local_setup.zsh
[1.797s] -- Up-to-date symlink: /home/chotaehyun/ugv_ws/install/apriltag_msgs/share/apriltag_msgs/local_setup.dsv
[1.797s] -- Symlinking: /home/chotaehyun/ugv_ws/install/apriltag_msgs/share/apriltag_msgs/package.dsv
[1.817s] -- Up-to-date symlink: /home/chotaehyun/ugv_ws/install/apriltag_msgs/share/ament_index/resource_index/packages/apriltag_msgs
[1.818s] -- Up-to-date symlink: /home/chotaehyun/ugv_ws/install/apriltag_msgs/share/apriltag_msgs/cmake/rosidl_cmake-extras.cmake
[1.819s] -- Up-to-date symlink: /home/chotaehyun/ugv_ws/install/apriltag_msgs/share/apriltag_msgs/cmake/ament_cmake_export_dependencies-extras.cmake
[1.820s] -- Up-to-date symlink: /home/chotaehyun/ugv_ws/install/apriltag_msgs/share/apriltag_msgs/cmake/ament_cmake_export_include_directories-extras.cmake
[1.820s] -- Up-to-date symlink: /home/chotaehyun/ugv_ws/install/apriltag_msgs/share/apriltag_msgs/cmake/ament_cmake_export_libraries-extras.cmake
[1.820s] -- Up-to-date symlink: /home/chotaehyun/ugv_ws/install/apriltag_msgs/share/apriltag_msgs/cmake/ament_cmake_export_targets-extras.cmake
[1.821s] -- Up-to-date symlink: /home/chotaehyun/ugv_ws/install/apriltag_msgs/share/apriltag_msgs/cmake/rosidl_cmake_export_typesupport_targets-extras.cmake
[1.821s] -- Up-to-date symlink: /home/chotaehyun/ugv_ws/install/apriltag_msgs/share/apriltag_msgs/cmake/rosidl_cmake_export_typesupport_libraries-extras.cmake
[1.821s] -- Up-to-date symlink: /home/chotaehyun/ugv_ws/install/apriltag_msgs/share/apriltag_msgs/cmake/apriltag_msgsConfig.cmake
[1.821s] -- Up-to-date symlink: /home/chotaehyun/ugv_ws/install/apriltag_msgs/share/apriltag_msgs/cmake/apriltag_msgsConfig-version.cmake
[1.821s] -- Up-to-date symlink: /home/chotaehyun/ugv_ws/install/apriltag_msgs/share/apriltag_msgs/package.xml
[1.821s] -- Up-to-date: /home/chotaehyun/ugv_ws/install/apriltag_msgs/lib/libapriltag_msgs__rosidl_generator_c.so
[1.821s] -- Up-to-date: /home/chotaehyun/ugv_ws/install/apriltag_msgs/lib/libapriltag_msgs__rosidl_typesupport_fastrtps_c.so
[1.821s] -- Up-to-date: /home/chotaehyun/ugv_ws/install/apriltag_msgs/lib/libapriltag_msgs__rosidl_typesupport_fastrtps_cpp.so
[1.822s] -- Up-to-date: /home/chotaehyun/ugv_ws/install/apriltag_msgs/lib/libapriltag_msgs__rosidl_typesupport_introspection_c.so
[1.822s] -- Up-to-date: /home/chotaehyun/ugv_ws/install/apriltag_msgs/lib/libapriltag_msgs__rosidl_typesupport_c.so
[1.822s] -- Up-to-date: /home/chotaehyun/ugv_ws/install/apriltag_msgs/lib/libapriltag_msgs__rosidl_typesupport_introspection_cpp.so
[1.822s] -- Up-to-date: /home/chotaehyun/ugv_ws/install/apriltag_msgs/lib/libapriltag_msgs__rosidl_typesupport_cpp.so
[1.832s] Listing '/home/chotaehyun/ugv_ws/install/apriltag_msgs/local/lib/python3.10/dist-packages/apriltag_msgs'...
[1.833s] Listing '/home/chotaehyun/ugv_ws/install/apriltag_msgs/local/lib/python3.10/dist-packages/apriltag_msgs/msg'...
[1.833s] -- Up-to-date: /home/chotaehyun/ugv_ws/install/apriltag_msgs/lib/libapriltag_msgs__rosidl_generator_py.so
[1.833s] -- Up-to-date: /home/chotaehyun/ugv_ws/install/apriltag_msgs/share/apriltag_msgs/cmake/export_apriltag_msgs__rosidl_generator_cExport.cmake
[1.833s] -- Up-to-date: /home/chotaehyun/ugv_ws/install/apriltag_msgs/share/apriltag_msgs/cmake/export_apriltag_msgs__rosidl_generator_cExport-noconfig.cmake
[1.833s] -- Up-to-date: /home/chotaehyun/ugv_ws/install/apriltag_msgs/share/apriltag_msgs/cmake/export_apriltag_msgs__rosidl_typesupport_fastrtps_cExport.cmake
[1.833s] -- Up-to-date: /home/chotaehyun/ugv_ws/install/apriltag_msgs/share/apriltag_msgs/cmake/export_apriltag_msgs__rosidl_typesupport_fastrtps_cExport-noconfig.cmake
[1.833s] -- Up-to-date: /home/chotaehyun/ugv_ws/install/apriltag_msgs/share/apriltag_msgs/cmake/export_apriltag_msgs__rosidl_generator_cppExport.cmake
[1.833s] -- Up-to-date: /home/chotaehyun/ugv_ws/install/apriltag_msgs/share/apriltag_msgs/cmake/export_apriltag_msgs__rosidl_typesupport_fastrtps_cppExport.cmake
[1.833s] -- Up-to-date: /home/chotaehyun/ugv_ws/install/apriltag_msgs/share/apriltag_msgs/cmake/export_apriltag_msgs__rosidl_typesupport_fastrtps_cppExport-noconfig.cmake
[1.833s] -- Up-to-date: /home/chotaehyun/ugv_ws/install/apriltag_msgs/share/apriltag_msgs/cmake/apriltag_msgs__rosidl_typesupport_introspection_cExport.cmake
[1.833s] -- Up-to-date: /home/chotaehyun/ugv_ws/install/apriltag_msgs/share/apriltag_msgs/cmake/apriltag_msgs__rosidl_typesupport_introspection_cExport-noconfig.cmake
[1.833s] -- Up-to-date: /home/chotaehyun/ugv_ws/install/apriltag_msgs/share/apriltag_msgs/cmake/apriltag_msgs__rosidl_typesupport_cExport.cmake
[1.833s] -- Up-to-date: /home/chotaehyun/ugv_ws/install/apriltag_msgs/share/apriltag_msgs/cmake/apriltag_msgs__rosidl_typesupport_cExport-noconfig.cmake
[1.833s] -- Up-to-date: /home/chotaehyun/ugv_ws/install/apriltag_msgs/share/apriltag_msgs/cmake/apriltag_msgs__rosidl_typesupport_introspection_cppExport.cmake
[1.833s] -- Up-to-date: /home/chotaehyun/ugv_ws/install/apriltag_msgs/share/apriltag_msgs/cmake/apriltag_msgs__rosidl_typesupport_introspection_cppExport-noconfig.cmake
[1.834s] -- Up-to-date: /home/chotaehyun/ugv_ws/install/apriltag_msgs/share/apriltag_msgs/cmake/apriltag_msgs__rosidl_typesupport_cppExport.cmake
[1.834s] -- Up-to-date: /home/chotaehyun/ugv_ws/install/apriltag_msgs/share/apriltag_msgs/cmake/apriltag_msgs__rosidl_typesupport_cppExport-noconfig.cmake
[1.834s] -- Up-to-date: /home/chotaehyun/ugv_ws/install/apriltag_msgs/share/apriltag_msgs/cmake/export_apriltag_msgs__rosidl_generator_pyExport.cmake
[1.834s] -- Up-to-date: /home/chotaehyun/ugv_ws/install/apriltag_msgs/share/apriltag_msgs/cmake/export_apriltag_msgs__rosidl_generator_pyExport-noconfig.cmake
[2.097s] Invoked command in '/home/chotaehyun/ugv_ws/build/apriltag_msgs' returned '0': CMAKE_PREFIX_PATH=${CMAKE_PREFIX_PATH}:/home/chotaehyun/ugv_ws/install/ugv_web_app:/home/chotaehyun/ugv_ws/install/ugv_vision:/home/chotaehyun/ugv_ws/install/ugv_tools:/home/chotaehyun/ugv_ws/install/ugv_chat_ai:/home/chotaehyun/ugv_ws/install/ugv_bringup:/home/chotaehyun/ugv_ws/install/my_waver_app:/home/chotaehyun/ros2_ws/install/vehicle_control_pkg:/opt/ros/humble /usr/bin/cmake --install /home/chotaehyun/ugv_ws/build/apriltag_msgs
