[0.080s] Invoking command in '/home/chotaehyun/ugv_ws/build/rf2o_laser_odometry': CMAKE_PREFIX_PATH=${CMAKE_PREFIX_PATH}:/home/chotaehyun/ugv_ws/install/ugv_web_app:/home/chotaehyun/ugv_ws/install/ugv_vision:/home/chotaehyun/ugv_ws/install/ugv_tools:/home/chotaehyun/ugv_ws/install/ugv_chat_ai:/home/chotaehyun/ugv_ws/install/ugv_bringup:/home/chotaehyun/ros2_ws/install/vehicle_control_pkg:/opt/ros/humble /usr/bin/cmake --build /home/chotaehyun/ugv_ws/build/rf2o_laser_odometry -- -j16 -l16
[0.840s] [35m[1mConsolidate compiler generated dependencies of target rf2o_laser_odometry[0m
[0.840s] [35m[1mConsolidate compiler generated dependencies of target rf2o_laser_odometry_node[0m
[0.840s] [ 40%] Built target rf2o_laser_odometry
[0.840s] [100%] Built target rf2o_laser_odometry_node
[0.859s] Invoked command in '/home/chotaehyun/ugv_ws/build/rf2o_laser_odometry' returned '0': CMAKE_PREFIX_PATH=${CMAKE_PREFIX_PATH}:/home/chotaehyun/ugv_ws/install/ugv_web_app:/home/chotaehyun/ugv_ws/install/ugv_vision:/home/chotaehyun/ugv_ws/install/ugv_tools:/home/chotaehyun/ugv_ws/install/ugv_chat_ai:/home/chotaehyun/ugv_ws/install/ugv_bringup:/home/chotaehyun/ros2_ws/install/vehicle_control_pkg:/opt/ros/humble /usr/bin/cmake --build /home/chotaehyun/ugv_ws/build/rf2o_laser_odometry -- -j16 -l16
[0.861s] Invoking command in '/home/chotaehyun/ugv_ws/build/rf2o_laser_odometry': CMAKE_PREFIX_PATH=${CMAKE_PREFIX_PATH}:/home/chotaehyun/ugv_ws/install/ugv_web_app:/home/chotaehyun/ugv_ws/install/ugv_vision:/home/chotaehyun/ugv_ws/install/ugv_tools:/home/chotaehyun/ugv_ws/install/ugv_chat_ai:/home/chotaehyun/ugv_ws/install/ugv_bringup:/home/chotaehyun/ros2_ws/install/vehicle_control_pkg:/opt/ros/humble /usr/bin/cmake --install /home/chotaehyun/ugv_ws/build/rf2o_laser_odometry
[0.903s] -- Install configuration: ""
[0.903s] -- Execute custom install script
[0.903s] -- Up-to-date symlink: /home/chotaehyun/ugv_ws/install/rf2o_laser_odometry/lib/rf2o_laser_odometry/rf2o_laser_odometry_node
[0.903s] -- Up-to-date symlink: /home/chotaehyun/ugv_ws/install/rf2o_laser_odometry/share/rf2o_laser_odometry/launch/rf2o_laser_odometry.launch.py
[0.903s] -- Up-to-date symlink: /home/chotaehyun/ugv_ws/install/rf2o_laser_odometry/share/ament_index/resource_index/package_run_dependencies/rf2o_laser_odometry
[0.903s] -- Up-to-date symlink: /home/chotaehyun/ugv_ws/install/rf2o_laser_odometry/share/ament_index/resource_index/parent_prefix_path/rf2o_laser_odometry
[0.903s] -- Up-to-date symlink: /home/chotaehyun/ugv_ws/install/rf2o_laser_odometry/share/rf2o_laser_odometry/environment/ament_prefix_path.sh
[0.904s] -- Up-to-date symlink: /home/chotaehyun/ugv_ws/install/rf2o_laser_odometry/share/rf2o_laser_odometry/environment/ament_prefix_path.dsv
[0.904s] -- Up-to-date symlink: /home/chotaehyun/ugv_ws/install/rf2o_laser_odometry/share/rf2o_laser_odometry/environment/path.sh
[0.904s] -- Up-to-date symlink: /home/chotaehyun/ugv_ws/install/rf2o_laser_odometry/share/rf2o_laser_odometry/environment/path.dsv
[0.904s] -- Up-to-date symlink: /home/chotaehyun/ugv_ws/install/rf2o_laser_odometry/share/rf2o_laser_odometry/local_setup.bash
[0.904s] -- Up-to-date symlink: /home/chotaehyun/ugv_ws/install/rf2o_laser_odometry/share/rf2o_laser_odometry/local_setup.sh
[0.904s] -- Up-to-date symlink: /home/chotaehyun/ugv_ws/install/rf2o_laser_odometry/share/rf2o_laser_odometry/local_setup.zsh
[0.904s] -- Up-to-date symlink: /home/chotaehyun/ugv_ws/install/rf2o_laser_odometry/share/rf2o_laser_odometry/local_setup.dsv
[0.904s] -- Symlinking: /home/chotaehyun/ugv_ws/install/rf2o_laser_odometry/share/rf2o_laser_odometry/package.dsv
[0.904s] -- Up-to-date symlink: /home/chotaehyun/ugv_ws/install/rf2o_laser_odometry/share/ament_index/resource_index/packages/rf2o_laser_odometry
[0.904s] -- Up-to-date symlink: /home/chotaehyun/ugv_ws/install/rf2o_laser_odometry/share/rf2o_laser_odometry/cmake/rf2o_laser_odometryConfig.cmake
[0.904s] -- Up-to-date symlink: /home/chotaehyun/ugv_ws/install/rf2o_laser_odometry/share/rf2o_laser_odometry/cmake/rf2o_laser_odometryConfig-version.cmake
[0.904s] -- Up-to-date symlink: /home/chotaehyun/ugv_ws/install/rf2o_laser_odometry/share/rf2o_laser_odometry/package.xml
[1.028s] Invoked command in '/home/chotaehyun/ugv_ws/build/rf2o_laser_odometry' returned '0': CMAKE_PREFIX_PATH=${CMAKE_PREFIX_PATH}:/home/chotaehyun/ugv_ws/install/ugv_web_app:/home/chotaehyun/ugv_ws/install/ugv_vision:/home/chotaehyun/ugv_ws/install/ugv_tools:/home/chotaehyun/ugv_ws/install/ugv_chat_ai:/home/chotaehyun/ugv_ws/install/ugv_bringup:/home/chotaehyun/ros2_ws/install/vehicle_control_pkg:/opt/ros/humble /usr/bin/cmake --install /home/chotaehyun/ugv_ws/build/rf2o_laser_odometry
