[0.073s] Invoking command in '/home/chotaehyun/ugv_ws/build/openslam_gmapping': CMAKE_PREFIX_PATH=${CMAKE_PREFIX_PATH}:/home/chotaehyun/ugv_ws/install/ugv_web_app:/home/chotaehyun/ugv_ws/install/ugv_vision:/home/chotaehyun/ugv_ws/install/ugv_tools:/home/chotaehyun/ugv_ws/install/ugv_chat_ai:/home/chotaehyun/ugv_ws/install/ugv_bringup:/home/chotaehyun/ros2_ws/install/vehicle_control_pkg:/opt/ros/humble /usr/bin/cmake /home/chotaehyun/ugv_ws/src/ugv_else/gmapping/openslam_gmapping -DAMENT_CMAKE_SYMLINK_INSTALL=1 -DCMAKE_INSTALL_PREFIX=/home/chotaehyun/ugv_ws/install/openslam_gmapping
[1.055s] -- The C compiler identification is GNU 11.4.0
[1.055s] -- The CXX compiler identification is GNU 11.4.0
[1.055s] -- Detecting C compiler ABI info
[1.055s] -- Detecting C compiler ABI info - done
[1.055s] -- Check for working C compiler: /usr/bin/cc - skipped
[1.056s] -- Detecting C compile features
[1.056s] -- Detecting C compile features - done
[1.056s] -- Detecting CXX compiler ABI info
[1.056s] -- Detecting CXX compiler ABI info - done
[1.056s] -- Check for working CXX compiler: /usr/bin/c++ - skipped
[1.056s] -- Detecting CXX compile features
[1.056s] -- Detecting CXX compile features - done
[1.056s] -- Found ament_cmake: 1.3.14 (/opt/ros/humble/share/ament_cmake/cmake)
[1.056s] -- Found Python3: /usr/bin/python3 (found version "3.10.12") found components: Interpreter 
[1.110s] -- Override CMake install command with custom implementation using symlinks instead of copying resources
[1.349s] -- Configuring done
[1.395s] -- Generating done
[1.403s] -- Build files have been written to: /home/chotaehyun/ugv_ws/build/openslam_gmapping
[1.425s] Invoked command in '/home/chotaehyun/ugv_ws/build/openslam_gmapping' returned '0': CMAKE_PREFIX_PATH=${CMAKE_PREFIX_PATH}:/home/chotaehyun/ugv_ws/install/ugv_web_app:/home/chotaehyun/ugv_ws/install/ugv_vision:/home/chotaehyun/ugv_ws/install/ugv_tools:/home/chotaehyun/ugv_ws/install/ugv_chat_ai:/home/chotaehyun/ugv_ws/install/ugv_bringup:/home/chotaehyun/ros2_ws/install/vehicle_control_pkg:/opt/ros/humble /usr/bin/cmake /home/chotaehyun/ugv_ws/src/ugv_else/gmapping/openslam_gmapping -DAMENT_CMAKE_SYMLINK_INSTALL=1 -DCMAKE_INSTALL_PREFIX=/home/chotaehyun/ugv_ws/install/openslam_gmapping
[1.426s] Invoking command in '/home/chotaehyun/ugv_ws/build/openslam_gmapping': CMAKE_PREFIX_PATH=${CMAKE_PREFIX_PATH}:/home/chotaehyun/ugv_ws/install/ugv_web_app:/home/chotaehyun/ugv_ws/install/ugv_vision:/home/chotaehyun/ugv_ws/install/ugv_tools:/home/chotaehyun/ugv_ws/install/ugv_chat_ai:/home/chotaehyun/ugv_ws/install/ugv_bringup:/home/chotaehyun/ros2_ws/install/vehicle_control_pkg:/opt/ros/humble /usr/bin/cmake --build /home/chotaehyun/ugv_ws/build/openslam_gmapping -- -j16 -l16
[3.390s] [  4%] [32mBuilding CXX object utils/CMakeFiles/utils.dir/stat.cpp.o[0m
[3.390s] [  9%] [32mBuilding CXX object utils/CMakeFiles/utils.dir/movement.cpp.o[0m
[3.391s] [ 13%] [32mBuilding CXX object sensor/sensor_base/CMakeFiles/sensor_base.dir/sensorreading.cpp.o[0m
[3.391s] [ 18%] [32mBuilding CXX object sensor/sensor_base/CMakeFiles/sensor_base.dir/sensor.cpp.o[0m
[3.391s] [ 22%] [32m[1mLinking CXX static library libsensor_base.a[0m
[3.391s] [ 22%] Built target sensor_base
[3.391s] [ 27%] [32m[1mLinking CXX static library libutils.a[0m
[3.391s] [ 31%] [32mBuilding CXX object sensor/sensor_odometry/CMakeFiles/sensor_odometry.dir/odometryreading.cpp.o[0m
[3.391s] [ 36%] [32mBuilding CXX object sensor/sensor_odometry/CMakeFiles/sensor_odometry.dir/odometrysensor.cpp.o[0m
[3.391s] [ 40%] [32mBuilding CXX object sensor/sensor_range/CMakeFiles/sensor_range.dir/rangereading.cpp.o[0m
[3.391s] [ 45%] [32mBuilding CXX object sensor/sensor_range/CMakeFiles/sensor_range.dir/rangesensor.cpp.o[0m
[3.391s] [ 45%] Built target utils
[3.566s] [ 50%] [32m[1mLinking CXX static library libsensor_odometry.a[0m
[3.688s] [ 50%] Built target sensor_odometry
[3.778s] [ 54%] [32m[1mLinking CXX static library libsensor_range.a[0m
[3.842s] [ 54%] Built target sensor_range
[3.924s] [ 63%] [32mBuilding CXX object scanmatcher/CMakeFiles/scanmatcher.dir/scanmatcher.cpp.o[0m
[3.928s] [ 68%] [32mBuilding CXX object scanmatcher/CMakeFiles/scanmatcher.dir/scanmatcherprocessor.cpp.o[0m
[3.928s] [ 63%] [32mBuilding CXX object scanmatcher/CMakeFiles/scanmatcher.dir/eig3.cpp.o[0m
[3.941s] [ 72%] [32mBuilding CXX object scanmatcher/CMakeFiles/scanmatcher.dir/smmap.cpp.o[0m
[10.515s] [ 77%] [32m[1mLinking CXX static library libscanmatcher.a[0m
[10.645s] [ 77%] Built target scanmatcher
[10.738s] [ 81%] [32mBuilding CXX object gridfastslam/CMakeFiles/gridfastslam.dir/gfsreader.cpp.o[0m
[10.738s] [ 86%] [32mBuilding CXX object gridfastslam/CMakeFiles/gridfastslam.dir/gridslamprocessor.cpp.o[0m
[10.739s] [ 90%] [32mBuilding CXX object gridfastslam/CMakeFiles/gridfastslam.dir/gridslamprocessor_tree.cpp.o[0m
[10.759s] [ 95%] [32mBuilding CXX object gridfastslam/CMakeFiles/gridfastslam.dir/motionmodel.cpp.o[0m
[15.055s] [100%] [32m[1mLinking CXX static library libgridfastslam.a[0m
[15.199s] [100%] Built target gridfastslam
[15.294s] Invoked command in '/home/chotaehyun/ugv_ws/build/openslam_gmapping' returned '0': CMAKE_PREFIX_PATH=${CMAKE_PREFIX_PATH}:/home/chotaehyun/ugv_ws/install/ugv_web_app:/home/chotaehyun/ugv_ws/install/ugv_vision:/home/chotaehyun/ugv_ws/install/ugv_tools:/home/chotaehyun/ugv_ws/install/ugv_chat_ai:/home/chotaehyun/ugv_ws/install/ugv_bringup:/home/chotaehyun/ros2_ws/install/vehicle_control_pkg:/opt/ros/humble /usr/bin/cmake --build /home/chotaehyun/ugv_ws/build/openslam_gmapping -- -j16 -l16
[15.295s] Invoking command in '/home/chotaehyun/ugv_ws/build/openslam_gmapping': CMAKE_PREFIX_PATH=${CMAKE_PREFIX_PATH}:/home/chotaehyun/ugv_ws/install/ugv_web_app:/home/chotaehyun/ugv_ws/install/ugv_vision:/home/chotaehyun/ugv_ws/install/ugv_tools:/home/chotaehyun/ugv_ws/install/ugv_chat_ai:/home/chotaehyun/ugv_ws/install/ugv_bringup:/home/chotaehyun/ros2_ws/install/vehicle_control_pkg:/opt/ros/humble /usr/bin/cmake --install /home/chotaehyun/ugv_ws/build/openslam_gmapping
[17.282s] -- Install configuration: ""
[17.283s] -- Execute custom install script
[17.283s] -- Symlinking: /home/chotaehyun/ugv_ws/install/openslam_gmapping/lib/libgridfastslam.a
[17.283s] -- Symlinking: /home/chotaehyun/ugv_ws/install/openslam_gmapping/lib/libscanmatcher.a
[17.283s] -- Symlinking: /home/chotaehyun/ugv_ws/install/openslam_gmapping/lib/libsensor_base.a
[17.283s] -- Symlinking: /home/chotaehyun/ugv_ws/install/openslam_gmapping/share/openslam_gmapping/environment/library_path.sh
[17.283s] -- Symlinking: /home/chotaehyun/ugv_ws/install/openslam_gmapping/share/openslam_gmapping/environment/library_path.dsv
[17.284s] -- Up-to-date symlink: /home/chotaehyun/ugv_ws/install/openslam_gmapping/share/openslam_gmapping/environment/library_path.sh
[17.284s] -- Up-to-date symlink: /home/chotaehyun/ugv_ws/install/openslam_gmapping/share/openslam_gmapping/environment/library_path.dsv
[17.292s] -- Symlinking: /home/chotaehyun/ugv_ws/install/openslam_gmapping/lib/libsensor_odometry.a
[17.294s] -- Symlinking: /home/chotaehyun/ugv_ws/install/openslam_gmapping/lib/libsensor_range.a
[17.294s] -- Symlinking: /home/chotaehyun/ugv_ws/install/openslam_gmapping/lib/libutils.a
[17.295s] -- Up-to-date symlink: /home/chotaehyun/ugv_ws/install/openslam_gmapping/share/openslam_gmapping/environment/library_path.sh
[17.295s] -- Up-to-date symlink: /home/chotaehyun/ugv_ws/install/openslam_gmapping/share/openslam_gmapping/environment/library_path.dsv
[17.295s] -- Up-to-date symlink: /home/chotaehyun/ugv_ws/install/openslam_gmapping/share/openslam_gmapping/environment/library_path.sh
[17.295s] -- Up-to-date symlink: /home/chotaehyun/ugv_ws/install/openslam_gmapping/share/openslam_gmapping/environment/library_path.dsv
[17.295s] -- Symlinking: /home/chotaehyun/ugv_ws/install/openslam_gmapping/include//gmapping/grid/accessstate.h
[17.295s] -- Symlinking: /home/chotaehyun/ugv_ws/install/openslam_gmapping/include//gmapping/grid/array2d.h
[17.295s] -- Symlinking: /home/chotaehyun/ugv_ws/install/openslam_gmapping/include//gmapping/grid/harray2d.h
[17.295s] -- Symlinking: /home/chotaehyun/ugv_ws/install/openslam_gmapping/include//gmapping/grid/map.h
[17.295s] -- Symlinking: /home/chotaehyun/ugv_ws/install/openslam_gmapping/include//gmapping/gridfastslam/gridslamprocessor.h
[17.295s] -- Symlinking: /home/chotaehyun/ugv_ws/install/openslam_gmapping/include//gmapping/gridfastslam/gridslamprocessor.hxx
[17.295s] -- Symlinking: /home/chotaehyun/ugv_ws/install/openslam_gmapping/include//gmapping/gridfastslam/motionmodel.h
[17.296s] -- Symlinking: /home/chotaehyun/ugv_ws/install/openslam_gmapping/include//gmapping/log/configuration.h
[17.296s] -- Symlinking: /home/chotaehyun/ugv_ws/install/openslam_gmapping/include//gmapping/log/sensorlog.h
[17.296s] -- Symlinking: /home/chotaehyun/ugv_ws/install/openslam_gmapping/include//gmapping/particlefilter/particlefilter.h
[17.296s] -- Symlinking: /home/chotaehyun/ugv_ws/install/openslam_gmapping/include//gmapping/scanmatcher/icp.h
[17.296s] -- Symlinking: /home/chotaehyun/ugv_ws/install/openslam_gmapping/include//gmapping/scanmatcher/scanmatcher.h
[17.296s] -- Symlinking: /home/chotaehyun/ugv_ws/install/openslam_gmapping/include//gmapping/scanmatcher/smmap.h
[17.296s] -- Symlinking: /home/chotaehyun/ugv_ws/install/openslam_gmapping/include//gmapping/sensor/sensor_base/sensor.h
[17.296s] -- Symlinking: /home/chotaehyun/ugv_ws/install/openslam_gmapping/include//gmapping/sensor/sensor_base/sensorreading.h
[17.296s] -- Symlinking: /home/chotaehyun/ugv_ws/install/openslam_gmapping/include//gmapping/sensor/sensor_odometry/odometryreading.h
[17.296s] -- Symlinking: /home/chotaehyun/ugv_ws/install/openslam_gmapping/include//gmapping/sensor/sensor_odometry/odometrysensor.h
[17.296s] -- Symlinking: /home/chotaehyun/ugv_ws/install/openslam_gmapping/include//gmapping/sensor/sensor_range/rangereading.h
[17.297s] -- Symlinking: /home/chotaehyun/ugv_ws/install/openslam_gmapping/include//gmapping/sensor/sensor_range/rangesensor.h
[17.297s] -- Symlinking: /home/chotaehyun/ugv_ws/install/openslam_gmapping/include//gmapping/utils/autoptr.h
[17.297s] -- Symlinking: /home/chotaehyun/ugv_ws/install/openslam_gmapping/include//gmapping/utils/commandline.h
[17.297s] -- Symlinking: /home/chotaehyun/ugv_ws/install/openslam_gmapping/include//gmapping/utils/gvalues.h
[17.297s] -- Symlinking: /home/chotaehyun/ugv_ws/install/openslam_gmapping/include//gmapping/utils/macro_params.h
[17.300s] -- Symlinking: /home/chotaehyun/ugv_ws/install/openslam_gmapping/include//gmapping/utils/point.h
[17.301s] -- Symlinking: /home/chotaehyun/ugv_ws/install/openslam_gmapping/include//gmapping/utils/stat.h
[17.301s] -- Symlinking: /home/chotaehyun/ugv_ws/install/openslam_gmapping/share/ament_index/resource_index/package_run_dependencies/openslam_gmapping
[17.301s] -- Symlinking: /home/chotaehyun/ugv_ws/install/openslam_gmapping/share/ament_index/resource_index/parent_prefix_path/openslam_gmapping
[17.301s] -- Symlinking: /home/chotaehyun/ugv_ws/install/openslam_gmapping/share/openslam_gmapping/environment/ament_prefix_path.sh
[17.301s] -- Symlinking: /home/chotaehyun/ugv_ws/install/openslam_gmapping/share/openslam_gmapping/environment/ament_prefix_path.dsv
[17.339s] -- Symlinking: /home/chotaehyun/ugv_ws/install/openslam_gmapping/share/openslam_gmapping/environment/path.sh
[17.339s] -- Symlinking: /home/chotaehyun/ugv_ws/install/openslam_gmapping/share/openslam_gmapping/environment/path.dsv
[17.364s] -- Symlinking: /home/chotaehyun/ugv_ws/install/openslam_gmapping/share/openslam_gmapping/local_setup.bash
[17.417s] -- Symlinking: /home/chotaehyun/ugv_ws/install/openslam_gmapping/share/openslam_gmapping/local_setup.sh
[17.469s] -- Symlinking: /home/chotaehyun/ugv_ws/install/openslam_gmapping/share/openslam_gmapping/local_setup.zsh
[17.494s] -- Symlinking: /home/chotaehyun/ugv_ws/install/openslam_gmapping/share/openslam_gmapping/local_setup.dsv
[17.551s] -- Symlinking: /home/chotaehyun/ugv_ws/install/openslam_gmapping/share/openslam_gmapping/package.dsv
[17.605s] -- Symlinking: /home/chotaehyun/ugv_ws/install/openslam_gmapping/share/ament_index/resource_index/packages/openslam_gmapping
[17.662s] -- Symlinking: /home/chotaehyun/ugv_ws/install/openslam_gmapping/share/openslam_gmapping/cmake/ament_cmake_export_libraries-extras.cmake
[17.726s] -- Symlinking: /home/chotaehyun/ugv_ws/install/openslam_gmapping/share/openslam_gmapping/cmake/ament_cmake_export_include_directories-extras.cmake
[17.758s] -- Symlinking: /home/chotaehyun/ugv_ws/install/openslam_gmapping/share/openslam_gmapping/cmake/openslam_gmappingConfig.cmake
[17.793s] -- Symlinking: /home/chotaehyun/ugv_ws/install/openslam_gmapping/share/openslam_gmapping/cmake/openslam_gmappingConfig-version.cmake
[17.844s] -- Symlinking: /home/chotaehyun/ugv_ws/install/openslam_gmapping/share/openslam_gmapping/package.xml
[17.916s] Invoked command in '/home/chotaehyun/ugv_ws/build/openslam_gmapping' returned '0': CMAKE_PREFIX_PATH=${CMAKE_PREFIX_PATH}:/home/chotaehyun/ugv_ws/install/ugv_web_app:/home/chotaehyun/ugv_ws/install/ugv_vision:/home/chotaehyun/ugv_ws/install/ugv_tools:/home/chotaehyun/ugv_ws/install/ugv_chat_ai:/home/chotaehyun/ugv_ws/install/ugv_bringup:/home/chotaehyun/ros2_ws/install/vehicle_control_pkg:/opt/ros/humble /usr/bin/cmake --install /home/chotaehyun/ugv_ws/build/openslam_gmapping
