[0.068s] Invoking command in '/home/chotaehyun/ugv_ws/build/ldlidar': CMAKE_PREFIX_PATH=${CMAKE_PREFIX_PATH}:/home/chotaehyun/ugv_ws/install/ugv_web_app:/home/chotaehyun/ugv_ws/install/ugv_vision:/home/chotaehyun/ugv_ws/install/ugv_tools:/home/chotaehyun/ugv_ws/install/ugv_chat_ai:/home/chotaehyun/ugv_ws/install/ugv_bringup:/home/chotaehyun/ros2_ws/install/vehicle_control_pkg:/opt/ros/humble /usr/bin/cmake /home/chotaehyun/ugv_ws/src/ugv_else/ldlidar -DAMENT_CMAKE_SYMLINK_INSTALL=1 -DCMAKE_INSTALL_PREFIX=/home/chotaehyun/ugv_ws/install/ldlidar
[1.047s] -- The C compiler identification is GNU 11.4.0
[1.047s] -- The CXX compiler identification is GNU 11.4.0
[1.048s] -- Detecting C compiler ABI info
[1.048s] -- Detecting C compiler ABI info - done
[1.048s] -- Check for working C compiler: /usr/bin/cc - skipped
[1.048s] -- Detecting C compile features
[1.048s] -- Detecting C compile features - done
[1.048s] -- Detecting CXX compiler ABI info
[1.048s] -- Detecting CXX compiler ABI info - done
[1.048s] -- Check for working CXX compiler: /usr/bin/c++ - skipped
[1.048s] -- Detecting CXX compile features
[1.048s] -- Detecting CXX compile features - done
[1.048s] -- Found ament_cmake: 1.3.14 (/opt/ros/humble/share/ament_cmake/cmake)
[1.048s] -- Found Python3: /usr/bin/python3 (found version "3.10.12") found components: Interpreter 
[1.105s] -- Override CMake install command with custom implementation using symlinks instead of copying resources
[1.184s] -- Found rclcpp: 16.0.18 (/opt/ros/humble/share/rclcpp/cmake)
[1.301s] -- Found rosidl_generator_c: 3.1.8 (/opt/ros/humble/share/rosidl_generator_c/cmake)
[1.313s] -- Found rosidl_adapter: 3.1.8 (/opt/ros/humble/share/rosidl_adapter/cmake)
[1.344s] -- Found rosidl_generator_cpp: 3.1.8 (/opt/ros/humble/share/rosidl_generator_cpp/cmake)
[1.375s] -- Using all available rosidl_typesupport_c: rosidl_typesupport_fastrtps_c;rosidl_typesupport_introspection_c
[1.421s] -- Using all available rosidl_typesupport_cpp: rosidl_typesupport_fastrtps_cpp;rosidl_typesupport_introspection_cpp
[1.505s] -- Found rmw_implementation_cmake: 6.1.2 (/opt/ros/humble/share/rmw_implementation_cmake/cmake)
[1.510s] -- Found rmw_fastrtps_cpp: 6.2.10 (/opt/ros/humble/share/rmw_fastrtps_cpp/cmake)
[1.821s] -- Found OpenSSL: /usr/lib/x86_64-linux-gnu/libcrypto.so (found version "3.0.2")  
[1.903s] -- Found FastRTPS: /opt/ros/humble/include  
[2.015s] -- Using RMW implementation 'rmw_fastrtps_cpp' as default
[2.033s] -- Looking for pthread.h
[2.209s] -- Looking for pthread.h - found
[2.212s] -- Performing Test CMAKE_HAVE_LIBC_PTHREAD
[2.571s] -- Performing Test CMAKE_HAVE_LIBC_PTHREAD - Success
[2.572s] -- Found Threads: TRUE  
[2.767s] -- Found sensor_msgs: 4.9.1 (/opt/ros/humble/share/sensor_msgs/cmake)
[2.879s] -- Found ament_lint_auto: 0.12.15 (/opt/ros/humble/share/ament_lint_auto/cmake)
[3.418s] -- Added test 'copyright' to check source files copyright and LICENSE
[3.440s] -- Added test 'cppcheck' to perform static code analysis on C / C++ code
[3.443s] -- Configured cppcheck include dirs: /home/chotaehyun/ugv_ws/src/ugv_else/ldlidar/include;/home/chotaehyun/ugv_ws/src/ugv_else/ldlidar/ldlidar_driver/include/core;/home/chotaehyun/ugv_ws/src/ugv_else/ldlidar/ldlidar_driver/include/dataprocess;/home/chotaehyun/ugv_ws/src/ugv_else/ldlidar/ldlidar_driver/include/filter;/home/chotaehyun/ugv_ws/src/ugv_else/ldlidar/ldlidar_driver/include/logger;/home/chotaehyun/ugv_ws/src/ugv_else/ldlidar/ldlidar_driver/include/networkcom;/home/chotaehyun/ugv_ws/src/ugv_else/ldlidar/ldlidar_driver/include/serialcom
[3.444s] -- Configured cppcheck exclude dirs and/or files: 
[3.456s] -- Added test 'cpplint' to check C / C++ code against the Google style
[3.456s] -- Configured cpplint exclude dirs and/or files: 
[3.465s] -- Added test 'flake8' to check Python code syntax and style conventions
[3.468s] -- Added test 'lint_cmake' to check CMake code style
[3.471s] -- Added test 'pep257' to check Python code against some of the docstring style conventions in PEP 257
[3.488s] -- Added test 'uncrustify' to check C / C++ code style
[3.488s] -- Configured uncrustify additional arguments: 
[3.490s] -- Added test 'xmllint' to check XML markup files
[3.502s] -- Configuring done
[3.546s] -- Generating done
[3.563s] -- Build files have been written to: /home/chotaehyun/ugv_ws/build/ldlidar
[3.653s] Invoked command in '/home/chotaehyun/ugv_ws/build/ldlidar' returned '0': CMAKE_PREFIX_PATH=${CMAKE_PREFIX_PATH}:/home/chotaehyun/ugv_ws/install/ugv_web_app:/home/chotaehyun/ugv_ws/install/ugv_vision:/home/chotaehyun/ugv_ws/install/ugv_tools:/home/chotaehyun/ugv_ws/install/ugv_chat_ai:/home/chotaehyun/ugv_ws/install/ugv_bringup:/home/chotaehyun/ros2_ws/install/vehicle_control_pkg:/opt/ros/humble /usr/bin/cmake /home/chotaehyun/ugv_ws/src/ugv_else/ldlidar -DAMENT_CMAKE_SYMLINK_INSTALL=1 -DCMAKE_INSTALL_PREFIX=/home/chotaehyun/ugv_ws/install/ldlidar
[3.654s] Invoking command in '/home/chotaehyun/ugv_ws/build/ldlidar': CMAKE_PREFIX_PATH=${CMAKE_PREFIX_PATH}:/home/chotaehyun/ugv_ws/install/ugv_web_app:/home/chotaehyun/ugv_ws/install/ugv_vision:/home/chotaehyun/ugv_ws/install/ugv_tools:/home/chotaehyun/ugv_ws/install/ugv_chat_ai:/home/chotaehyun/ugv_ws/install/ugv_bringup:/home/chotaehyun/ros2_ws/install/vehicle_control_pkg:/opt/ros/humble /usr/bin/cmake --build /home/chotaehyun/ugv_ws/build/ldlidar -- -j16 -l16
[3.935s] [ 25%] [32mBuilding CXX object CMakeFiles/ldlidar_node.dir/ldlidar_driver/src/filter/tofbf.cpp.o[0m
[3.935s] [ 25%] [32mBuilding CXX object CMakeFiles/ldlidar_node.dir/src/demo.cpp.o[0m
[3.935s] [ 37%] [32mBuilding CXX object CMakeFiles/ldlidar_node.dir/ldlidar_driver/src/dataprocess/lipkg.cpp.o[0m
[3.936s] [ 50%] [32mBuilding CXX object CMakeFiles/ldlidar_node.dir/ldlidar_driver/src/logger/log_module.cpp.o[0m
[3.936s] [ 62%] [32mBuilding CXX object CMakeFiles/ldlidar_node.dir/ldlidar_driver/src/core/ldlidar_driver.cpp.o[0m
[3.936s] [ 75%] [32mBuilding CXX object CMakeFiles/ldlidar_node.dir/ldlidar_driver/src/serialcom/serial_interface_linux.cpp.o[0m
[3.936s] [ 87%] [32mBuilding CXX object CMakeFiles/ldlidar_node.dir/ldlidar_driver/src/networkcom/network_socket_interface_linux.cpp.o[0m
[22.483s] [100%] [32m[1mLinking CXX executable ldlidar_node[0m
[23.126s] [100%] Built target ldlidar_node
[23.180s] Invoked command in '/home/chotaehyun/ugv_ws/build/ldlidar' returned '0': CMAKE_PREFIX_PATH=${CMAKE_PREFIX_PATH}:/home/chotaehyun/ugv_ws/install/ugv_web_app:/home/chotaehyun/ugv_ws/install/ugv_vision:/home/chotaehyun/ugv_ws/install/ugv_tools:/home/chotaehyun/ugv_ws/install/ugv_chat_ai:/home/chotaehyun/ugv_ws/install/ugv_bringup:/home/chotaehyun/ros2_ws/install/vehicle_control_pkg:/opt/ros/humble /usr/bin/cmake --build /home/chotaehyun/ugv_ws/build/ldlidar -- -j16 -l16
[23.181s] Invoking command in '/home/chotaehyun/ugv_ws/build/ldlidar': CMAKE_PREFIX_PATH=${CMAKE_PREFIX_PATH}:/home/chotaehyun/ugv_ws/install/ugv_web_app:/home/chotaehyun/ugv_ws/install/ugv_vision:/home/chotaehyun/ugv_ws/install/ugv_tools:/home/chotaehyun/ugv_ws/install/ugv_chat_ai:/home/chotaehyun/ugv_ws/install/ugv_bringup:/home/chotaehyun/ros2_ws/install/vehicle_control_pkg:/opt/ros/humble /usr/bin/cmake --install /home/chotaehyun/ugv_ws/build/ldlidar
[25.195s] -- Install configuration: ""
[25.196s] -- Execute custom install script
[25.196s] -- Symlinking: /home/chotaehyun/ugv_ws/install/ldlidar/lib/ldlidar/ldlidar_node
[25.196s] -- Symlinking: /home/chotaehyun/ugv_ws/install/ldlidar/share/ldlidar//launch/ld06.launch.py
[25.196s] -- Symlinking: /home/chotaehyun/ugv_ws/install/ldlidar/share/ldlidar//launch/ld19.launch.py
[25.196s] -- Symlinking: /home/chotaehyun/ugv_ws/install/ldlidar/share/ldlidar//launch/ldlidar.launch.py
[25.196s] -- Symlinking: /home/chotaehyun/ugv_ws/install/ldlidar/share/ldlidar//launch/stl27l.launch.py
[25.196s] -- Symlinking: /home/chotaehyun/ugv_ws/install/ldlidar/share/ldlidar//launch/viewer_ld06.launch.py
[25.196s] -- Symlinking: /home/chotaehyun/ugv_ws/install/ldlidar/share/ldlidar//launch/viewer_ld19.launch.py
[25.196s] -- Symlinking: /home/chotaehyun/ugv_ws/install/ldlidar/share/ldlidar//launch/viewer_ldlidar.launch.py
[25.196s] -- Symlinking: /home/chotaehyun/ugv_ws/install/ldlidar/share/ldlidar//launch/viewer_stl27l.launch.py
[25.197s] -- Symlinking: /home/chotaehyun/ugv_ws/install/ldlidar/share/ldlidar//rviz/view.rviz
[25.197s] -- Symlinking: /home/chotaehyun/ugv_ws/install/ldlidar/share/ament_index/resource_index/package_run_dependencies/ldlidar
[25.197s] -- Symlinking: /home/chotaehyun/ugv_ws/install/ldlidar/share/ament_index/resource_index/parent_prefix_path/ldlidar
[25.197s] -- Symlinking: /home/chotaehyun/ugv_ws/install/ldlidar/share/ldlidar/environment/ament_prefix_path.sh
[25.197s] -- Symlinking: /home/chotaehyun/ugv_ws/install/ldlidar/share/ldlidar/environment/ament_prefix_path.dsv
[25.197s] -- Symlinking: /home/chotaehyun/ugv_ws/install/ldlidar/share/ldlidar/environment/path.sh
[25.197s] -- Symlinking: /home/chotaehyun/ugv_ws/install/ldlidar/share/ldlidar/environment/path.dsv
[25.197s] -- Symlinking: /home/chotaehyun/ugv_ws/install/ldlidar/share/ldlidar/local_setup.bash
[25.201s] -- Symlinking: /home/chotaehyun/ugv_ws/install/ldlidar/share/ldlidar/local_setup.sh
[25.202s] -- Symlinking: /home/chotaehyun/ugv_ws/install/ldlidar/share/ldlidar/local_setup.zsh
[25.202s] -- Symlinking: /home/chotaehyun/ugv_ws/install/ldlidar/share/ldlidar/local_setup.dsv
[25.202s] -- Symlinking: /home/chotaehyun/ugv_ws/install/ldlidar/share/ldlidar/package.dsv
[25.202s] -- Symlinking: /home/chotaehyun/ugv_ws/install/ldlidar/share/ament_index/resource_index/packages/ldlidar
[25.202s] -- Symlinking: /home/chotaehyun/ugv_ws/install/ldlidar/share/ldlidar/cmake/ldlidarConfig.cmake
[25.202s] -- Symlinking: /home/chotaehyun/ugv_ws/install/ldlidar/share/ldlidar/cmake/ldlidarConfig-version.cmake
[25.203s] -- Symlinking: /home/chotaehyun/ugv_ws/install/ldlidar/share/ldlidar/package.xml
[25.204s] Invoked command in '/home/chotaehyun/ugv_ws/build/ldlidar' returned '0': CMAKE_PREFIX_PATH=${CMAKE_PREFIX_PATH}:/home/chotaehyun/ugv_ws/install/ugv_web_app:/home/chotaehyun/ugv_ws/install/ugv_vision:/home/chotaehyun/ugv_ws/install/ugv_tools:/home/chotaehyun/ugv_ws/install/ugv_chat_ai:/home/chotaehyun/ugv_ws/install/ugv_bringup:/home/chotaehyun/ros2_ws/install/vehicle_control_pkg:/opt/ros/humble /usr/bin/cmake --install /home/chotaehyun/ugv_ws/build/ldlidar
