[2.197s] Invoking command in '/home/chotaehyun/ugv_ws/build/ugv_vision': PYTHONPATH=/home/chotaehyun/ugv_ws/build/ugv_vision/prefix_override:/usr/lib/python3/dist-packages/colcon_core/task/python/colcon_distutils_commands:/home/chotaehyun/ugv_ws/install/ugv_vision/lib/python3.10/site-packages:${PYTHONPATH} /usr/bin/python3 -W ignore:setup.py install is deprecated -W ignore:easy_install command is deprecated setup.py develop --editable --build-directory /home/chotaehyun/ugv_ws/build/ugv_vision/build --no-deps symlink_data
[2.589s] running develop
[2.843s] running egg_info
[2.843s] writing ugv_vision.egg-info/PKG-INFO
[2.843s] writing dependency_links to ugv_vision.egg-info/dependency_links.txt
[2.843s] writing entry points to ugv_vision.egg-info/entry_points.txt
[2.843s] writing requirements to ugv_vision.egg-info/requires.txt
[2.843s] writing top-level names to ugv_vision.egg-info/top_level.txt
[2.846s] reading manifest file 'ugv_vision.egg-info/SOURCES.txt'
[2.847s] writing manifest file 'ugv_vision.egg-info/SOURCES.txt'
[2.850s] running build_ext
[2.850s] Creating /home/chotaehyun/ugv_ws/install/ugv_vision/lib/python3.10/site-packages/ugv-vision.egg-link (link to .)
[2.852s] Installing apriltag_ctrl script to /home/chotaehyun/ugv_ws/install/ugv_vision/lib/ugv_vision
[2.852s] Installing apriltag_track_0 script to /home/chotaehyun/ugv_ws/install/ugv_vision/lib/ugv_vision
[2.852s] Installing apriltag_track_1 script to /home/chotaehyun/ugv_ws/install/ugv_vision/lib/ugv_vision
[2.852s] Installing apriltag_track_2 script to /home/chotaehyun/ugv_ws/install/ugv_vision/lib/ugv_vision
[2.852s] Installing color_track script to /home/chotaehyun/ugv_ws/install/ugv_vision/lib/ugv_vision
[2.853s] Installing gesture_ctrl script to /home/chotaehyun/ugv_ws/install/ugv_vision/lib/ugv_vision
[2.853s] Installing kcf_track script to /home/chotaehyun/ugv_ws/install/ugv_vision/lib/ugv_vision
[2.853s] 
[2.853s] Installed /home/chotaehyun/ugv_ws/build/ugv_vision
[2.853s] running symlink_data
[2.912s] Invoked command in '/home/chotaehyun/ugv_ws/build/ugv_vision' returned '0': PYTHONPATH=/home/chotaehyun/ugv_ws/build/ugv_vision/prefix_override:/usr/lib/python3/dist-packages/colcon_core/task/python/colcon_distutils_commands:/home/chotaehyun/ugv_ws/install/ugv_vision/lib/python3.10/site-packages:${PYTHONPATH} /usr/bin/python3 -W ignore:setup.py install is deprecated -W ignore:easy_install command is deprecated setup.py develop --editable --build-directory /home/chotaehyun/ugv_ws/build/ugv_vision/build --no-deps symlink_data
