[0.039s] Invoking command in '/home/chotaehyun/ugv_ws/build/teb_local_planner': CMAKE_PREFIX_PATH=/home/chotaehyun/ugv_ws/install/teb_msgs:/home/chotaehyun/ugv_ws/install/costmap_converter:/home/chotaehyun/ugv_ws/install/costmap_converter_msgs:/home/chotaehyun/ugv_ws/install/vizanti:/home/chotaehyun/ugv_ws/install/vizanti_server:/home/chotaehyun/ugv_ws/install/vizanti_demos:/home/chotaehyun/ugv_ws/install/vizanti_msgs:/home/chotaehyun/ugv_ws/install/vizanti_cpp:/home/chotaehyun/ugv_ws/install/ugv_slam:/home/chotaehyun/ugv_ws/install/ugv_nav:/home/chotaehyun/ugv_ws/install/ugv_interface:/home/chotaehyun/ugv_ws/install/ugv_gazebo:/home/chotaehyun/ugv_ws/install/ugv_description:/home/chotaehyun/ugv_ws/install/ugv_base_node:/home/chotaehyun/ugv_ws/install/teb_local_planner:/home/chotaehyun/ugv_ws/install/slam_gmapping:/home/chotaehyun/ugv_ws/install/robot_pose_publisher:/home/chotaehyun/ugv_ws/install/rf2o_laser_odometry:/home/chotaehyun/ugv_ws/install/openslam_gmapping:/home/chotaehyun/ugv_ws/install/ldlidar:/home/chotaehyun/ugv_ws/install/explore_lite:/home/chotaehyun/ugv_ws/install/emcl2:/home/chotaehyun/ugv_ws/install/cartographer:/home/chotaehyun/ugv_ws/install/apriltag_ros:/home/chotaehyun/ugv_ws/install/apriltag_msgs:/home/chotaehyun/ugv_ws/install/apriltag:/home/chotaehyun/ugv_ws/install/ugv_web_app:/home/chotaehyun/ugv_ws/install/ugv_vision:/home/chotaehyun/ugv_ws/install/ugv_tools:/home/chotaehyun/ugv_ws/install/ugv_chat_ai:/home/chotaehyun/ugv_ws/install/ugv_bringup:/home/chotaehyun/ros2_ws/install/vehicle_control_pkg:/opt/ros/humble LD_LIBRARY_PATH=/home/chotaehyun/ugv_ws/install/teb_msgs/lib:/home/chotaehyun/ugv_ws/install/costmap_converter/lib:/home/chotaehyun/ugv_ws/install/costmap_converter_msgs/lib:/home/chotaehyun/ugv_ws/install/vizanti_msgs/lib:/home/chotaehyun/ugv_ws/install/ugv_interface/lib:/home/chotaehyun/ugv_ws/install/teb_local_planner/lib:/home/chotaehyun/ugv_ws/install/openslam_gmapping/lib:/home/chotaehyun/ugv_ws/install/apriltag_ros/lib:/home/chotaehyun/ugv_ws/install/apriltag_msgs/lib:/home/chotaehyun/ugv_ws/install/apriltag/lib:/usr/lib/x86_64-linux-gnu/gazebo-11/plugins:/opt/ros/humble/opt/rviz_ogre_vendor/lib:/opt/ros/humble/lib/x86_64-linux-gnu:/opt/ros/humble/lib /usr/bin/cmake /home/chotaehyun/ugv_ws/src/ugv_else/teb_local_planner/teb_local_planner -DAMENT_CMAKE_SYMLINK_INSTALL=1 -DCMAKE_INSTALL_PREFIX=/home/chotaehyun/ugv_ws/install/teb_local_planner
[0.126s] -- The C compiler identification is GNU 11.4.0
[0.189s] -- The CXX compiler identification is GNU 11.4.0
[0.199s] -- Detecting C compiler ABI info
[0.290s] -- Detecting C compiler ABI info - done
[0.308s] -- Check for working C compiler: /usr/bin/cc - skipped
[0.308s] -- Detecting C compile features
[0.309s] -- Detecting C compile features - done
[0.316s] -- Detecting CXX compiler ABI info
[0.425s] -- Detecting CXX compiler ABI info - done
[0.432s] -- Check for working CXX compiler: /usr/bin/c++ - skipped
[0.432s] -- Detecting CXX compile features
[0.433s] -- Detecting CXX compile features - done
[0.440s] -- Found ament_cmake: 1.3.14 (/opt/ros/humble/share/ament_cmake/cmake)
[0.660s] -- Found Python3: /usr/bin/python3 (found version "3.10.12") found components: Interpreter 
[0.739s] -- Override CMake install command with custom implementation using symlinks instead of copying resources
[0.851s] -- Found costmap_converter: 0.1.2 (/home/chotaehyun/ugv_ws/install/costmap_converter/share/costmap_converter/cmake)
[0.959s] -- Found rosidl_generator_c: 3.1.8 (/opt/ros/humble/share/rosidl_generator_c/cmake)
[0.972s] -- Found rosidl_adapter: 3.1.8 (/opt/ros/humble/share/rosidl_adapter/cmake)
[0.988s] -- Found rosidl_generator_cpp: 3.1.8 (/opt/ros/humble/share/rosidl_generator_cpp/cmake)
[1.008s] -- Using all available rosidl_typesupport_c: rosidl_typesupport_fastrtps_c;rosidl_typesupport_introspection_c
[1.030s] -- Using all available rosidl_typesupport_cpp: rosidl_typesupport_fastrtps_cpp;rosidl_typesupport_introspection_cpp
[1.265s] -- Found rmw_implementation_cmake: 6.1.2 (/opt/ros/humble/share/rmw_implementation_cmake/cmake)
[1.273s] -- Found rmw_fastrtps_cpp: 6.2.10 (/opt/ros/humble/share/rmw_fastrtps_cpp/cmake)
[1.443s] -- Found OpenSSL: /usr/lib/x86_64-linux-gnu/libcrypto.so (found version "3.0.2")  
[1.489s] -- Found FastRTPS: /opt/ros/humble/include  
[1.552s] -- Using RMW implementation 'rmw_fastrtps_cpp' as default
[1.573s] -- Looking for pthread.h
[1.680s] -- Looking for pthread.h - found
[1.681s] -- Performing Test CMAKE_HAVE_LIBC_PTHREAD
[1.819s] -- Performing Test CMAKE_HAVE_LIBC_PTHREAD - Success
[1.821s] -- Found Threads: TRUE  
[2.163s] -- Found Eigen3: TRUE (found version "3.4.0") 
[2.163s] -- Ensuring Eigen3 include directory is part of orocos-kdl CMake target
[2.377s] -- Found dwb_critics: 1.1.20 (/opt/ros/humble/share/dwb_critics/cmake)
[2.542s] -- Found teb_msgs: 0.0.1 (/home/chotaehyun/ugv_ws/install/teb_msgs/share/teb_msgs/cmake)
[2.567s] -- Found tf2_eigen: 0.25.19 (/opt/ros/humble/share/tf2_eigen/cmake)
[2.570s] -- System: Linux-6.8.0-106-generic
[2.570s] -- /opt/ros/humble/share/tinyxml2_vendor/cmake/Modules;/opt/ros/humble/share/eigen3_cmake_module/cmake/Modules;/opt/ros/humble/share/fastrtps_cmake_module/cmake/Modules;/home/chotaehyun/ugv_ws/src/ugv_else/teb_local_planner/teb_local_planner/cmake_modules
[2.577s] -- Found SuiteSparse
[2.578s] -- Searching for g2o ...
[2.579s] -- Found g2o headers in: /opt/ros/humble/include/g2o
[2.584s] -- Found libg2o: /opt/ros/humble/lib/x86_64-linux-gnu/libg2o_csparse_extension.so;/opt/ros/humble/lib/x86_64-linux-gnu/libg2o_core.so;/opt/ros/humble/lib/x86_64-linux-gnu/libg2o_stuff.so;/opt/ros/humble/lib/x86_64-linux-gnu/libg2o_types_slam2d.so;/opt/ros/humble/lib/x86_64-linux-gnu/libg2o_types_slam3d.so;/opt/ros/humble/lib/x86_64-linux-gnu/libg2o_solver_cholmod.so;/opt/ros/humble/lib/x86_64-linux-gnu/libg2o_solver_pcg.so;/opt/ros/humble/lib/x86_64-linux-gnu/libg2o_solver_csparse.so;/opt/ros/humble/lib/x86_64-linux-gnu/libg2o_incremental.so
[2.601s] -- Found Boost: /usr/lib/x86_64-linux-gnu/cmake/Boost-1.74.0/BoostConfig.cmake (found version "1.74.0")  
[4.455s] -- Found ament_cmake_gtest: 1.3.14 (/opt/ros/humble/share/ament_cmake_gtest/cmake)
[4.537s] -- Configuring done
[4.614s] -- Generating done
[4.623s] -- Build files have been written to: /home/chotaehyun/ugv_ws/build/teb_local_planner
[4.636s] Invoked command in '/home/chotaehyun/ugv_ws/build/teb_local_planner' returned '0': CMAKE_PREFIX_PATH=/home/chotaehyun/ugv_ws/install/teb_msgs:/home/chotaehyun/ugv_ws/install/costmap_converter:/home/chotaehyun/ugv_ws/install/costmap_converter_msgs:/home/chotaehyun/ugv_ws/install/vizanti:/home/chotaehyun/ugv_ws/install/vizanti_server:/home/chotaehyun/ugv_ws/install/vizanti_demos:/home/chotaehyun/ugv_ws/install/vizanti_msgs:/home/chotaehyun/ugv_ws/install/vizanti_cpp:/home/chotaehyun/ugv_ws/install/ugv_slam:/home/chotaehyun/ugv_ws/install/ugv_nav:/home/chotaehyun/ugv_ws/install/ugv_interface:/home/chotaehyun/ugv_ws/install/ugv_gazebo:/home/chotaehyun/ugv_ws/install/ugv_description:/home/chotaehyun/ugv_ws/install/ugv_base_node:/home/chotaehyun/ugv_ws/install/teb_local_planner:/home/chotaehyun/ugv_ws/install/slam_gmapping:/home/chotaehyun/ugv_ws/install/robot_pose_publisher:/home/chotaehyun/ugv_ws/install/rf2o_laser_odometry:/home/chotaehyun/ugv_ws/install/openslam_gmapping:/home/chotaehyun/ugv_ws/install/ldlidar:/home/chotaehyun/ugv_ws/install/explore_lite:/home/chotaehyun/ugv_ws/install/emcl2:/home/chotaehyun/ugv_ws/install/cartographer:/home/chotaehyun/ugv_ws/install/apriltag_ros:/home/chotaehyun/ugv_ws/install/apriltag_msgs:/home/chotaehyun/ugv_ws/install/apriltag:/home/chotaehyun/ugv_ws/install/ugv_web_app:/home/chotaehyun/ugv_ws/install/ugv_vision:/home/chotaehyun/ugv_ws/install/ugv_tools:/home/chotaehyun/ugv_ws/install/ugv_chat_ai:/home/chotaehyun/ugv_ws/install/ugv_bringup:/home/chotaehyun/ros2_ws/install/vehicle_control_pkg:/opt/ros/humble LD_LIBRARY_PATH=/home/chotaehyun/ugv_ws/install/teb_msgs/lib:/home/chotaehyun/ugv_ws/install/costmap_converter/lib:/home/chotaehyun/ugv_ws/install/costmap_converter_msgs/lib:/home/chotaehyun/ugv_ws/install/vizanti_msgs/lib:/home/chotaehyun/ugv_ws/install/ugv_interface/lib:/home/chotaehyun/ugv_ws/install/teb_local_planner/lib:/home/chotaehyun/ugv_ws/install/openslam_gmapping/lib:/home/chotaehyun/ugv_ws/install/apriltag_ros/lib:/home/chotaehyun/ugv_ws/install/apriltag_msgs/lib:/home/chotaehyun/ugv_ws/install/apriltag/lib:/usr/lib/x86_64-linux-gnu/gazebo-11/plugins:/opt/ros/humble/opt/rviz_ogre_vendor/lib:/opt/ros/humble/lib/x86_64-linux-gnu:/opt/ros/humble/lib /usr/bin/cmake /home/chotaehyun/ugv_ws/src/ugv_else/teb_local_planner/teb_local_planner -DAMENT_CMAKE_SYMLINK_INSTALL=1 -DCMAKE_INSTALL_PREFIX=/home/chotaehyun/ugv_ws/install/teb_local_planner
[4.640s] Invoking command in '/home/chotaehyun/ugv_ws/build/teb_local_planner': CMAKE_PREFIX_PATH=/home/chotaehyun/ugv_ws/install/teb_msgs:/home/chotaehyun/ugv_ws/install/costmap_converter:/home/chotaehyun/ugv_ws/install/costmap_converter_msgs:/home/chotaehyun/ugv_ws/install/vizanti:/home/chotaehyun/ugv_ws/install/vizanti_server:/home/chotaehyun/ugv_ws/install/vizanti_demos:/home/chotaehyun/ugv_ws/install/vizanti_msgs:/home/chotaehyun/ugv_ws/install/vizanti_cpp:/home/chotaehyun/ugv_ws/install/ugv_slam:/home/chotaehyun/ugv_ws/install/ugv_nav:/home/chotaehyun/ugv_ws/install/ugv_interface:/home/chotaehyun/ugv_ws/install/ugv_gazebo:/home/chotaehyun/ugv_ws/install/ugv_description:/home/chotaehyun/ugv_ws/install/ugv_base_node:/home/chotaehyun/ugv_ws/install/teb_local_planner:/home/chotaehyun/ugv_ws/install/slam_gmapping:/home/chotaehyun/ugv_ws/install/robot_pose_publisher:/home/chotaehyun/ugv_ws/install/rf2o_laser_odometry:/home/chotaehyun/ugv_ws/install/openslam_gmapping:/home/chotaehyun/ugv_ws/install/ldlidar:/home/chotaehyun/ugv_ws/install/explore_lite:/home/chotaehyun/ugv_ws/install/emcl2:/home/chotaehyun/ugv_ws/install/cartographer:/home/chotaehyun/ugv_ws/install/apriltag_ros:/home/chotaehyun/ugv_ws/install/apriltag_msgs:/home/chotaehyun/ugv_ws/install/apriltag:/home/chotaehyun/ugv_ws/install/ugv_web_app:/home/chotaehyun/ugv_ws/install/ugv_vision:/home/chotaehyun/ugv_ws/install/ugv_tools:/home/chotaehyun/ugv_ws/install/ugv_chat_ai:/home/chotaehyun/ugv_ws/install/ugv_bringup:/home/chotaehyun/ros2_ws/install/vehicle_control_pkg:/opt/ros/humble LD_LIBRARY_PATH=/home/chotaehyun/ugv_ws/install/teb_msgs/lib:/home/chotaehyun/ugv_ws/install/costmap_converter/lib:/home/chotaehyun/ugv_ws/install/costmap_converter_msgs/lib:/home/chotaehyun/ugv_ws/install/vizanti_msgs/lib:/home/chotaehyun/ugv_ws/install/ugv_interface/lib:/home/chotaehyun/ugv_ws/install/teb_local_planner/lib:/home/chotaehyun/ugv_ws/install/openslam_gmapping/lib:/home/chotaehyun/ugv_ws/install/apriltag_ros/lib:/home/chotaehyun/ugv_ws/install/apriltag_msgs/lib:/home/chotaehyun/ugv_ws/install/apriltag/lib:/usr/lib/x86_64-linux-gnu/gazebo-11/plugins:/opt/ros/humble/opt/rviz_ogre_vendor/lib:/opt/ros/humble/lib/x86_64-linux-gnu:/opt/ros/humble/lib /usr/bin/cmake --build /home/chotaehyun/ugv_ws/build/teb_local_planner -- -j16 -l16
[4.706s] [ 10%] [32mBuilding CXX object CMakeFiles/teb_local_planner.dir/src/timed_elastic_band.cpp.o[0m
[4.707s] [ 20%] [32mBuilding CXX object CMakeFiles/teb_local_planner.dir/src/optimal_planner.cpp.o[0m
[4.709s] [ 30%] [32mBuilding CXX object CMakeFiles/teb_local_planner.dir/src/obstacles.cpp.o[0m
[4.711s] [ 40%] [32mBuilding CXX object CMakeFiles/teb_local_planner.dir/src/teb_local_planner_ros.cpp.o[0m
[4.713s] [ 50%] [32mBuilding CXX object CMakeFiles/teb_local_planner.dir/src/teb_config.cpp.o[0m
[4.715s] [ 60%] [32mBuilding CXX object CMakeFiles/teb_local_planner.dir/src/recovery_behaviors.cpp.o[0m
[4.716s] [ 70%] [32mBuilding CXX object CMakeFiles/teb_local_planner.dir/src/visualization.cpp.o[0m
[4.717s] [ 80%] [32mBuilding CXX object CMakeFiles/teb_local_planner.dir/src/homotopy_class_planner.cpp.o[0m
[4.718s] [ 90%] [32mBuilding CXX object CMakeFiles/teb_local_planner.dir/src/graph_search.cpp.o[0m
[15.540s] In file included from [01m[K/opt/ros/humble/include/pluginlib/pluginlib/class_loader_imp.hpp:57[m[K,
[15.541s]                  from [01m[K/opt/ros/humble/include/pluginlib/pluginlib/class_loader.hpp:334[m[K,
[15.541s]                  from [01m[K/home/chotaehyun/ugv_ws/src/ugv_else/teb_local_planner/teb_local_planner/include/teb_local_planner/teb_local_planner_ros.h:42[m[K,
[15.541s]                  from [01m[K/home/chotaehyun/ugv_ws/src/ugv_else/teb_local_planner/teb_local_planner/src/teb_local_planner_ros.cpp:39[m[K:
[15.541s] [01m[K/home/chotaehyun/ugv_ws/install/costmap_converter/include/costmap_converter/costmap_converter_interface.h:[m[K In member function ‘[01m[Kvoid costmap_converter::BaseCostmapToPolygons::startWorker(rclcpp::GenericRate<std::chrono::_V2::system_clock>::SharedPtr, nav2_costmap_2d::Costmap2D*, bool)[m[K’:
[15.541s] [01m[K/home/chotaehyun/ugv_ws/install/costmap_converter/include/costmap_converter/costmap_converter_interface.h:197:41:[m[K [01;35m[Kwarning: [m[Ktoo many arguments for format [[01;35m[K]8;;https://gcc.gnu.org/onlinedocs/gcc/Warning-Options.html#index-Wformat-extra-args-Wformat-extra-args]8;;[m[K]
[15.541s]   197 |         RCLCPP_DEBUG(nh_->get_logger(), [01;35m[K"costmap_converter"[m[K, "Spinning up a thread for the CostmapToPolygons plugin");
[15.541s]       |                                         [01;35m[K^~~~~~~~~~~~~~~~~~~[m[K
[15.562s] [01m[K/home/chotaehyun/ugv_ws/install/costmap_converter/include/costmap_converter/costmap_converter_interface.h:[m[K In member function ‘[01m[Kvoid costmap_converter::BaseCostmapToDynamicObstacles::loadStaticCostmapConverterPlugin(const string&, rclcpp::Node::SharedPtr)[m[K’:
[15.562s] [01m[K/home/chotaehyun/ugv_ws/install/costmap_converter/include/costmap_converter/costmap_converter_interface.h:313:32:[m[K [01;35m[Kwarning: [m[Kformat ‘[01m[K%s[m[K’ expects argument of type ‘[01m[Kchar*[m[K’, but argument 5 has type ‘[01m[Kconst string[m[K’ {aka ‘[01m[Kconst std::__cxx11::basic_string<char>[m[K’} [[01;35m[K]8;;https://gcc.gnu.org/onlinedocs/gcc/Warning-Options.html#index-Wformat=-Wformat=]8;;[m[K]
[15.562s]   313 |       RCLCPP_INFO(getLogger(), [01;35m[K"CostmapToDynamicObstacles: underlying costmap conversion plugin for static obstacles %s loaded."[m[K, plugin_name);
[15.562s]       |                                [01;35m[K^~~~~~~~~~~~~~~~~~~~~~~~~~~~~~~~~~~~~~~~~~~~~~~~~~~~~~~~~~~~~~~~~~~~~~~~~~~~~~~~~~~~~~~~~~~~~~~~~[m[K
[15.563s] In file included from [01m[K/home/chotaehyun/ugv_ws/src/ugv_else/teb_local_planner/teb_local_planner/include/teb_local_planner/teb_local_planner_ros.h:68[m[K,
[15.563s]                  from [01m[K/home/chotaehyun/ugv_ws/src/ugv_else/teb_local_planner/teb_local_planner/src/teb_local_planner_ros.cpp:39[m[K:
[15.563s] [01m[K/home/chotaehyun/ugv_ws/install/costmap_converter/include/costmap_converter/costmap_converter_interface.h:313:119:[m[K [01;36m[Knote: [m[Kformat string is defined here
[15.563s]   313 |       RCLCPP_INFO(getLogger(), "CostmapToDynamicObstacles: underlying costmap conversion plugin for static obstacles [01;36m[K%s[m[K loaded.", plugin_name);
[15.563s]       |                                                                                                                      [01;36m[K~^[m[K
[15.563s]       |                                                                                                                       [01;36m[K|[m[K
[15.563s]       |                                                                                                                       [01;36m[Kchar*[m[K
[39.689s] [100%] [32m[1mLinking CXX shared library libteb_local_planner.so[0m
[40.268s] [100%] Built target teb_local_planner
[40.291s] Invoked command in '/home/chotaehyun/ugv_ws/build/teb_local_planner' returned '0': CMAKE_PREFIX_PATH=/home/chotaehyun/ugv_ws/install/teb_msgs:/home/chotaehyun/ugv_ws/install/costmap_converter:/home/chotaehyun/ugv_ws/install/costmap_converter_msgs:/home/chotaehyun/ugv_ws/install/vizanti:/home/chotaehyun/ugv_ws/install/vizanti_server:/home/chotaehyun/ugv_ws/install/vizanti_demos:/home/chotaehyun/ugv_ws/install/vizanti_msgs:/home/chotaehyun/ugv_ws/install/vizanti_cpp:/home/chotaehyun/ugv_ws/install/ugv_slam:/home/chotaehyun/ugv_ws/install/ugv_nav:/home/chotaehyun/ugv_ws/install/ugv_interface:/home/chotaehyun/ugv_ws/install/ugv_gazebo:/home/chotaehyun/ugv_ws/install/ugv_description:/home/chotaehyun/ugv_ws/install/ugv_base_node:/home/chotaehyun/ugv_ws/install/teb_local_planner:/home/chotaehyun/ugv_ws/install/slam_gmapping:/home/chotaehyun/ugv_ws/install/robot_pose_publisher:/home/chotaehyun/ugv_ws/install/rf2o_laser_odometry:/home/chotaehyun/ugv_ws/install/openslam_gmapping:/home/chotaehyun/ugv_ws/install/ldlidar:/home/chotaehyun/ugv_ws/install/explore_lite:/home/chotaehyun/ugv_ws/install/emcl2:/home/chotaehyun/ugv_ws/install/cartographer:/home/chotaehyun/ugv_ws/install/apriltag_ros:/home/chotaehyun/ugv_ws/install/apriltag_msgs:/home/chotaehyun/ugv_ws/install/apriltag:/home/chotaehyun/ugv_ws/install/ugv_web_app:/home/chotaehyun/ugv_ws/install/ugv_vision:/home/chotaehyun/ugv_ws/install/ugv_tools:/home/chotaehyun/ugv_ws/install/ugv_chat_ai:/home/chotaehyun/ugv_ws/install/ugv_bringup:/home/chotaehyun/ros2_ws/install/vehicle_control_pkg:/opt/ros/humble LD_LIBRARY_PATH=/home/chotaehyun/ugv_ws/install/teb_msgs/lib:/home/chotaehyun/ugv_ws/install/costmap_converter/lib:/home/chotaehyun/ugv_ws/install/costmap_converter_msgs/lib:/home/chotaehyun/ugv_ws/install/vizanti_msgs/lib:/home/chotaehyun/ugv_ws/install/ugv_interface/lib:/home/chotaehyun/ugv_ws/install/teb_local_planner/lib:/home/chotaehyun/ugv_ws/install/openslam_gmapping/lib:/home/chotaehyun/ugv_ws/install/apriltag_ros/lib:/home/chotaehyun/ugv_ws/install/apriltag_msgs/lib:/home/chotaehyun/ugv_ws/install/apriltag/lib:/usr/lib/x86_64-linux-gnu/gazebo-11/plugins:/opt/ros/humble/opt/rviz_ogre_vendor/lib:/opt/ros/humble/lib/x86_64-linux-gnu:/opt/ros/humble/lib /usr/bin/cmake --build /home/chotaehyun/ugv_ws/build/teb_local_planner -- -j16 -l16
[40.293s] Invoking command in '/home/chotaehyun/ugv_ws/build/teb_local_planner': CMAKE_PREFIX_PATH=/home/chotaehyun/ugv_ws/install/teb_msgs:/home/chotaehyun/ugv_ws/install/costmap_converter:/home/chotaehyun/ugv_ws/install/costmap_converter_msgs:/home/chotaehyun/ugv_ws/install/vizanti:/home/chotaehyun/ugv_ws/install/vizanti_server:/home/chotaehyun/ugv_ws/install/vizanti_demos:/home/chotaehyun/ugv_ws/install/vizanti_msgs:/home/chotaehyun/ugv_ws/install/vizanti_cpp:/home/chotaehyun/ugv_ws/install/ugv_slam:/home/chotaehyun/ugv_ws/install/ugv_nav:/home/chotaehyun/ugv_ws/install/ugv_interface:/home/chotaehyun/ugv_ws/install/ugv_gazebo:/home/chotaehyun/ugv_ws/install/ugv_description:/home/chotaehyun/ugv_ws/install/ugv_base_node:/home/chotaehyun/ugv_ws/install/teb_local_planner:/home/chotaehyun/ugv_ws/install/slam_gmapping:/home/chotaehyun/ugv_ws/install/robot_pose_publisher:/home/chotaehyun/ugv_ws/install/rf2o_laser_odometry:/home/chotaehyun/ugv_ws/install/openslam_gmapping:/home/chotaehyun/ugv_ws/install/ldlidar:/home/chotaehyun/ugv_ws/install/explore_lite:/home/chotaehyun/ugv_ws/install/emcl2:/home/chotaehyun/ugv_ws/install/cartographer:/home/chotaehyun/ugv_ws/install/apriltag_ros:/home/chotaehyun/ugv_ws/install/apriltag_msgs:/home/chotaehyun/ugv_ws/install/apriltag:/home/chotaehyun/ugv_ws/install/ugv_web_app:/home/chotaehyun/ugv_ws/install/ugv_vision:/home/chotaehyun/ugv_ws/install/ugv_tools:/home/chotaehyun/ugv_ws/install/ugv_chat_ai:/home/chotaehyun/ugv_ws/install/ugv_bringup:/home/chotaehyun/ros2_ws/install/vehicle_control_pkg:/opt/ros/humble LD_LIBRARY_PATH=/home/chotaehyun/ugv_ws/install/teb_msgs/lib:/home/chotaehyun/ugv_ws/install/costmap_converter/lib:/home/chotaehyun/ugv_ws/install/costmap_converter_msgs/lib:/home/chotaehyun/ugv_ws/install/vizanti_msgs/lib:/home/chotaehyun/ugv_ws/install/ugv_interface/lib:/home/chotaehyun/ugv_ws/install/teb_local_planner/lib:/home/chotaehyun/ugv_ws/install/openslam_gmapping/lib:/home/chotaehyun/ugv_ws/install/apriltag_ros/lib:/home/chotaehyun/ugv_ws/install/apriltag_msgs/lib:/home/chotaehyun/ugv_ws/install/apriltag/lib:/usr/lib/x86_64-linux-gnu/gazebo-11/plugins:/opt/ros/humble/opt/rviz_ogre_vendor/lib:/opt/ros/humble/lib/x86_64-linux-gnu:/opt/ros/humble/lib /usr/bin/cmake --install /home/chotaehyun/ugv_ws/build/teb_local_planner
[40.302s] -- Install configuration: "Release"
[40.302s] -- Execute custom install script
[40.303s] -- Symlinking: /home/chotaehyun/ugv_ws/install/teb_local_planner/lib/libteb_local_planner.so
[40.316s] -- Symlinking: /home/chotaehyun/ugv_ws/install/teb_local_planner/include//teb_local_planner/distance_calculations.h
[40.326s] -- Symlinking: /home/chotaehyun/ugv_ws/install/teb_local_planner/include//teb_local_planner/equivalence_relations.h
[40.337s] -- Symlinking: /home/chotaehyun/ugv_ws/install/teb_local_planner/include//teb_local_planner/g2o_types/base_teb_edges.h
[40.359s] -- Symlinking: /home/chotaehyun/ugv_ws/install/teb_local_planner/include//teb_local_planner/g2o_types/edge_acceleration.h
[40.375s] -- Symlinking: /home/chotaehyun/ugv_ws/install/teb_local_planner/include//teb_local_planner/g2o_types/edge_dynamic_obstacle.h
[40.386s] -- Symlinking: /home/chotaehyun/ugv_ws/install/teb_local_planner/include//teb_local_planner/g2o_types/edge_kinematics.h
[40.397s] -- Symlinking: /home/chotaehyun/ugv_ws/install/teb_local_planner/include//teb_local_planner/g2o_types/edge_obstacle.h
[40.419s] -- Symlinking: /home/chotaehyun/ugv_ws/install/teb_local_planner/include//teb_local_planner/g2o_types/edge_prefer_rotdir.h
[40.430s] -- Symlinking: /home/chotaehyun/ugv_ws/install/teb_local_planner/include//teb_local_planner/g2o_types/edge_shortest_path.h
[40.450s] -- Symlinking: /home/chotaehyun/ugv_ws/install/teb_local_planner/include//teb_local_planner/g2o_types/edge_time_optimal.h
[40.471s] -- Symlinking: /home/chotaehyun/ugv_ws/install/teb_local_planner/include//teb_local_planner/g2o_types/edge_velocity.h
[40.482s] -- Symlinking: /home/chotaehyun/ugv_ws/install/teb_local_planner/include//teb_local_planner/g2o_types/edge_velocity_obstacle_ratio.h
[40.492s] -- Symlinking: /home/chotaehyun/ugv_ws/install/teb_local_planner/include//teb_local_planner/g2o_types/edge_via_point.h
[40.503s] -- Symlinking: /home/chotaehyun/ugv_ws/install/teb_local_planner/include//teb_local_planner/g2o_types/penalties.h
[40.514s] -- Symlinking: /home/chotaehyun/ugv_ws/install/teb_local_planner/include//teb_local_planner/g2o_types/vertex_pose.h
[40.525s] -- Symlinking: /home/chotaehyun/ugv_ws/install/teb_local_planner/include//teb_local_planner/g2o_types/vertex_timediff.h
[40.547s] -- Symlinking: /home/chotaehyun/ugv_ws/install/teb_local_planner/include//teb_local_planner/graph_search.h
[40.567s] -- Symlinking: /home/chotaehyun/ugv_ws/install/teb_local_planner/include//teb_local_planner/h_signature.h
[40.579s] -- Symlinking: /home/chotaehyun/ugv_ws/install/teb_local_planner/include//teb_local_planner/homotopy_class_planner.h
[40.590s] -- Symlinking: /home/chotaehyun/ugv_ws/install/teb_local_planner/include//teb_local_planner/homotopy_class_planner.hpp
[40.601s] -- Symlinking: /home/chotaehyun/ugv_ws/install/teb_local_planner/include//teb_local_planner/misc.h
[40.611s] -- Symlinking: /home/chotaehyun/ugv_ws/install/teb_local_planner/include//teb_local_planner/obstacles.h
[40.623s] -- Symlinking: /home/chotaehyun/ugv_ws/install/teb_local_planner/include//teb_local_planner/optimal_planner.h
[40.634s] -- Symlinking: /home/chotaehyun/ugv_ws/install/teb_local_planner/include//teb_local_planner/planner_interface.h
[40.646s] -- Symlinking: /home/chotaehyun/ugv_ws/install/teb_local_planner/include//teb_local_planner/pose_se2.h
[40.657s] -- Symlinking: /home/chotaehyun/ugv_ws/install/teb_local_planner/include//teb_local_planner/recovery_behaviors.h
[40.668s] -- Symlinking: /home/chotaehyun/ugv_ws/install/teb_local_planner/include//teb_local_planner/robot_footprint_model.h
[40.680s] -- Symlinking: /home/chotaehyun/ugv_ws/install/teb_local_planner/include//teb_local_planner/teb_config.h
[40.690s] -- Symlinking: /home/chotaehyun/ugv_ws/install/teb_local_planner/include//teb_local_planner/teb_local_planner_ros.h
[40.701s] -- Symlinking: /home/chotaehyun/ugv_ws/install/teb_local_planner/include//teb_local_planner/timed_elastic_band.h
[40.713s] -- Symlinking: /home/chotaehyun/ugv_ws/install/teb_local_planner/include//teb_local_planner/timed_elastic_band.hpp
[40.723s] -- Symlinking: /home/chotaehyun/ugv_ws/install/teb_local_planner/include//teb_local_planner/visualization.h
[40.734s] -- Symlinking: /home/chotaehyun/ugv_ws/install/teb_local_planner/include//teb_local_planner/visualization.hpp
[40.746s] -- Symlinking: /home/chotaehyun/ugv_ws/install/teb_local_planner/share/teb_local_planner_plugin.xml
[40.763s] -- Symlinking: /home/chotaehyun/ugv_ws/install/teb_local_planner/lib/teb_local_planner/cmd_vel_to_ackermann_drive.py
[40.775s] -- Symlinking: /home/chotaehyun/ugv_ws/install/teb_local_planner/share/teb_local_planner/params/teb_params.yaml
[40.787s] -- Symlinking: /home/chotaehyun/ugv_ws/install/teb_local_planner/share/teb_local_planner/environment/library_path.sh
[40.798s] -- Symlinking: /home/chotaehyun/ugv_ws/install/teb_local_planner/share/teb_local_planner/environment/library_path.dsv
[40.819s] -- Symlinking: /home/chotaehyun/ugv_ws/install/teb_local_planner/share/teb_local_planner//teb_local_planner_plugin.xml
[40.841s] -- Symlinking: /home/chotaehyun/ugv_ws/install/teb_local_planner/share/ament_index/resource_index/package_run_dependencies/teb_local_planner
[40.852s] -- Symlinking: /home/chotaehyun/ugv_ws/install/teb_local_planner/share/ament_index/resource_index/parent_prefix_path/teb_local_planner
[40.862s] -- Symlinking: /home/chotaehyun/ugv_ws/install/teb_local_planner/share/teb_local_planner/environment/ament_prefix_path.sh
[40.873s] -- Symlinking: /home/chotaehyun/ugv_ws/install/teb_local_planner/share/teb_local_planner/environment/ament_prefix_path.dsv
[40.884s] -- Symlinking: /home/chotaehyun/ugv_ws/install/teb_local_planner/share/teb_local_planner/environment/path.sh
[40.895s] -- Symlinking: /home/chotaehyun/ugv_ws/install/teb_local_planner/share/teb_local_planner/environment/path.dsv
[40.906s] -- Symlinking: /home/chotaehyun/ugv_ws/install/teb_local_planner/share/teb_local_planner/local_setup.bash
[40.918s] -- Symlinking: /home/chotaehyun/ugv_ws/install/teb_local_planner/share/teb_local_planner/local_setup.sh
[40.929s] -- Symlinking: /home/chotaehyun/ugv_ws/install/teb_local_planner/share/teb_local_planner/local_setup.zsh
[40.949s] -- Symlinking: /home/chotaehyun/ugv_ws/install/teb_local_planner/share/teb_local_planner/local_setup.dsv
[40.968s] -- Symlinking: /home/chotaehyun/ugv_ws/install/teb_local_planner/share/teb_local_planner/package.dsv
[40.980s] -- Symlinking: /home/chotaehyun/ugv_ws/install/teb_local_planner/share/ament_index/resource_index/packages/teb_local_planner
[40.991s] -- Symlinking: /home/chotaehyun/ugv_ws/install/teb_local_planner/share/ament_index/resource_index/nav2_core__pluginlib__plugin/teb_local_planner
[41.011s] -- Symlinking: /home/chotaehyun/ugv_ws/install/teb_local_planner/share/teb_local_planner/cmake/ament_cmake_export_include_directories-extras.cmake
[41.022s] -- Symlinking: /home/chotaehyun/ugv_ws/install/teb_local_planner/share/teb_local_planner/cmake/ament_cmake_export_libraries-extras.cmake
[41.033s] -- Symlinking: /home/chotaehyun/ugv_ws/install/teb_local_planner/share/teb_local_planner/cmake/ament_cmake_export_dependencies-extras.cmake
[41.044s] -- Symlinking: /home/chotaehyun/ugv_ws/install/teb_local_planner/share/teb_local_planner/cmake/teb_local_plannerConfig.cmake
[41.054s] -- Symlinking: /home/chotaehyun/ugv_ws/install/teb_local_planner/share/teb_local_planner/cmake/teb_local_plannerConfig-version.cmake
[41.065s] -- Symlinking: /home/chotaehyun/ugv_ws/install/teb_local_planner/share/teb_local_planner/package.xml
[41.081s] Invoked command in '/home/chotaehyun/ugv_ws/build/teb_local_planner' returned '0': CMAKE_PREFIX_PATH=/home/chotaehyun/ugv_ws/install/teb_msgs:/home/chotaehyun/ugv_ws/install/costmap_converter:/home/chotaehyun/ugv_ws/install/costmap_converter_msgs:/home/chotaehyun/ugv_ws/install/vizanti:/home/chotaehyun/ugv_ws/install/vizanti_server:/home/chotaehyun/ugv_ws/install/vizanti_demos:/home/chotaehyun/ugv_ws/install/vizanti_msgs:/home/chotaehyun/ugv_ws/install/vizanti_cpp:/home/chotaehyun/ugv_ws/install/ugv_slam:/home/chotaehyun/ugv_ws/install/ugv_nav:/home/chotaehyun/ugv_ws/install/ugv_interface:/home/chotaehyun/ugv_ws/install/ugv_gazebo:/home/chotaehyun/ugv_ws/install/ugv_description:/home/chotaehyun/ugv_ws/install/ugv_base_node:/home/chotaehyun/ugv_ws/install/teb_local_planner:/home/chotaehyun/ugv_ws/install/slam_gmapping:/home/chotaehyun/ugv_ws/install/robot_pose_publisher:/home/chotaehyun/ugv_ws/install/rf2o_laser_odometry:/home/chotaehyun/ugv_ws/install/openslam_gmapping:/home/chotaehyun/ugv_ws/install/ldlidar:/home/chotaehyun/ugv_ws/install/explore_lite:/home/chotaehyun/ugv_ws/install/emcl2:/home/chotaehyun/ugv_ws/install/cartographer:/home/chotaehyun/ugv_ws/install/apriltag_ros:/home/chotaehyun/ugv_ws/install/apriltag_msgs:/home/chotaehyun/ugv_ws/install/apriltag:/home/chotaehyun/ugv_ws/install/ugv_web_app:/home/chotaehyun/ugv_ws/install/ugv_vision:/home/chotaehyun/ugv_ws/install/ugv_tools:/home/chotaehyun/ugv_ws/install/ugv_chat_ai:/home/chotaehyun/ugv_ws/install/ugv_bringup:/home/chotaehyun/ros2_ws/install/vehicle_control_pkg:/opt/ros/humble LD_LIBRARY_PATH=/home/chotaehyun/ugv_ws/install/teb_msgs/lib:/home/chotaehyun/ugv_ws/install/costmap_converter/lib:/home/chotaehyun/ugv_ws/install/costmap_converter_msgs/lib:/home/chotaehyun/ugv_ws/install/vizanti_msgs/lib:/home/chotaehyun/ugv_ws/install/ugv_interface/lib:/home/chotaehyun/ugv_ws/install/teb_local_planner/lib:/home/chotaehyun/ugv_ws/install/openslam_gmapping/lib:/home/chotaehyun/ugv_ws/install/apriltag_ros/lib:/home/chotaehyun/ugv_ws/install/apriltag_msgs/lib:/home/chotaehyun/ugv_ws/install/apriltag/lib:/usr/lib/x86_64-linux-gnu/gazebo-11/plugins:/opt/ros/humble/opt/rviz_ogre_vendor/lib:/opt/ros/humble/lib/x86_64-linux-gnu:/opt/ros/humble/lib /usr/bin/cmake --install /home/chotaehyun/ugv_ws/build/teb_local_planner
