[0.072s] Invoking command in '/home/chotaehyun/ugv_ws/build/cartographer': CMAKE_PREFIX_PATH=${CMAKE_PREFIX_PATH}:/home/chotaehyun/ugv_ws/install/ugv_web_app:/home/chotaehyun/ugv_ws/install/ugv_vision:/home/chotaehyun/ugv_ws/install/ugv_tools:/home/chotaehyun/ugv_ws/install/ugv_chat_ai:/home/chotaehyun/ugv_ws/install/ugv_bringup:/home/chotaehyun/ros2_ws/install/vehicle_control_pkg:/opt/ros/humble /usr/bin/cmake /home/chotaehyun/ugv_ws/src/ugv_else/cartographer -DAMENT_CMAKE_SYMLINK_INSTALL=1 -DCMAKE_INSTALL_PREFIX=/home/chotaehyun/ugv_ws/install/cartographer
[1.054s] -- The C compiler identification is GNU 11.4.0
[1.054s] -- The CXX compiler identification is GNU 11.4.0
[1.054s] -- Detecting C compiler ABI info
[1.054s] -- Detecting C compiler ABI info - done
[1.054s] -- Check for working C compiler: /usr/bin/cc - skipped
[1.055s] -- Detecting C compile features
[1.055s] -- Detecting C compile features - done
[1.055s] -- Detecting CXX compiler ABI info
[1.055s] -- Detecting CXX compiler ABI info - done
[1.055s] -- Check for working CXX compiler: /usr/bin/c++ - skipped
[1.055s] -- Detecting CXX compile features
[1.055s] -- Detecting CXX compile features - done
[1.055s] -- Found ament_cmake: 1.3.14 (/opt/ros/humble/share/ament_cmake/cmake)
[1.055s] -- Found Python3: /usr/bin/python3 (found version "3.10.12") found components: Interpreter 
[1.107s] -- Override CMake install command with custom implementation using symlinks instead of copying resources
[1.179s] -- Found ament_lint_auto: 0.12.15 (/opt/ros/humble/share/ament_lint_auto/cmake)
[1.382s] -- Added test 'flake8' to check Python code syntax and style conventions
[1.387s] -- Added test 'lint_cmake' to check CMake code style
[1.388s] -- Added test 'pep257' to check Python code against some of the docstring style conventions in PEP 257
[1.394s] -- Added test 'xmllint' to check XML markup files
[1.401s] -- Configuring done
[1.405s] -- Generating done
[1.409s] -- Build files have been written to: /home/chotaehyun/ugv_ws/build/cartographer
[1.432s] Invoked command in '/home/chotaehyun/ugv_ws/build/cartographer' returned '0': CMAKE_PREFIX_PATH=${CMAKE_PREFIX_PATH}:/home/chotaehyun/ugv_ws/install/ugv_web_app:/home/chotaehyun/ugv_ws/install/ugv_vision:/home/chotaehyun/ugv_ws/install/ugv_tools:/home/chotaehyun/ugv_ws/install/ugv_chat_ai:/home/chotaehyun/ugv_ws/install/ugv_bringup:/home/chotaehyun/ros2_ws/install/vehicle_control_pkg:/opt/ros/humble /usr/bin/cmake /home/chotaehyun/ugv_ws/src/ugv_else/cartographer -DAMENT_CMAKE_SYMLINK_INSTALL=1 -DCMAKE_INSTALL_PREFIX=/home/chotaehyun/ugv_ws/install/cartographer
[1.433s] Invoking command in '/home/chotaehyun/ugv_ws/build/cartographer': CMAKE_PREFIX_PATH=${CMAKE_PREFIX_PATH}:/home/chotaehyun/ugv_ws/install/ugv_web_app:/home/chotaehyun/ugv_ws/install/ugv_vision:/home/chotaehyun/ugv_ws/install/ugv_tools:/home/chotaehyun/ugv_ws/install/ugv_chat_ai:/home/chotaehyun/ugv_ws/install/ugv_bringup:/home/chotaehyun/ros2_ws/install/vehicle_control_pkg:/opt/ros/humble /usr/bin/cmake --build /home/chotaehyun/ugv_ws/build/cartographer -- -j16 -l16
[3.544s] Invoked command in '/home/chotaehyun/ugv_ws/build/cartographer' returned '0': CMAKE_PREFIX_PATH=${CMAKE_PREFIX_PATH}:/home/chotaehyun/ugv_ws/install/ugv_web_app:/home/chotaehyun/ugv_ws/install/ugv_vision:/home/chotaehyun/ugv_ws/install/ugv_tools:/home/chotaehyun/ugv_ws/install/ugv_chat_ai:/home/chotaehyun/ugv_ws/install/ugv_bringup:/home/chotaehyun/ros2_ws/install/vehicle_control_pkg:/opt/ros/humble /usr/bin/cmake --build /home/chotaehyun/ugv_ws/build/cartographer -- -j16 -l16
[3.576s] Invoking command in '/home/chotaehyun/ugv_ws/build/cartographer': CMAKE_PREFIX_PATH=${CMAKE_PREFIX_PATH}:/home/chotaehyun/ugv_ws/install/ugv_web_app:/home/chotaehyun/ugv_ws/install/ugv_vision:/home/chotaehyun/ugv_ws/install/ugv_tools:/home/chotaehyun/ugv_ws/install/ugv_chat_ai:/home/chotaehyun/ugv_ws/install/ugv_bringup:/home/chotaehyun/ros2_ws/install/vehicle_control_pkg:/opt/ros/humble /usr/bin/cmake --install /home/chotaehyun/ugv_ws/build/cartographer
[3.762s] -- Install configuration: ""
[3.762s] -- Execute custom install script
[3.762s] -- Symlinking: /home/chotaehyun/ugv_ws/install/cartographer/share/cartographer/config/localization_2d.lua
[3.762s] -- Symlinking: /home/chotaehyun/ugv_ws/install/cartographer/share/cartographer/config/mapping_2d.lua
[3.762s] -- Symlinking: /home/chotaehyun/ugv_ws/install/cartographer/share/cartographer/launch/localization.launch.py
[3.762s] -- Symlinking: /home/chotaehyun/ugv_ws/install/cartographer/share/cartographer/launch/mapping.launch.py
[3.762s] -- Symlinking: /home/chotaehyun/ugv_ws/install/cartographer/share/cartographer/launch/occupancy_grid.launch.py
[3.762s] -- Symlinking: /home/chotaehyun/ugv_ws/install/cartographer/share/ament_index/resource_index/package_run_dependencies/cartographer
[3.762s] -- Symlinking: /home/chotaehyun/ugv_ws/install/cartographer/share/ament_index/resource_index/parent_prefix_path/cartographer
[3.779s] -- Symlinking: /home/chotaehyun/ugv_ws/install/cartographer/share/cartographer/environment/ament_prefix_path.sh
[3.801s] -- Symlinking: /home/chotaehyun/ugv_ws/install/cartographer/share/cartographer/environment/ament_prefix_path.dsv
[3.843s] -- Symlinking: /home/chotaehyun/ugv_ws/install/cartographer/share/cartographer/environment/path.sh
[3.867s] -- Symlinking: /home/chotaehyun/ugv_ws/install/cartographer/share/cartographer/environment/path.dsv
[3.900s] -- Symlinking: /home/chotaehyun/ugv_ws/install/cartographer/share/cartographer/local_setup.bash
[3.932s] -- Symlinking: /home/chotaehyun/ugv_ws/install/cartographer/share/cartographer/local_setup.sh
[3.974s] -- Symlinking: /home/chotaehyun/ugv_ws/install/cartographer/share/cartographer/local_setup.zsh
[4.015s] -- Symlinking: /home/chotaehyun/ugv_ws/install/cartographer/share/cartographer/local_setup.dsv
[4.054s] -- Symlinking: /home/chotaehyun/ugv_ws/install/cartographer/share/cartographer/package.dsv
[4.098s] -- Symlinking: /home/chotaehyun/ugv_ws/install/cartographer/share/ament_index/resource_index/packages/cartographer
[4.143s] -- Symlinking: /home/chotaehyun/ugv_ws/install/cartographer/share/cartographer/cmake/cartographerConfig.cmake
[4.196s] -- Symlinking: /home/chotaehyun/ugv_ws/install/cartographer/share/cartographer/cmake/cartographerConfig-version.cmake
[4.235s] -- Symlinking: /home/chotaehyun/ugv_ws/install/cartographer/share/cartographer/package.xml
[4.314s] Invoked command in '/home/chotaehyun/ugv_ws/build/cartographer' returned '0': CMAKE_PREFIX_PATH=${CMAKE_PREFIX_PATH}:/home/chotaehyun/ugv_ws/install/ugv_web_app:/home/chotaehyun/ugv_ws/install/ugv_vision:/home/chotaehyun/ugv_ws/install/ugv_tools:/home/chotaehyun/ugv_ws/install/ugv_chat_ai:/home/chotaehyun/ugv_ws/install/ugv_bringup:/home/chotaehyun/ros2_ws/install/vehicle_control_pkg:/opt/ros/humble /usr/bin/cmake --install /home/chotaehyun/ugv_ws/build/cartographer
