[0.453s] Invoking command in '/home/chotaehyun/ugv_ws/build/robot_pose_publisher': CMAKE_PREFIX_PATH=${CMAKE_PREFIX_PATH}:/home/chotaehyun/ugv_ws/install/ugv_web_app:/home/chotaehyun/ugv_ws/install/ugv_vision:/home/chotaehyun/ugv_ws/install/ugv_tools:/home/chotaehyun/ugv_ws/install/ugv_chat_ai:/home/chotaehyun/ugv_ws/install/ugv_bringup:/home/chotaehyun/ugv_ws/install/my_waver_app:/home/chotaehyun/ros2_ws/install/vehicle_control_pkg:/opt/ros/humble /usr/bin/cmake --build /home/chotaehyun/ugv_ws/build/robot_pose_publisher -- -j16 -l16
[1.036s] [100%] Built target robot_pose_publisher
[1.074s] Invoked command in '/home/chotaehyun/ugv_ws/build/robot_pose_publisher' returned '0': CMAKE_PREFIX_PATH=${CMAKE_PREFIX_PATH}:/home/chotaehyun/ugv_ws/install/ugv_web_app:/home/chotaehyun/ugv_ws/install/ugv_vision:/home/chotaehyun/ugv_ws/install/ugv_tools:/home/chotaehyun/ugv_ws/install/ugv_chat_ai:/home/chotaehyun/ugv_ws/install/ugv_bringup:/home/chotaehyun/ugv_ws/install/my_waver_app:/home/chotaehyun/ros2_ws/install/vehicle_control_pkg:/opt/ros/humble /usr/bin/cmake --build /home/chotaehyun/ugv_ws/build/robot_pose_publisher -- -j16 -l16
[1.076s] Invoking command in '/home/chotaehyun/ugv_ws/build/robot_pose_publisher': CMAKE_PREFIX_PATH=${CMAKE_PREFIX_PATH}:/home/chotaehyun/ugv_ws/install/ugv_web_app:/home/chotaehyun/ugv_ws/install/ugv_vision:/home/chotaehyun/ugv_ws/install/ugv_tools:/home/chotaehyun/ugv_ws/install/ugv_chat_ai:/home/chotaehyun/ugv_ws/install/ugv_bringup:/home/chotaehyun/ugv_ws/install/my_waver_app:/home/chotaehyun/ros2_ws/install/vehicle_control_pkg:/opt/ros/humble /usr/bin/cmake --install /home/chotaehyun/ugv_ws/build/robot_pose_publisher
[1.140s] -- Install configuration: ""
[1.140s] -- Execute custom install script
[1.140s] -- Up-to-date symlink: /home/chotaehyun/ugv_ws/install/robot_pose_publisher/lib/robot_pose_publisher/robot_pose_publisher
[1.140s] -- Up-to-date symlink: /home/chotaehyun/ugv_ws/install/robot_pose_publisher/share/robot_pose_publisher/launch/robot_pose_publisher_launch.py
[1.140s] -- Up-to-date symlink: /home/chotaehyun/ugv_ws/install/robot_pose_publisher/share/ament_index/resource_index/package_run_dependencies/robot_pose_publisher
[1.140s] -- Up-to-date symlink: /home/chotaehyun/ugv_ws/install/robot_pose_publisher/share/ament_index/resource_index/parent_prefix_path/robot_pose_publisher
[1.141s] -- Up-to-date symlink: /home/chotaehyun/ugv_ws/install/robot_pose_publisher/share/robot_pose_publisher/environment/ament_prefix_path.sh
[1.141s] -- Up-to-date symlink: /home/chotaehyun/ugv_ws/install/robot_pose_publisher/share/robot_pose_publisher/environment/ament_prefix_path.dsv
[1.141s] -- Up-to-date symlink: /home/chotaehyun/ugv_ws/install/robot_pose_publisher/share/robot_pose_publisher/environment/path.sh
[1.141s] -- Up-to-date symlink: /home/chotaehyun/ugv_ws/install/robot_pose_publisher/share/robot_pose_publisher/environment/path.dsv
[1.141s] -- Up-to-date symlink: /home/chotaehyun/ugv_ws/install/robot_pose_publisher/share/robot_pose_publisher/local_setup.bash
[1.141s] -- Up-to-date symlink: /home/chotaehyun/ugv_ws/install/robot_pose_publisher/share/robot_pose_publisher/local_setup.sh
[1.141s] -- Up-to-date symlink: /home/chotaehyun/ugv_ws/install/robot_pose_publisher/share/robot_pose_publisher/local_setup.zsh
[1.141s] -- Up-to-date symlink: /home/chotaehyun/ugv_ws/install/robot_pose_publisher/share/robot_pose_publisher/local_setup.dsv
[1.141s] -- Symlinking: /home/chotaehyun/ugv_ws/install/robot_pose_publisher/share/robot_pose_publisher/package.dsv
[1.141s] -- Up-to-date symlink: /home/chotaehyun/ugv_ws/install/robot_pose_publisher/share/ament_index/resource_index/packages/robot_pose_publisher
[1.141s] -- Up-to-date symlink: /home/chotaehyun/ugv_ws/install/robot_pose_publisher/share/robot_pose_publisher/cmake/robot_pose_publisherConfig.cmake
[1.141s] -- Up-to-date symlink: /home/chotaehyun/ugv_ws/install/robot_pose_publisher/share/robot_pose_publisher/cmake/robot_pose_publisherConfig-version.cmake
[1.142s] -- Up-to-date symlink: /home/chotaehyun/ugv_ws/install/robot_pose_publisher/share/robot_pose_publisher/package.xml
[1.255s] Invoked command in '/home/chotaehyun/ugv_ws/build/robot_pose_publisher' returned '0': CMAKE_PREFIX_PATH=${CMAKE_PREFIX_PATH}:/home/chotaehyun/ugv_ws/install/ugv_web_app:/home/chotaehyun/ugv_ws/install/ugv_vision:/home/chotaehyun/ugv_ws/install/ugv_tools:/home/chotaehyun/ugv_ws/install/ugv_chat_ai:/home/chotaehyun/ugv_ws/install/ugv_bringup:/home/chotaehyun/ugv_ws/install/my_waver_app:/home/chotaehyun/ros2_ws/install/vehicle_control_pkg:/opt/ros/humble /usr/bin/cmake --install /home/chotaehyun/ugv_ws/build/robot_pose_publisher
