[0.070s] Invoking command in '/home/chotaehyun/ugv_ws/build/explore_lite': CMAKE_PREFIX_PATH=${CMAKE_PREFIX_PATH}:/home/chotaehyun/ugv_ws/install/ugv_web_app:/home/chotaehyun/ugv_ws/install/ugv_vision:/home/chotaehyun/ugv_ws/install/ugv_tools:/home/chotaehyun/ugv_ws/install/ugv_chat_ai:/home/chotaehyun/ugv_ws/install/ugv_bringup:/home/chotaehyun/ros2_ws/install/vehicle_control_pkg:/opt/ros/humble /usr/bin/cmake /home/chotaehyun/ugv_ws/src/ugv_else/explore_lite -DAMENT_CMAKE_SYMLINK_INSTALL=1 -DCMAKE_INSTALL_PREFIX=/home/chotaehyun/ugv_ws/install/explore_lite
[1.049s] -- The C compiler identification is GNU 11.4.0
[1.049s] -- The CXX compiler identification is GNU 11.4.0
[1.049s] -- Detecting C compiler ABI info
[1.049s] -- Detecting C compiler ABI info - done
[1.049s] -- Check for working C compiler: /usr/bin/cc - skipped
[1.049s] -- Detecting C compile features
[1.049s] -- Detecting C compile features - done
[1.049s] -- Detecting CXX compiler ABI info
[1.049s] -- Detecting CXX compiler ABI info - done
[1.050s] -- Check for working CXX compiler: /usr/bin/c++ - skipped
[1.050s] -- Detecting CXX compile features
[1.050s] -- Detecting CXX compile features - done
[1.050s] -- BuilD for ROS2: humble
[1.050s] -- Found ament_cmake: 1.3.14 (/opt/ros/humble/share/ament_cmake/cmake)
[1.050s] -- Found Python3: /usr/bin/python3 (found version "3.10.12") found components: Interpreter 
[1.102s] -- Override CMake install command with custom implementation using symlinks instead of copying resources
[1.174s] -- Found rclcpp: 16.0.18 (/opt/ros/humble/share/rclcpp/cmake)
[1.264s] -- Found rosidl_generator_c: 3.1.8 (/opt/ros/humble/share/rosidl_generator_c/cmake)
[1.277s] -- Found rosidl_adapter: 3.1.8 (/opt/ros/humble/share/rosidl_adapter/cmake)
[1.309s] -- Found rosidl_generator_cpp: 3.1.8 (/opt/ros/humble/share/rosidl_generator_cpp/cmake)
[1.347s] -- Using all available rosidl_typesupport_c: rosidl_typesupport_fastrtps_c;rosidl_typesupport_introspection_c
[1.382s] -- Using all available rosidl_typesupport_cpp: rosidl_typesupport_fastrtps_cpp;rosidl_typesupport_introspection_cpp
[1.479s] -- Found rmw_implementation_cmake: 6.1.2 (/opt/ros/humble/share/rmw_implementation_cmake/cmake)
[1.486s] -- Found rmw_fastrtps_cpp: 6.2.10 (/opt/ros/humble/share/rmw_fastrtps_cpp/cmake)
[1.815s] -- Found OpenSSL: /usr/lib/x86_64-linux-gnu/libcrypto.so (found version "3.0.2")  
[1.895s] -- Found FastRTPS: /opt/ros/humble/include  
[1.995s] -- Using RMW implementation 'rmw_fastrtps_cpp' as default
[2.012s] -- Looking for pthread.h
[2.226s] -- Looking for pthread.h - found
[2.227s] -- Performing Test CMAKE_HAVE_LIBC_PTHREAD
[2.550s] -- Performing Test CMAKE_HAVE_LIBC_PTHREAD - Success
[2.555s] -- Found Threads: TRUE  
[2.825s] -- Found sensor_msgs: 4.9.1 (/opt/ros/humble/share/sensor_msgs/cmake)
[2.888s] -- Found tf2_ros: 0.25.19 (/opt/ros/humble/share/tf2_ros/cmake)
[3.141s] -- Found tf2_geometry_msgs: 0.25.19 (/opt/ros/humble/share/tf2_geometry_msgs/cmake)
[3.195s] -- Found eigen3_cmake_module: 0.1.1 (/opt/ros/humble/share/eigen3_cmake_module/cmake)
[3.198s] -- Found Eigen3: TRUE (found version "3.4.0") 
[3.201s] -- Ensuring Eigen3 include directory is part of orocos-kdl CMake target
[3.206s] -- Found nav2_msgs: 1.1.20 (/opt/ros/humble/share/nav2_msgs/cmake)
[3.298s] -- Found map_msgs: 2.1.0 (/opt/ros/humble/share/map_msgs/cmake)
[3.343s] -- Found visualization_msgs: 4.9.1 (/opt/ros/humble/share/visualization_msgs/cmake)
[3.385s] -- Found nav2_costmap_2d: 1.1.20 (/opt/ros/humble/share/nav2_costmap_2d/cmake)
[3.750s] -- Found ament_lint_auto: 0.12.15 (/opt/ros/humble/share/ament_lint_auto/cmake)
[3.995s] -- Found ament_cmake_gtest: 1.3.14 (/opt/ros/humble/share/ament_cmake_gtest/cmake)
[4.012s] -- Found gtest sources under '/opt/ros/humble/src/gtest_vendor': C++ tests using 'Google Test' will be built
[4.073s] -- Added test 'cppcheck' to perform static code analysis on C / C++ code
[4.082s] -- Configured cppcheck include dirs: /home/chotaehyun/ugv_ws/src/ugv_else/explore_lite/include;$<BUILD_INTERFACE:/home/chotaehyun/ugv_ws/src/ugv_else/explore_lite/include>
[4.082s] -- Configured cppcheck exclude dirs and/or files: 
[4.082s] -- Added test 'flake8' to check Python code syntax and style conventions
[4.082s] -- Added test 'lint_cmake' to check CMake code style
[4.082s] -- Added test 'pep257' to check Python code against some of the docstring style conventions in PEP 257
[4.087s] -- Added test 'uncrustify' to check C / C++ code style
[4.087s] -- Configured uncrustify additional arguments: 
[4.091s] -- Added test 'xmllint' to check XML markup files
[4.097s] -- Configuring done
[4.377s] -- Generating done
[4.436s] -- Build files have been written to: /home/chotaehyun/ugv_ws/build/explore_lite
[4.490s] Invoked command in '/home/chotaehyun/ugv_ws/build/explore_lite' returned '0': CMAKE_PREFIX_PATH=${CMAKE_PREFIX_PATH}:/home/chotaehyun/ugv_ws/install/ugv_web_app:/home/chotaehyun/ugv_ws/install/ugv_vision:/home/chotaehyun/ugv_ws/install/ugv_tools:/home/chotaehyun/ugv_ws/install/ugv_chat_ai:/home/chotaehyun/ugv_ws/install/ugv_bringup:/home/chotaehyun/ros2_ws/install/vehicle_control_pkg:/opt/ros/humble /usr/bin/cmake /home/chotaehyun/ugv_ws/src/ugv_else/explore_lite -DAMENT_CMAKE_SYMLINK_INSTALL=1 -DCMAKE_INSTALL_PREFIX=/home/chotaehyun/ugv_ws/install/explore_lite
[4.491s] Invoking command in '/home/chotaehyun/ugv_ws/build/explore_lite': CMAKE_PREFIX_PATH=${CMAKE_PREFIX_PATH}:/home/chotaehyun/ugv_ws/install/ugv_web_app:/home/chotaehyun/ugv_ws/install/ugv_vision:/home/chotaehyun/ugv_ws/install/ugv_tools:/home/chotaehyun/ugv_ws/install/ugv_chat_ai:/home/chotaehyun/ugv_ws/install/ugv_bringup:/home/chotaehyun/ros2_ws/install/vehicle_control_pkg:/opt/ros/humble /usr/bin/cmake --build /home/chotaehyun/ugv_ws/build/explore_lite -- -j16 -l16
[7.806s] [ 10%] [32mBuilding CXX object CMakeFiles/explore.dir/src/costmap_client.cpp.o[0m
[7.806s] [ 20%] [32mBuilding CXX object gtest/CMakeFiles/gtest_main.dir/src/gtest_main.cc.o[0m
[7.806s] [ 30%] [32mBuilding CXX object gtest/CMakeFiles/gtest.dir/src/gtest-all.cc.o[0m
[7.806s] [ 40%] [32mBuilding CXX object CMakeFiles/explore.dir/src/frontier_search.cpp.o[0m
[7.806s] [ 50%] [32mBuilding CXX object CMakeFiles/explore.dir/src/explore.cpp.o[0m
[7.807s] [ 60%] [32m[1mLinking CXX static library libgtest_main.a[0m
[7.807s] [ 60%] Built target gtest_main
[19.137s] [ 70%] [32m[1mLinking CXX static library libgtest.a[0m
[19.370s] [ 70%] Built target gtest
[19.460s] [ 80%] [32mBuilding CXX object CMakeFiles/test_explore.dir/test/test_explore.cpp.o[0m
[22.364s] [ 90%] [32m[1mLinking CXX executable test_explore[0m
[24.204s] [ 90%] Built target test_explore
[43.401s] [100%] [32m[1mLinking CXX executable explore[0m
[47.666s] [100%] Built target explore
[47.691s] Invoked command in '/home/chotaehyun/ugv_ws/build/explore_lite' returned '0': CMAKE_PREFIX_PATH=${CMAKE_PREFIX_PATH}:/home/chotaehyun/ugv_ws/install/ugv_web_app:/home/chotaehyun/ugv_ws/install/ugv_vision:/home/chotaehyun/ugv_ws/install/ugv_tools:/home/chotaehyun/ugv_ws/install/ugv_chat_ai:/home/chotaehyun/ugv_ws/install/ugv_bringup:/home/chotaehyun/ros2_ws/install/vehicle_control_pkg:/opt/ros/humble /usr/bin/cmake --build /home/chotaehyun/ugv_ws/build/explore_lite -- -j16 -l16
[47.693s] Invoking command in '/home/chotaehyun/ugv_ws/build/explore_lite': CMAKE_PREFIX_PATH=${CMAKE_PREFIX_PATH}:/home/chotaehyun/ugv_ws/install/ugv_web_app:/home/chotaehyun/ugv_ws/install/ugv_vision:/home/chotaehyun/ugv_ws/install/ugv_tools:/home/chotaehyun/ugv_ws/install/ugv_chat_ai:/home/chotaehyun/ugv_ws/install/ugv_bringup:/home/chotaehyun/ros2_ws/install/vehicle_control_pkg:/opt/ros/humble /usr/bin/cmake --install /home/chotaehyun/ugv_ws/build/explore_lite
[47.710s] -- Install configuration: ""
[47.711s] -- Execute custom install script
[47.711s] -- Symlinking: /home/chotaehyun/ugv_ws/install/explore_lite/include/explore//costmap_client.h
[47.723s] -- Symlinking: /home/chotaehyun/ugv_ws/install/explore_lite/include/explore//costmap_tools.h
[47.734s] -- Symlinking: /home/chotaehyun/ugv_ws/install/explore_lite/include/explore//explore.h
[47.746s] -- Symlinking: /home/chotaehyun/ugv_ws/install/explore_lite/include/explore//frontier_search.h
[47.760s] -- Symlinking: /home/chotaehyun/ugv_ws/install/explore_lite/share/explore_lite/config/params.yaml
[47.772s] -- Symlinking: /home/chotaehyun/ugv_ws/install/explore_lite/share/explore_lite/config/params_costmap.yaml
[47.785s] -- Symlinking: /home/chotaehyun/ugv_ws/install/explore_lite/share/explore_lite/launch/explore.launch.py
[47.805s] -- Symlinking: /home/chotaehyun/ugv_ws/install/explore_lite/lib/explore_lite/explore
[47.817s] -- Symlinking: /home/chotaehyun/ugv_ws/install/explore_lite/share/ament_index/resource_index/package_run_dependencies/explore_lite
[47.830s] -- Symlinking: /home/chotaehyun/ugv_ws/install/explore_lite/share/ament_index/resource_index/parent_prefix_path/explore_lite
[47.842s] -- Symlinking: /home/chotaehyun/ugv_ws/install/explore_lite/share/explore_lite/environment/ament_prefix_path.sh
[47.854s] -- Symlinking: /home/chotaehyun/ugv_ws/install/explore_lite/share/explore_lite/environment/ament_prefix_path.dsv
[47.866s] -- Symlinking: /home/chotaehyun/ugv_ws/install/explore_lite/share/explore_lite/environment/path.sh
[47.878s] -- Symlinking: /home/chotaehyun/ugv_ws/install/explore_lite/share/explore_lite/environment/path.dsv
[47.889s] -- Symlinking: /home/chotaehyun/ugv_ws/install/explore_lite/share/explore_lite/local_setup.bash
[47.902s] -- Symlinking: /home/chotaehyun/ugv_ws/install/explore_lite/share/explore_lite/local_setup.sh
[47.913s] -- Symlinking: /home/chotaehyun/ugv_ws/install/explore_lite/share/explore_lite/local_setup.zsh
[47.925s] -- Symlinking: /home/chotaehyun/ugv_ws/install/explore_lite/share/explore_lite/local_setup.dsv
[47.937s] -- Symlinking: /home/chotaehyun/ugv_ws/install/explore_lite/share/explore_lite/package.dsv
[47.948s] -- Symlinking: /home/chotaehyun/ugv_ws/install/explore_lite/share/ament_index/resource_index/packages/explore_lite
[47.960s] -- Symlinking: /home/chotaehyun/ugv_ws/install/explore_lite/share/explore_lite/cmake/ament_cmake_export_include_directories-extras.cmake
[47.972s] -- Symlinking: /home/chotaehyun/ugv_ws/install/explore_lite/share/explore_lite/cmake/explore_liteConfig.cmake
[47.984s] -- Symlinking: /home/chotaehyun/ugv_ws/install/explore_lite/share/explore_lite/cmake/explore_liteConfig-version.cmake
[47.996s] -- Symlinking: /home/chotaehyun/ugv_ws/install/explore_lite/share/explore_lite/package.xml
[48.010s] Invoked command in '/home/chotaehyun/ugv_ws/build/explore_lite' returned '0': CMAKE_PREFIX_PATH=${CMAKE_PREFIX_PATH}:/home/chotaehyun/ugv_ws/install/ugv_web_app:/home/chotaehyun/ugv_ws/install/ugv_vision:/home/chotaehyun/ugv_ws/install/ugv_tools:/home/chotaehyun/ugv_ws/install/ugv_chat_ai:/home/chotaehyun/ugv_ws/install/ugv_bringup:/home/chotaehyun/ros2_ws/install/vehicle_control_pkg:/opt/ros/humble /usr/bin/cmake --install /home/chotaehyun/ugv_ws/build/explore_lite
