[1.812s] Invoking command in '/home/chotaehyun/ugv_ws/build/vizanti_cpp': CMAKE_PREFIX_PATH=${CMAKE_PREFIX_PATH}:/home/chotaehyun/ugv_ws/install/ugv_web_app:/home/chotaehyun/ugv_ws/install/ugv_vision:/home/chotaehyun/ugv_ws/install/ugv_tools:/home/chotaehyun/ugv_ws/install/ugv_chat_ai:/home/chotaehyun/ugv_ws/install/ugv_bringup:/home/chotaehyun/ros2_ws/install/vehicle_control_pkg:/opt/ros/humble /usr/bin/cmake /home/chotaehyun/ugv_ws/src/ugv_else/vizanti/vizanti_cpp -DAMENT_CMAKE_SYMLINK_INSTALL=1 -DCMAKE_INSTALL_PREFIX=/home/chotaehyun/ugv_ws/install/vizanti_cpp
[2.462s] -- The C compiler identification is GNU 11.4.0
[2.462s] -- The CXX compiler identification is GNU 11.4.0
[2.463s] -- Detecting C compiler ABI info
[2.811s] -- Detecting C compiler ABI info - done
[2.839s] -- Check for working C compiler: /usr/bin/cc - skipped
[2.847s] -- Detecting C compile features
[2.847s] -- Detecting C compile features - done
[2.854s] -- Detecting CXX compiler ABI info
[3.289s] -- Detecting CXX compiler ABI info - done
[3.310s] -- Check for working CXX compiler: /usr/bin/c++ - skipped
[3.310s] -- Detecting CXX compile features
[3.314s] -- Detecting CXX compile features - done
[3.329s] -- Found ament_cmake: 1.3.14 (/opt/ros/humble/share/ament_cmake/cmake)
[3.955s] -- Found Python3: /usr/bin/python3 (found version "3.10.12") found components: Interpreter 
[4.121s] -- Override CMake install command with custom implementation using symlinks instead of copying resources
[4.300s] -- Found rclcpp: 16.0.18 (/opt/ros/humble/share/rclcpp/cmake)
[4.474s] -- Found rosidl_generator_c: 3.1.8 (/opt/ros/humble/share/rosidl_generator_c/cmake)
[4.490s] -- Found rosidl_adapter: 3.1.8 (/opt/ros/humble/share/rosidl_adapter/cmake)
[4.513s] -- Found rosidl_generator_cpp: 3.1.8 (/opt/ros/humble/share/rosidl_generator_cpp/cmake)
[4.546s] -- Using all available rosidl_typesupport_c: rosidl_typesupport_fastrtps_c;rosidl_typesupport_introspection_c
[4.595s] -- Using all available rosidl_typesupport_cpp: rosidl_typesupport_fastrtps_cpp;rosidl_typesupport_introspection_cpp
[4.728s] -- Found rmw_implementation_cmake: 6.1.2 (/opt/ros/humble/share/rmw_implementation_cmake/cmake)
[4.739s] -- Found rmw_fastrtps_cpp: 6.2.10 (/opt/ros/humble/share/rmw_fastrtps_cpp/cmake)
[5.055s] -- Found OpenSSL: /usr/lib/x86_64-linux-gnu/libcrypto.so (found version "3.0.2")  
[5.183s] -- Found FastRTPS: /opt/ros/humble/include  
[5.296s] -- Using RMW implementation 'rmw_fastrtps_cpp' as default
[5.326s] -- Looking for pthread.h
[5.629s] -- Looking for pthread.h - found
[5.630s] -- Performing Test CMAKE_HAVE_LIBC_PTHREAD
[5.938s] -- Performing Test CMAKE_HAVE_LIBC_PTHREAD - Success
[5.942s] -- Found Threads: TRUE  
[6.094s] -- Found tf2_msgs: 0.25.19 (/opt/ros/humble/share/tf2_msgs/cmake)
[6.518s] -- Configuring done
[6.565s] -- Generating done
[6.583s] -- Build files have been written to: /home/chotaehyun/ugv_ws/build/vizanti_cpp
[6.637s] Invoked command in '/home/chotaehyun/ugv_ws/build/vizanti_cpp' returned '0': CMAKE_PREFIX_PATH=${CMAKE_PREFIX_PATH}:/home/chotaehyun/ugv_ws/install/ugv_web_app:/home/chotaehyun/ugv_ws/install/ugv_vision:/home/chotaehyun/ugv_ws/install/ugv_tools:/home/chotaehyun/ugv_ws/install/ugv_chat_ai:/home/chotaehyun/ugv_ws/install/ugv_bringup:/home/chotaehyun/ros2_ws/install/vehicle_control_pkg:/opt/ros/humble /usr/bin/cmake /home/chotaehyun/ugv_ws/src/ugv_else/vizanti/vizanti_cpp -DAMENT_CMAKE_SYMLINK_INSTALL=1 -DCMAKE_INSTALL_PREFIX=/home/chotaehyun/ugv_ws/install/vizanti_cpp
[6.652s] Invoking command in '/home/chotaehyun/ugv_ws/build/vizanti_cpp': CMAKE_PREFIX_PATH=${CMAKE_PREFIX_PATH}:/home/chotaehyun/ugv_ws/install/ugv_web_app:/home/chotaehyun/ugv_ws/install/ugv_vision:/home/chotaehyun/ugv_ws/install/ugv_tools:/home/chotaehyun/ugv_ws/install/ugv_chat_ai:/home/chotaehyun/ugv_ws/install/ugv_bringup:/home/chotaehyun/ros2_ws/install/vehicle_control_pkg:/opt/ros/humble /usr/bin/cmake --build /home/chotaehyun/ugv_ws/build/vizanti_cpp -- -j16 -l16
[7.751s] [ 50%] [32mBuilding CXX object CMakeFiles/tf_consolidator.dir/src/tf_consolidator.cpp.o[0m
[28.115s] [100%] [32m[1mLinking CXX executable tf_consolidator[0m
[29.199s] [100%] Built target tf_consolidator
[29.220s] Invoked command in '/home/chotaehyun/ugv_ws/build/vizanti_cpp' returned '0': CMAKE_PREFIX_PATH=${CMAKE_PREFIX_PATH}:/home/chotaehyun/ugv_ws/install/ugv_web_app:/home/chotaehyun/ugv_ws/install/ugv_vision:/home/chotaehyun/ugv_ws/install/ugv_tools:/home/chotaehyun/ugv_ws/install/ugv_chat_ai:/home/chotaehyun/ugv_ws/install/ugv_bringup:/home/chotaehyun/ros2_ws/install/vehicle_control_pkg:/opt/ros/humble /usr/bin/cmake --build /home/chotaehyun/ugv_ws/build/vizanti_cpp -- -j16 -l16
[29.222s] Invoking command in '/home/chotaehyun/ugv_ws/build/vizanti_cpp': CMAKE_PREFIX_PATH=${CMAKE_PREFIX_PATH}:/home/chotaehyun/ugv_ws/install/ugv_web_app:/home/chotaehyun/ugv_ws/install/ugv_vision:/home/chotaehyun/ugv_ws/install/ugv_tools:/home/chotaehyun/ugv_ws/install/ugv_chat_ai:/home/chotaehyun/ugv_ws/install/ugv_bringup:/home/chotaehyun/ros2_ws/install/vehicle_control_pkg:/opt/ros/humble /usr/bin/cmake --install /home/chotaehyun/ugv_ws/build/vizanti_cpp
[29.234s] -- Install configuration: ""
[29.234s] -- Execute custom install script
[29.235s] -- Symlinking: /home/chotaehyun/ugv_ws/install/vizanti_cpp/lib/vizanti_cpp/tf_consolidator
[29.257s] -- Symlinking: /home/chotaehyun/ugv_ws/install/vizanti_cpp/share/ament_index/resource_index/package_run_dependencies/vizanti_cpp
[29.271s] -- Symlinking: /home/chotaehyun/ugv_ws/install/vizanti_cpp/share/ament_index/resource_index/parent_prefix_path/vizanti_cpp
[29.286s] -- Symlinking: /home/chotaehyun/ugv_ws/install/vizanti_cpp/share/vizanti_cpp/environment/ament_prefix_path.sh
[29.301s] -- Symlinking: /home/chotaehyun/ugv_ws/install/vizanti_cpp/share/vizanti_cpp/environment/ament_prefix_path.dsv
[29.319s] -- Symlinking: /home/chotaehyun/ugv_ws/install/vizanti_cpp/share/vizanti_cpp/environment/path.sh
[29.336s] -- Symlinking: /home/chotaehyun/ugv_ws/install/vizanti_cpp/share/vizanti_cpp/environment/path.dsv
[29.354s] -- Symlinking: /home/chotaehyun/ugv_ws/install/vizanti_cpp/share/vizanti_cpp/local_setup.bash
[29.372s] -- Symlinking: /home/chotaehyun/ugv_ws/install/vizanti_cpp/share/vizanti_cpp/local_setup.sh
[29.390s] -- Symlinking: /home/chotaehyun/ugv_ws/install/vizanti_cpp/share/vizanti_cpp/local_setup.zsh
[29.409s] -- Symlinking: /home/chotaehyun/ugv_ws/install/vizanti_cpp/share/vizanti_cpp/local_setup.dsv
[29.424s] -- Symlinking: /home/chotaehyun/ugv_ws/install/vizanti_cpp/share/vizanti_cpp/package.dsv
[29.441s] -- Symlinking: /home/chotaehyun/ugv_ws/install/vizanti_cpp/share/ament_index/resource_index/packages/vizanti_cpp
[29.456s] -- Symlinking: /home/chotaehyun/ugv_ws/install/vizanti_cpp/share/vizanti_cpp/cmake/vizanti_cppConfig.cmake
[29.471s] -- Symlinking: /home/chotaehyun/ugv_ws/install/vizanti_cpp/share/vizanti_cpp/cmake/vizanti_cppConfig-version.cmake
[29.486s] -- Symlinking: /home/chotaehyun/ugv_ws/install/vizanti_cpp/share/vizanti_cpp/package.xml
[29.505s] Invoked command in '/home/chotaehyun/ugv_ws/build/vizanti_cpp' returned '0': CMAKE_PREFIX_PATH=${CMAKE_PREFIX_PATH}:/home/chotaehyun/ugv_ws/install/ugv_web_app:/home/chotaehyun/ugv_ws/install/ugv_vision:/home/chotaehyun/ugv_ws/install/ugv_tools:/home/chotaehyun/ugv_ws/install/ugv_chat_ai:/home/chotaehyun/ugv_ws/install/ugv_bringup:/home/chotaehyun/ros2_ws/install/vehicle_control_pkg:/opt/ros/humble /usr/bin/cmake --install /home/chotaehyun/ugv_ws/build/vizanti_cpp
