[0.066s] Invoking command in '/home/chotaehyun/ugv_ws/build/apriltag_ros': CMAKE_PREFIX_PATH=/home/chotaehyun/ugv_ws/install/apriltag_msgs:/home/chotaehyun/ugv_ws/install/apriltag:/home/chotaehyun/ugv_ws/install/vizanti:/home/chotaehyun/ugv_ws/install/vizanti_server:/home/chotaehyun/ugv_ws/install/vizanti_demos:/home/chotaehyun/ugv_ws/install/vizanti_msgs:/home/chotaehyun/ugv_ws/install/vizanti_cpp:/home/chotaehyun/ugv_ws/install/ugv_slam:/home/chotaehyun/ugv_ws/install/ugv_nav:/home/chotaehyun/ugv_ws/install/ugv_interface:/home/chotaehyun/ugv_ws/install/ugv_gazebo:/home/chotaehyun/ugv_ws/install/ugv_description:/home/chotaehyun/ugv_ws/install/ugv_base_node:/home/chotaehyun/ugv_ws/install/teb_local_planner:/home/chotaehyun/ugv_ws/install/teb_msgs:/home/chotaehyun/ugv_ws/install/slam_gmapping:/home/chotaehyun/ugv_ws/install/robot_pose_publisher:/home/chotaehyun/ugv_ws/install/rf2o_laser_odometry:/home/chotaehyun/ugv_ws/install/openslam_gmapping:/home/chotaehyun/ugv_ws/install/ldlidar:/home/chotaehyun/ugv_ws/install/explore_lite:/home/chotaehyun/ugv_ws/install/emcl2:/home/chotaehyun/ugv_ws/install/costmap_converter:/home/chotaehyun/ugv_ws/install/costmap_converter_msgs:/home/chotaehyun/ugv_ws/install/cartographer:/home/chotaehyun/ugv_ws/install/apriltag_ros:/home/chotaehyun/ugv_ws/install/ugv_web_app:/home/chotaehyun/ugv_ws/install/ugv_vision:/home/chotaehyun/ugv_ws/install/ugv_tools:/home/chotaehyun/ugv_ws/install/ugv_chat_ai:/home/chotaehyun/ugv_ws/install/ugv_bringup:/home/chotaehyun/ros2_ws/install/vehicle_control_pkg:/opt/ros/humble LD_LIBRARY_PATH=/home/chotaehyun/ugv_ws/install/apriltag_msgs/lib:/home/chotaehyun/ugv_ws/install/apriltag/lib:/home/chotaehyun/ugv_ws/install/vizanti_msgs/lib:/home/chotaehyun/ugv_ws/install/ugv_interface/lib:/home/chotaehyun/ugv_ws/install/teb_local_planner/lib:/home/chotaehyun/ugv_ws/install/teb_msgs/lib:/home/chotaehyun/ugv_ws/install/openslam_gmapping/lib:/home/chotaehyun/ugv_ws/install/costmap_converter/lib:/home/chotaehyun/ugv_ws/install/costmap_converter_msgs/lib:/home/chotaehyun/ugv_ws/install/apriltag_ros/lib:/usr/lib/x86_64-linux-gnu/gazebo-11/plugins:/opt/ros/humble/opt/rviz_ogre_vendor/lib:/opt/ros/humble/lib/x86_64-linux-gnu:/opt/ros/humble/lib PATH=/home/chotaehyun/ugv_ws/install/apriltag/bin:/home/chotaehyun/ugv_ws/install/costmap_converter/bin:/home/chotaehyun/ugv_ws/install/apriltag_ros/bin:/opt/ros/humble/bin:/home/chotaehyun/.local/bin:/usr/local/sbin:/usr/local/bin:/usr/sbin:/usr/bin:/sbin:/bin:/usr/games:/usr/local/games:/snap/bin:/snap/bin PYTHONPATH=/home/chotaehyun/ugv_ws/install/apriltag/lib/python3.10/site-packages:/home/chotaehyun/ugv_ws/install/vizanti_msgs/local/lib/python3.10/dist-packages:/home/chotaehyun/ugv_ws/build/ugv_web_app:/home/chotaehyun/ugv_ws/install/ugv_web_app/lib/python3.10/site-packages:/home/chotaehyun/ugv_ws/build/ugv_vision:/home/chotaehyun/ugv_ws/install/ugv_vision/lib/python3.10/site-packages:/home/chotaehyun/ugv_ws/build/ugv_tools:/home/chotaehyun/ugv_ws/install/ugv_tools/lib/python3.10/site-packages:/home/chotaehyun/ugv_ws/install/ugv_interface/local/lib/python3.10/dist-packages:/home/chotaehyun/ugv_ws/build/ugv_chat_ai:/home/chotaehyun/ugv_ws/install/ugv_chat_ai/lib/python3.10/site-packages:/home/chotaehyun/ugv_ws/build/ugv_bringup:/home/chotaehyun/ugv_ws/install/ugv_bringup/lib/python3.10/site-packages:/home/chotaehyun/ugv_ws/install/teb_msgs/local/lib/python3.10/dist-packages:/home/chotaehyun/ugv_ws/install/costmap_converter_msgs/local/lib/python3.10/dist-packages:/home/chotaehyun/ugv_ws/install/apriltag_msgs/local/lib/python3.10/dist-packages:/home/chotaehyun/ros2_ws/build/vehicle_control_pkg:/home/chotaehyun/ros2_ws/install/vehicle_control_pkg/lib/python3.10/site-packages:/opt/ros/humble/lib/python3.10/site-packages:/opt/ros/humble/local/lib/python3.10/dist-packages /usr/bin/cmake /home/chotaehyun/ugv_ws/src/ugv_else/apriltag_ros/apriltag_ros -DAMENT_CMAKE_SYMLINK_INSTALL=1 -DCMAKE_INSTALL_PREFIX=/home/chotaehyun/ugv_ws/install/apriltag_ros
[3.078s] -- The C compiler identification is GNU 11.4.0
[3.078s] -- The CXX compiler identification is GNU 11.4.0
[3.078s] -- Detecting C compiler ABI info
[3.079s] -- Detecting C compiler ABI info - done
[3.079s] -- Check for working C compiler: /usr/bin/cc - skipped
[3.079s] -- Detecting C compile features
[3.079s] -- Detecting C compile features - done
[3.079s] -- Detecting CXX compiler ABI info
[3.080s] -- Detecting CXX compiler ABI info - done
[3.080s] -- Check for working CXX compiler: /usr/bin/c++ - skipped
[3.080s] -- Detecting CXX compile features
[3.080s] -- Detecting CXX compile features - done
[3.084s] -- Found rclcpp: 16.0.18 (/opt/ros/humble/share/rclcpp/cmake)
[3.084s] -- Found Python3: /usr/bin/python3 (found version "3.10.12") found components: Interpreter 
[3.084s] -- Override CMake install command with custom implementation using symlinks instead of copying resources
[3.084s] -- Found rosidl_generator_c: 3.1.8 (/opt/ros/humble/share/rosidl_generator_c/cmake)
[3.084s] -- Found rosidl_adapter: 3.1.8 (/opt/ros/humble/share/rosidl_adapter/cmake)
[3.084s] -- Found rosidl_generator_cpp: 3.1.8 (/opt/ros/humble/share/rosidl_generator_cpp/cmake)
[3.084s] -- Using all available rosidl_typesupport_c: rosidl_typesupport_fastrtps_c;rosidl_typesupport_introspection_c
[3.084s] -- Using all available rosidl_typesupport_cpp: rosidl_typesupport_fastrtps_cpp;rosidl_typesupport_introspection_cpp
[3.084s] -- Found rmw_implementation_cmake: 6.1.2 (/opt/ros/humble/share/rmw_implementation_cmake/cmake)
[3.084s] -- Found rmw_fastrtps_cpp: 6.2.10 (/opt/ros/humble/share/rmw_fastrtps_cpp/cmake)
[3.085s] -- Found OpenSSL: /usr/lib/x86_64-linux-gnu/libcrypto.so (found version "3.0.2")  
[3.085s] -- Found FastRTPS: /opt/ros/humble/include  
[3.085s] -- Using RMW implementation 'rmw_fastrtps_cpp' as default
[3.093s] -- Looking for pthread.h
[3.389s] -- Looking for pthread.h - found
[3.391s] -- Performing Test CMAKE_HAVE_LIBC_PTHREAD
[3.674s] -- Performing Test CMAKE_HAVE_LIBC_PTHREAD - Success
[3.682s] -- Found Threads: TRUE  
[3.918s] -- Found rclcpp_components: 16.0.18 (/opt/ros/humble/share/rclcpp_components/cmake)
[3.992s] -- Found sensor_msgs: 4.9.1 (/opt/ros/humble/share/sensor_msgs/cmake)
[4.086s] -- Found tf2_msgs: 0.25.19 (/opt/ros/humble/share/tf2_msgs/cmake)
[4.190s] -- Found tf2_ros: 0.25.19 (/opt/ros/humble/share/tf2_ros/cmake)
[4.279s] -- Found image_transport: 3.1.12 (/opt/ros/humble/share/image_transport/cmake)
[4.361s] -- Found image_geometry: 3.2.1 (/opt/ros/humble/share/image_geometry/cmake)
[4.396s] -- Found cv_bridge: 3.2.1 (/opt/ros/humble/share/cv_bridge/cmake)
[4.399s] -- Found apriltag_msgs: 0.0.0 (/home/chotaehyun/ugv_ws/install/apriltag_msgs/share/apriltag_msgs/cmake)
[4.459s] -- Found OpenCV: /usr (found version "4.5.4") 
[4.510s] -- Found ament_lint_auto: 0.12.15 (/opt/ros/humble/share/ament_lint_auto/cmake)
[4.813s] -- Added test 'copyright' to check source files copyright and LICENSE
[4.819s] -- Added test 'cppcheck' to perform static code analysis on C / C++ code
[4.822s] -- Configured cppcheck include dirs: /home/chotaehyun/ugv_ws/src/ugv_else/apriltag_ros/apriltag_ros/include
[4.822s] -- Configured cppcheck exclude dirs and/or files: 
[4.825s] -- Added test 'cpplint' to check C / C++ code against the Google style
[4.826s] -- Configured cpplint exclude dirs and/or files: 
[4.828s] -- Added test 'flake8' to check Python code syntax and style conventions
[4.831s] -- Added test 'lint_cmake' to check CMake code style
[4.834s] -- Added test 'pep257' to check Python code against some of the docstring style conventions in PEP 257
[4.838s] -- Added test 'uncrustify' to check C / C++ code style
[4.838s] -- Configured uncrustify additional arguments: 
[4.840s] -- Added test 'xmllint' to check XML markup files
[4.847s] -- Configuring done
[4.895s] -- Generating done
[4.913s] -- Build files have been written to: /home/chotaehyun/ugv_ws/build/apriltag_ros
[4.943s] Invoked command in '/home/chotaehyun/ugv_ws/build/apriltag_ros' returned '0': CMAKE_PREFIX_PATH=/home/chotaehyun/ugv_ws/install/apriltag_msgs:/home/chotaehyun/ugv_ws/install/apriltag:/home/chotaehyun/ugv_ws/install/vizanti:/home/chotaehyun/ugv_ws/install/vizanti_server:/home/chotaehyun/ugv_ws/install/vizanti_demos:/home/chotaehyun/ugv_ws/install/vizanti_msgs:/home/chotaehyun/ugv_ws/install/vizanti_cpp:/home/chotaehyun/ugv_ws/install/ugv_slam:/home/chotaehyun/ugv_ws/install/ugv_nav:/home/chotaehyun/ugv_ws/install/ugv_interface:/home/chotaehyun/ugv_ws/install/ugv_gazebo:/home/chotaehyun/ugv_ws/install/ugv_description:/home/chotaehyun/ugv_ws/install/ugv_base_node:/home/chotaehyun/ugv_ws/install/teb_local_planner:/home/chotaehyun/ugv_ws/install/teb_msgs:/home/chotaehyun/ugv_ws/install/slam_gmapping:/home/chotaehyun/ugv_ws/install/robot_pose_publisher:/home/chotaehyun/ugv_ws/install/rf2o_laser_odometry:/home/chotaehyun/ugv_ws/install/openslam_gmapping:/home/chotaehyun/ugv_ws/install/ldlidar:/home/chotaehyun/ugv_ws/install/explore_lite:/home/chotaehyun/ugv_ws/install/emcl2:/home/chotaehyun/ugv_ws/install/costmap_converter:/home/chotaehyun/ugv_ws/install/costmap_converter_msgs:/home/chotaehyun/ugv_ws/install/cartographer:/home/chotaehyun/ugv_ws/install/apriltag_ros:/home/chotaehyun/ugv_ws/install/ugv_web_app:/home/chotaehyun/ugv_ws/install/ugv_vision:/home/chotaehyun/ugv_ws/install/ugv_tools:/home/chotaehyun/ugv_ws/install/ugv_chat_ai:/home/chotaehyun/ugv_ws/install/ugv_bringup:/home/chotaehyun/ros2_ws/install/vehicle_control_pkg:/opt/ros/humble LD_LIBRARY_PATH=/home/chotaehyun/ugv_ws/install/apriltag_msgs/lib:/home/chotaehyun/ugv_ws/install/apriltag/lib:/home/chotaehyun/ugv_ws/install/vizanti_msgs/lib:/home/chotaehyun/ugv_ws/install/ugv_interface/lib:/home/chotaehyun/ugv_ws/install/teb_local_planner/lib:/home/chotaehyun/ugv_ws/install/teb_msgs/lib:/home/chotaehyun/ugv_ws/install/openslam_gmapping/lib:/home/chotaehyun/ugv_ws/install/costmap_converter/lib:/home/chotaehyun/ugv_ws/install/costmap_converter_msgs/lib:/home/chotaehyun/ugv_ws/install/apriltag_ros/lib:/usr/lib/x86_64-linux-gnu/gazebo-11/plugins:/opt/ros/humble/opt/rviz_ogre_vendor/lib:/opt/ros/humble/lib/x86_64-linux-gnu:/opt/ros/humble/lib PATH=/home/chotaehyun/ugv_ws/install/apriltag/bin:/home/chotaehyun/ugv_ws/install/costmap_converter/bin:/home/chotaehyun/ugv_ws/install/apriltag_ros/bin:/opt/ros/humble/bin:/home/chotaehyun/.local/bin:/usr/local/sbin:/usr/local/bin:/usr/sbin:/usr/bin:/sbin:/bin:/usr/games:/usr/local/games:/snap/bin:/snap/bin PYTHONPATH=/home/chotaehyun/ugv_ws/install/apriltag/lib/python3.10/site-packages:/home/chotaehyun/ugv_ws/install/vizanti_msgs/local/lib/python3.10/dist-packages:/home/chotaehyun/ugv_ws/build/ugv_web_app:/home/chotaehyun/ugv_ws/install/ugv_web_app/lib/python3.10/site-packages:/home/chotaehyun/ugv_ws/build/ugv_vision:/home/chotaehyun/ugv_ws/install/ugv_vision/lib/python3.10/site-packages:/home/chotaehyun/ugv_ws/build/ugv_tools:/home/chotaehyun/ugv_ws/install/ugv_tools/lib/python3.10/site-packages:/home/chotaehyun/ugv_ws/install/ugv_interface/local/lib/python3.10/dist-packages:/home/chotaehyun/ugv_ws/build/ugv_chat_ai:/home/chotaehyun/ugv_ws/install/ugv_chat_ai/lib/python3.10/site-packages:/home/chotaehyun/ugv_ws/build/ugv_bringup:/home/chotaehyun/ugv_ws/install/ugv_bringup/lib/python3.10/site-packages:/home/chotaehyun/ugv_ws/install/teb_msgs/local/lib/python3.10/dist-packages:/home/chotaehyun/ugv_ws/install/costmap_converter_msgs/local/lib/python3.10/dist-packages:/home/chotaehyun/ugv_ws/install/apriltag_msgs/local/lib/python3.10/dist-packages:/home/chotaehyun/ros2_ws/build/vehicle_control_pkg:/home/chotaehyun/ros2_ws/install/vehicle_control_pkg/lib/python3.10/site-packages:/opt/ros/humble/lib/python3.10/site-packages:/opt/ros/humble/local/lib/python3.10/dist-packages /usr/bin/cmake /home/chotaehyun/ugv_ws/src/ugv_else/apriltag_ros/apriltag_ros -DAMENT_CMAKE_SYMLINK_INSTALL=1 -DCMAKE_INSTALL_PREFIX=/home/chotaehyun/ugv_ws/install/apriltag_ros
[4.950s] Invoking command in '/home/chotaehyun/ugv_ws/build/apriltag_ros': CMAKE_PREFIX_PATH=/home/chotaehyun/ugv_ws/install/apriltag_msgs:/home/chotaehyun/ugv_ws/install/apriltag:/home/chotaehyun/ugv_ws/install/vizanti:/home/chotaehyun/ugv_ws/install/vizanti_server:/home/chotaehyun/ugv_ws/install/vizanti_demos:/home/chotaehyun/ugv_ws/install/vizanti_msgs:/home/chotaehyun/ugv_ws/install/vizanti_cpp:/home/chotaehyun/ugv_ws/install/ugv_slam:/home/chotaehyun/ugv_ws/install/ugv_nav:/home/chotaehyun/ugv_ws/install/ugv_interface:/home/chotaehyun/ugv_ws/install/ugv_gazebo:/home/chotaehyun/ugv_ws/install/ugv_description:/home/chotaehyun/ugv_ws/install/ugv_base_node:/home/chotaehyun/ugv_ws/install/teb_local_planner:/home/chotaehyun/ugv_ws/install/teb_msgs:/home/chotaehyun/ugv_ws/install/slam_gmapping:/home/chotaehyun/ugv_ws/install/robot_pose_publisher:/home/chotaehyun/ugv_ws/install/rf2o_laser_odometry:/home/chotaehyun/ugv_ws/install/openslam_gmapping:/home/chotaehyun/ugv_ws/install/ldlidar:/home/chotaehyun/ugv_ws/install/explore_lite:/home/chotaehyun/ugv_ws/install/emcl2:/home/chotaehyun/ugv_ws/install/costmap_converter:/home/chotaehyun/ugv_ws/install/costmap_converter_msgs:/home/chotaehyun/ugv_ws/install/cartographer:/home/chotaehyun/ugv_ws/install/apriltag_ros:/home/chotaehyun/ugv_ws/install/ugv_web_app:/home/chotaehyun/ugv_ws/install/ugv_vision:/home/chotaehyun/ugv_ws/install/ugv_tools:/home/chotaehyun/ugv_ws/install/ugv_chat_ai:/home/chotaehyun/ugv_ws/install/ugv_bringup:/home/chotaehyun/ros2_ws/install/vehicle_control_pkg:/opt/ros/humble LD_LIBRARY_PATH=/home/chotaehyun/ugv_ws/install/apriltag_msgs/lib:/home/chotaehyun/ugv_ws/install/apriltag/lib:/home/chotaehyun/ugv_ws/install/vizanti_msgs/lib:/home/chotaehyun/ugv_ws/install/ugv_interface/lib:/home/chotaehyun/ugv_ws/install/teb_local_planner/lib:/home/chotaehyun/ugv_ws/install/teb_msgs/lib:/home/chotaehyun/ugv_ws/install/openslam_gmapping/lib:/home/chotaehyun/ugv_ws/install/costmap_converter/lib:/home/chotaehyun/ugv_ws/install/costmap_converter_msgs/lib:/home/chotaehyun/ugv_ws/install/apriltag_ros/lib:/usr/lib/x86_64-linux-gnu/gazebo-11/plugins:/opt/ros/humble/opt/rviz_ogre_vendor/lib:/opt/ros/humble/lib/x86_64-linux-gnu:/opt/ros/humble/lib PATH=/home/chotaehyun/ugv_ws/install/apriltag/bin:/home/chotaehyun/ugv_ws/install/costmap_converter/bin:/home/chotaehyun/ugv_ws/install/apriltag_ros/bin:/opt/ros/humble/bin:/home/chotaehyun/.local/bin:/usr/local/sbin:/usr/local/bin:/usr/sbin:/usr/bin:/sbin:/bin:/usr/games:/usr/local/games:/snap/bin:/snap/bin PYTHONPATH=/home/chotaehyun/ugv_ws/install/apriltag/lib/python3.10/site-packages:/home/chotaehyun/ugv_ws/install/vizanti_msgs/local/lib/python3.10/dist-packages:/home/chotaehyun/ugv_ws/build/ugv_web_app:/home/chotaehyun/ugv_ws/install/ugv_web_app/lib/python3.10/site-packages:/home/chotaehyun/ugv_ws/build/ugv_vision:/home/chotaehyun/ugv_ws/install/ugv_vision/lib/python3.10/site-packages:/home/chotaehyun/ugv_ws/build/ugv_tools:/home/chotaehyun/ugv_ws/install/ugv_tools/lib/python3.10/site-packages:/home/chotaehyun/ugv_ws/install/ugv_interface/local/lib/python3.10/dist-packages:/home/chotaehyun/ugv_ws/build/ugv_chat_ai:/home/chotaehyun/ugv_ws/install/ugv_chat_ai/lib/python3.10/site-packages:/home/chotaehyun/ugv_ws/build/ugv_bringup:/home/chotaehyun/ugv_ws/install/ugv_bringup/lib/python3.10/site-packages:/home/chotaehyun/ugv_ws/install/teb_msgs/local/lib/python3.10/dist-packages:/home/chotaehyun/ugv_ws/install/costmap_converter_msgs/local/lib/python3.10/dist-packages:/home/chotaehyun/ugv_ws/install/apriltag_msgs/local/lib/python3.10/dist-packages:/home/chotaehyun/ros2_ws/build/vehicle_control_pkg:/home/chotaehyun/ros2_ws/install/vehicle_control_pkg/lib/python3.10/site-packages:/opt/ros/humble/lib/python3.10/site-packages:/opt/ros/humble/local/lib/python3.10/dist-packages /usr/bin/cmake --build /home/chotaehyun/ugv_ws/build/apriltag_ros -- -j16 -l16
[6.208s] [ 25%] [32mBuilding CXX object CMakeFiles/AprilTagNode.dir/src/AprilTagNode.cpp.o[0m
[6.208s] [ 50%] [32mBuilding CXX object CMakeFiles/tag_detector.dir/src/AprilTagNode.cpp.o[0m
[16.445s] [01m[K/home/chotaehyun/ugv_ws/src/ugv_else/apriltag_ros/apriltag_ros/src/AprilTagNode.cpp:[m[K In constructor ‘[01m[KAprilTagNode::AprilTagNode(rclcpp::NodeOptions)[m[K’:
[16.446s] [01m[K/home/chotaehyun/ugv_ws/src/ugv_else/apriltag_ros/apriltag_ros/src/AprilTagNode.cpp:84:59:[m[K [01;35m[Kwarning: [m[Kconverting to ‘[01m[Kconst ParameterDescriptor[m[K’ {aka ‘[01m[Kconst rcl_interfaces::msg::ParameterDescriptor_<std::allocator<void> >[m[K’} from initializer list would use explicit constructor ‘[01m[Krcl_interfaces::msg::ParameterDescriptor_<ContainerAllocator>::ParameterDescriptor_(rosidl_runtime_cpp::MessageInitialization) [with ContainerAllocator = std::allocator<void>][m[K’
[16.446s]    84 |   const auto ids = [01;35m[Kdeclare_parameter<std::vector<int64_t>>("tag_ids", {})[m[K;
[16.446s]       |                    [01;35m[K~~~~~~~~~~~~~~~~~~~~~~~~~~~~~~~~~~~~~~~^~~~~~~~~~~~~~~[m[K
[16.446s] [01m[K/home/chotaehyun/ugv_ws/src/ugv_else/apriltag_ros/apriltag_ros/src/AprilTagNode.cpp:84:59:[m[K [01;36m[Knote: [m[Kin C++11 and above a default constructor can be explicit
[16.451s] [01m[K/home/chotaehyun/ugv_ws/src/ugv_else/apriltag_ros/apriltag_ros/src/AprilTagNode.cpp:85:66:[m[K [01;35m[Kwarning: [m[Kconverting to ‘[01m[Kconst ParameterDescriptor[m[K’ {aka ‘[01m[Kconst rcl_interfaces::msg::ParameterDescriptor_<std::allocator<void> >[m[K’} from initializer list would use explicit constructor ‘[01m[Krcl_interfaces::msg::ParameterDescriptor_<ContainerAllocator>::ParameterDescriptor_(rosidl_runtime_cpp::MessageInitialization) [with ContainerAllocator = std::allocator<void>][m[K’
[16.451s]    85 |   const auto frames = [01;35m[Kdeclare_parameter<std::vector<std::string>>("tag_frames", {})[m[K;
[16.451s]       |                       [01;35m[K~~~~~~~~~~~~~~~~~~~~~~~~~~~~~~~~~~~~~~~~~~~^~~~~~~~~~~~~~~~~~[m[K
[16.451s] [01m[K/home/chotaehyun/ugv_ws/src/ugv_else/apriltag_ros/apriltag_ros/src/AprilTagNode.cpp:85:66:[m[K [01;36m[Knote: [m[Kin C++11 and above a default constructor can be explicit
[16.455s] [01m[K/home/chotaehyun/ugv_ws/src/ugv_else/apriltag_ros/apriltag_ros/src/AprilTagNode.cpp:97:60:[m[K [01;35m[Kwarning: [m[Kconverting to ‘[01m[Kconst ParameterDescriptor[m[K’ {aka ‘[01m[Kconst rcl_interfaces::msg::ParameterDescriptor_<std::allocator<void> >[m[K’} from initializer list would use explicit constructor ‘[01m[Krcl_interfaces::msg::ParameterDescriptor_<ContainerAllocator>::ParameterDescriptor_(rosidl_runtime_cpp::MessageInitialization) [with ContainerAllocator = std::allocator<void>][m[K’
[16.455s]    97 |   const auto sizes = [01;35m[Kdeclare_parameter<std::vector<double>>("tag_sizes", {})[m[K;
[16.455s]       |                      [01;35m[K~~~~~~~~~~~~~~~~~~~~~~~~~~~~~~~~~~~~~~^~~~~~~~~~~~~~~~~[m[K
[16.455s] [01m[K/home/chotaehyun/ugv_ws/src/ugv_else/apriltag_ros/apriltag_ros/src/AprilTagNode.cpp:97:60:[m[K [01;36m[Knote: [m[Kin C++11 and above a default constructor can be explicit
[17.853s] [01m[K/home/chotaehyun/ugv_ws/src/ugv_else/apriltag_ros/apriltag_ros/src/AprilTagNode.cpp:[m[K In constructor ‘[01m[KAprilTagNode::AprilTagNode(rclcpp::NodeOptions)[m[K’:
[17.853s] [01m[K/home/chotaehyun/ugv_ws/src/ugv_else/apriltag_ros/apriltag_ros/src/AprilTagNode.cpp:84:59:[m[K [01;35m[Kwarning: [m[Kconverting to ‘[01m[Kconst ParameterDescriptor[m[K’ {aka ‘[01m[Kconst rcl_interfaces::msg::ParameterDescriptor_<std::allocator<void> >[m[K’} from initializer list would use explicit constructor ‘[01m[Krcl_interfaces::msg::ParameterDescriptor_<ContainerAllocator>::ParameterDescriptor_(rosidl_runtime_cpp::MessageInitialization) [with ContainerAllocator = std::allocator<void>][m[K’
[17.854s]    84 |   const auto ids = [01;35m[Kdeclare_parameter<std::vector<int64_t>>("tag_ids", {})[m[K;
[17.854s]       |                    [01;35m[K~~~~~~~~~~~~~~~~~~~~~~~~~~~~~~~~~~~~~~~^~~~~~~~~~~~~~~[m[K
[17.854s] [01m[K/home/chotaehyun/ugv_ws/src/ugv_else/apriltag_ros/apriltag_ros/src/AprilTagNode.cpp:84:59:[m[K [01;36m[Knote: [m[Kin C++11 and above a default constructor can be explicit
[17.856s] [01m[K/home/chotaehyun/ugv_ws/src/ugv_else/apriltag_ros/apriltag_ros/src/AprilTagNode.cpp:85:66:[m[K [01;35m[Kwarning: [m[Kconverting to ‘[01m[Kconst ParameterDescriptor[m[K’ {aka ‘[01m[Kconst rcl_interfaces::msg::ParameterDescriptor_<std::allocator<void> >[m[K’} from initializer list would use explicit constructor ‘[01m[Krcl_interfaces::msg::ParameterDescriptor_<ContainerAllocator>::ParameterDescriptor_(rosidl_runtime_cpp::MessageInitialization) [with ContainerAllocator = std::allocator<void>][m[K’
[17.856s]    85 | st auto frames = [01;35m[Kdeclare_parameter<std::vector<std::string>>("tag_frames", {})[m[K;
[17.856s]       |                  [01;35m[K~~~~~~~~~~~~~~~~~~~~~~~~~~~~~~~~~~~~~~~~~~~^~~~~~~~~~~~~~~~~~[m[K
[17.856s] 
[17.856s] [01m[K/home/chotaehyun/ugv_ws/src/ugv_else/apriltag_ros/apriltag_ros/src/AprilTagNode.cpp:85:66:[m[K [01;36m[Knote: [m[Kin C++11 and above a default constructor can be explicit
[17.861s] [01m[K/home/chotaehyun/ugv_ws/src/ugv_else/apriltag_ros/apriltag_ros/src/AprilTagNode.cpp:97:60:[m[K [01;35m[Kwarning: [m[Kconverting to ‘[01m[Kconst ParameterDescriptor[m[K’ {aka ‘[01m[Kconst rcl_interfaces::msg::ParameterDescriptor_<std::allocator<void> >[m[K’} from initializer list would use explicit constructor ‘[01m[Krcl_interfaces::msg::ParameterDescriptor_<ContainerAllocator>::ParameterDescriptor_(rosidl_runtime_cpp::MessageInitialization) [with ContainerAllocator = std::allocator<void>][m[K’
[17.861s]    97 |   const auto sizes = [01;35m[Kdeclare_parameter<std::vector<double>>("tag_sizes", {})[m[K;
[17.861s]       |                      [01;35m[K~~~~~~~~~~~~~~~~~~~~~~~~~~~~~~~~~~~~~~^~~~~~~~~~~~~~~~~[m[K
[17.861s] [01m[K/home/chotaehyun/ugv_ws/src/ugv_else/apriltag_ros/apriltag_ros/src/AprilTagNode.cpp:97:60:[m[K [01;36m[Knote: [m[Kin C++11 and above a default constructor can be explicit
[25.160s] [ 75%] [32m[1mLinking CXX shared library libAprilTagNode.so[0m
[25.246s] [100%] [32m[1mLinking CXX executable tag_detector[0m
[26.117s] [100%] Built target AprilTagNode
[26.517s] [100%] Built target tag_detector
[26.539s] Invoked command in '/home/chotaehyun/ugv_ws/build/apriltag_ros' returned '0': CMAKE_PREFIX_PATH=/home/chotaehyun/ugv_ws/install/apriltag_msgs:/home/chotaehyun/ugv_ws/install/apriltag:/home/chotaehyun/ugv_ws/install/vizanti:/home/chotaehyun/ugv_ws/install/vizanti_server:/home/chotaehyun/ugv_ws/install/vizanti_demos:/home/chotaehyun/ugv_ws/install/vizanti_msgs:/home/chotaehyun/ugv_ws/install/vizanti_cpp:/home/chotaehyun/ugv_ws/install/ugv_slam:/home/chotaehyun/ugv_ws/install/ugv_nav:/home/chotaehyun/ugv_ws/install/ugv_interface:/home/chotaehyun/ugv_ws/install/ugv_gazebo:/home/chotaehyun/ugv_ws/install/ugv_description:/home/chotaehyun/ugv_ws/install/ugv_base_node:/home/chotaehyun/ugv_ws/install/teb_local_planner:/home/chotaehyun/ugv_ws/install/teb_msgs:/home/chotaehyun/ugv_ws/install/slam_gmapping:/home/chotaehyun/ugv_ws/install/robot_pose_publisher:/home/chotaehyun/ugv_ws/install/rf2o_laser_odometry:/home/chotaehyun/ugv_ws/install/openslam_gmapping:/home/chotaehyun/ugv_ws/install/ldlidar:/home/chotaehyun/ugv_ws/install/explore_lite:/home/chotaehyun/ugv_ws/install/emcl2:/home/chotaehyun/ugv_ws/install/costmap_converter:/home/chotaehyun/ugv_ws/install/costmap_converter_msgs:/home/chotaehyun/ugv_ws/install/cartographer:/home/chotaehyun/ugv_ws/install/apriltag_ros:/home/chotaehyun/ugv_ws/install/ugv_web_app:/home/chotaehyun/ugv_ws/install/ugv_vision:/home/chotaehyun/ugv_ws/install/ugv_tools:/home/chotaehyun/ugv_ws/install/ugv_chat_ai:/home/chotaehyun/ugv_ws/install/ugv_bringup:/home/chotaehyun/ros2_ws/install/vehicle_control_pkg:/opt/ros/humble LD_LIBRARY_PATH=/home/chotaehyun/ugv_ws/install/apriltag_msgs/lib:/home/chotaehyun/ugv_ws/install/apriltag/lib:/home/chotaehyun/ugv_ws/install/vizanti_msgs/lib:/home/chotaehyun/ugv_ws/install/ugv_interface/lib:/home/chotaehyun/ugv_ws/install/teb_local_planner/lib:/home/chotaehyun/ugv_ws/install/teb_msgs/lib:/home/chotaehyun/ugv_ws/install/openslam_gmapping/lib:/home/chotaehyun/ugv_ws/install/costmap_converter/lib:/home/chotaehyun/ugv_ws/install/costmap_converter_msgs/lib:/home/chotaehyun/ugv_ws/install/apriltag_ros/lib:/usr/lib/x86_64-linux-gnu/gazebo-11/plugins:/opt/ros/humble/opt/rviz_ogre_vendor/lib:/opt/ros/humble/lib/x86_64-linux-gnu:/opt/ros/humble/lib PATH=/home/chotaehyun/ugv_ws/install/apriltag/bin:/home/chotaehyun/ugv_ws/install/costmap_converter/bin:/home/chotaehyun/ugv_ws/install/apriltag_ros/bin:/opt/ros/humble/bin:/home/chotaehyun/.local/bin:/usr/local/sbin:/usr/local/bin:/usr/sbin:/usr/bin:/sbin:/bin:/usr/games:/usr/local/games:/snap/bin:/snap/bin PYTHONPATH=/home/chotaehyun/ugv_ws/install/apriltag/lib/python3.10/site-packages:/home/chotaehyun/ugv_ws/install/vizanti_msgs/local/lib/python3.10/dist-packages:/home/chotaehyun/ugv_ws/build/ugv_web_app:/home/chotaehyun/ugv_ws/install/ugv_web_app/lib/python3.10/site-packages:/home/chotaehyun/ugv_ws/build/ugv_vision:/home/chotaehyun/ugv_ws/install/ugv_vision/lib/python3.10/site-packages:/home/chotaehyun/ugv_ws/build/ugv_tools:/home/chotaehyun/ugv_ws/install/ugv_tools/lib/python3.10/site-packages:/home/chotaehyun/ugv_ws/install/ugv_interface/local/lib/python3.10/dist-packages:/home/chotaehyun/ugv_ws/build/ugv_chat_ai:/home/chotaehyun/ugv_ws/install/ugv_chat_ai/lib/python3.10/site-packages:/home/chotaehyun/ugv_ws/build/ugv_bringup:/home/chotaehyun/ugv_ws/install/ugv_bringup/lib/python3.10/site-packages:/home/chotaehyun/ugv_ws/install/teb_msgs/local/lib/python3.10/dist-packages:/home/chotaehyun/ugv_ws/install/costmap_converter_msgs/local/lib/python3.10/dist-packages:/home/chotaehyun/ugv_ws/install/apriltag_msgs/local/lib/python3.10/dist-packages:/home/chotaehyun/ros2_ws/build/vehicle_control_pkg:/home/chotaehyun/ros2_ws/install/vehicle_control_pkg/lib/python3.10/site-packages:/opt/ros/humble/lib/python3.10/site-packages:/opt/ros/humble/local/lib/python3.10/dist-packages /usr/bin/cmake --build /home/chotaehyun/ugv_ws/build/apriltag_ros -- -j16 -l16
[26.542s] Invoking command in '/home/chotaehyun/ugv_ws/build/apriltag_ros': CMAKE_PREFIX_PATH=/home/chotaehyun/ugv_ws/install/apriltag_msgs:/home/chotaehyun/ugv_ws/install/apriltag:/home/chotaehyun/ugv_ws/install/vizanti:/home/chotaehyun/ugv_ws/install/vizanti_server:/home/chotaehyun/ugv_ws/install/vizanti_demos:/home/chotaehyun/ugv_ws/install/vizanti_msgs:/home/chotaehyun/ugv_ws/install/vizanti_cpp:/home/chotaehyun/ugv_ws/install/ugv_slam:/home/chotaehyun/ugv_ws/install/ugv_nav:/home/chotaehyun/ugv_ws/install/ugv_interface:/home/chotaehyun/ugv_ws/install/ugv_gazebo:/home/chotaehyun/ugv_ws/install/ugv_description:/home/chotaehyun/ugv_ws/install/ugv_base_node:/home/chotaehyun/ugv_ws/install/teb_local_planner:/home/chotaehyun/ugv_ws/install/teb_msgs:/home/chotaehyun/ugv_ws/install/slam_gmapping:/home/chotaehyun/ugv_ws/install/robot_pose_publisher:/home/chotaehyun/ugv_ws/install/rf2o_laser_odometry:/home/chotaehyun/ugv_ws/install/openslam_gmapping:/home/chotaehyun/ugv_ws/install/ldlidar:/home/chotaehyun/ugv_ws/install/explore_lite:/home/chotaehyun/ugv_ws/install/emcl2:/home/chotaehyun/ugv_ws/install/costmap_converter:/home/chotaehyun/ugv_ws/install/costmap_converter_msgs:/home/chotaehyun/ugv_ws/install/cartographer:/home/chotaehyun/ugv_ws/install/apriltag_ros:/home/chotaehyun/ugv_ws/install/ugv_web_app:/home/chotaehyun/ugv_ws/install/ugv_vision:/home/chotaehyun/ugv_ws/install/ugv_tools:/home/chotaehyun/ugv_ws/install/ugv_chat_ai:/home/chotaehyun/ugv_ws/install/ugv_bringup:/home/chotaehyun/ros2_ws/install/vehicle_control_pkg:/opt/ros/humble LD_LIBRARY_PATH=/home/chotaehyun/ugv_ws/install/apriltag_msgs/lib:/home/chotaehyun/ugv_ws/install/apriltag/lib:/home/chotaehyun/ugv_ws/install/vizanti_msgs/lib:/home/chotaehyun/ugv_ws/install/ugv_interface/lib:/home/chotaehyun/ugv_ws/install/teb_local_planner/lib:/home/chotaehyun/ugv_ws/install/teb_msgs/lib:/home/chotaehyun/ugv_ws/install/openslam_gmapping/lib:/home/chotaehyun/ugv_ws/install/costmap_converter/lib:/home/chotaehyun/ugv_ws/install/costmap_converter_msgs/lib:/home/chotaehyun/ugv_ws/install/apriltag_ros/lib:/usr/lib/x86_64-linux-gnu/gazebo-11/plugins:/opt/ros/humble/opt/rviz_ogre_vendor/lib:/opt/ros/humble/lib/x86_64-linux-gnu:/opt/ros/humble/lib PATH=/home/chotaehyun/ugv_ws/install/apriltag/bin:/home/chotaehyun/ugv_ws/install/costmap_converter/bin:/home/chotaehyun/ugv_ws/install/apriltag_ros/bin:/opt/ros/humble/bin:/home/chotaehyun/.local/bin:/usr/local/sbin:/usr/local/bin:/usr/sbin:/usr/bin:/sbin:/bin:/usr/games:/usr/local/games:/snap/bin:/snap/bin PYTHONPATH=/home/chotaehyun/ugv_ws/install/apriltag/lib/python3.10/site-packages:/home/chotaehyun/ugv_ws/install/vizanti_msgs/local/lib/python3.10/dist-packages:/home/chotaehyun/ugv_ws/build/ugv_web_app:/home/chotaehyun/ugv_ws/install/ugv_web_app/lib/python3.10/site-packages:/home/chotaehyun/ugv_ws/build/ugv_vision:/home/chotaehyun/ugv_ws/install/ugv_vision/lib/python3.10/site-packages:/home/chotaehyun/ugv_ws/build/ugv_tools:/home/chotaehyun/ugv_ws/install/ugv_tools/lib/python3.10/site-packages:/home/chotaehyun/ugv_ws/install/ugv_interface/local/lib/python3.10/dist-packages:/home/chotaehyun/ugv_ws/build/ugv_chat_ai:/home/chotaehyun/ugv_ws/install/ugv_chat_ai/lib/python3.10/site-packages:/home/chotaehyun/ugv_ws/build/ugv_bringup:/home/chotaehyun/ugv_ws/install/ugv_bringup/lib/python3.10/site-packages:/home/chotaehyun/ugv_ws/install/teb_msgs/local/lib/python3.10/dist-packages:/home/chotaehyun/ugv_ws/install/costmap_converter_msgs/local/lib/python3.10/dist-packages:/home/chotaehyun/ugv_ws/install/apriltag_msgs/local/lib/python3.10/dist-packages:/home/chotaehyun/ros2_ws/build/vehicle_control_pkg:/home/chotaehyun/ros2_ws/install/vehicle_control_pkg/lib/python3.10/site-packages:/opt/ros/humble/lib/python3.10/site-packages:/opt/ros/humble/local/lib/python3.10/dist-packages /usr/bin/cmake --install /home/chotaehyun/ugv_ws/build/apriltag_ros
[26.556s] -- Install configuration: ""
[26.557s] -- Execute custom install script
[26.557s] -- Symlinking: /home/chotaehyun/ugv_ws/install/apriltag_ros/share/apriltag_ros/environment/library_path.sh
[26.587s] -- Symlinking: /home/chotaehyun/ugv_ws/install/apriltag_ros/share/apriltag_ros/environment/library_path.dsv
[26.601s] -- Symlinking: /home/chotaehyun/ugv_ws/install/apriltag_ros/share/apriltag_ros/cfg/tags_16h5_all.yaml
[26.615s] -- Symlinking: /home/chotaehyun/ugv_ws/install/apriltag_ros/share/apriltag_ros/cfg/tags_16h5_filtered.yaml
[26.629s] -- Symlinking: /home/chotaehyun/ugv_ws/install/apriltag_ros/share/apriltag_ros/cfg/tags_36h11_all.yaml
[26.642s] -- Symlinking: /home/chotaehyun/ugv_ws/install/apriltag_ros/share/apriltag_ros/cfg/tags_36h11_filter.yaml
[26.656s] -- Symlinking: /home/chotaehyun/ugv_ws/install/apriltag_ros/share/apriltag_ros/launch/bringup.launch.py
[26.669s] -- Symlinking: /home/chotaehyun/ugv_ws/install/apriltag_ros/share/apriltag_ros/launch/tag_gazebo.launch.py
[26.686s] -- Symlinking: /home/chotaehyun/ugv_ws/install/apriltag_ros/share/apriltag_ros/launch/tag_realsense.launch.py
[26.700s] -- Symlinking: /home/chotaehyun/ugv_ws/install/apriltag_ros/share/ament_index/resource_index/package_run_dependencies/apriltag_ros
[26.712s] -- Symlinking: /home/chotaehyun/ugv_ws/install/apriltag_ros/share/ament_index/resource_index/parent_prefix_path/apriltag_ros
[26.734s] -- Symlinking: /home/chotaehyun/ugv_ws/install/apriltag_ros/share/apriltag_ros/environment/ament_prefix_path.sh
[26.746s] -- Symlinking: /home/chotaehyun/ugv_ws/install/apriltag_ros/share/apriltag_ros/environment/ament_prefix_path.dsv
[26.759s] -- Symlinking: /home/chotaehyun/ugv_ws/install/apriltag_ros/share/apriltag_ros/environment/path.sh
[26.777s] -- Symlinking: /home/chotaehyun/ugv_ws/install/apriltag_ros/share/apriltag_ros/environment/path.dsv
[26.798s] -- Symlinking: /home/chotaehyun/ugv_ws/install/apriltag_ros/share/apriltag_ros/local_setup.bash
[26.811s] -- Symlinking: /home/chotaehyun/ugv_ws/install/apriltag_ros/share/apriltag_ros/local_setup.sh
[26.824s] -- Symlinking: /home/chotaehyun/ugv_ws/install/apriltag_ros/share/apriltag_ros/local_setup.zsh
[26.837s] -- Symlinking: /home/chotaehyun/ugv_ws/install/apriltag_ros/share/apriltag_ros/local_setup.dsv
[26.851s] -- Symlinking: /home/chotaehyun/ugv_ws/install/apriltag_ros/share/apriltag_ros/package.dsv
[26.864s] -- Symlinking: /home/chotaehyun/ugv_ws/install/apriltag_ros/share/ament_index/resource_index/packages/apriltag_ros
[26.878s] -- Symlinking: /home/chotaehyun/ugv_ws/install/apriltag_ros/share/ament_index/resource_index/rclcpp_components/apriltag_ros
[26.891s] -- Symlinking: /home/chotaehyun/ugv_ws/install/apriltag_ros/share/apriltag_ros/cmake/ament_cmake_export_dependencies-extras.cmake
[26.905s] -- Symlinking: /home/chotaehyun/ugv_ws/install/apriltag_ros/share/apriltag_ros/cmake/apriltag_rosConfig.cmake
[26.918s] -- Symlinking: /home/chotaehyun/ugv_ws/install/apriltag_ros/share/apriltag_ros/cmake/apriltag_rosConfig-version.cmake
[26.931s] -- Symlinking: /home/chotaehyun/ugv_ws/install/apriltag_ros/share/apriltag_ros/package.xml
[26.944s] -- Installing: /home/chotaehyun/ugv_ws/install/apriltag_ros/lib/libAprilTagNode.so
[26.951s] -- Set runtime path of "/home/chotaehyun/ugv_ws/install/apriltag_ros/lib/libAprilTagNode.so" to ""
[26.951s] -- Installing: /home/chotaehyun/ugv_ws/install/apriltag_ros/bin/tag_detector
[26.956s] -- Set runtime path of "/home/chotaehyun/ugv_ws/install/apriltag_ros/bin/tag_detector" to ""
[26.961s] Invoked command in '/home/chotaehyun/ugv_ws/build/apriltag_ros' returned '0': CMAKE_PREFIX_PATH=/home/chotaehyun/ugv_ws/install/apriltag_msgs:/home/chotaehyun/ugv_ws/install/apriltag:/home/chotaehyun/ugv_ws/install/vizanti:/home/chotaehyun/ugv_ws/install/vizanti_server:/home/chotaehyun/ugv_ws/install/vizanti_demos:/home/chotaehyun/ugv_ws/install/vizanti_msgs:/home/chotaehyun/ugv_ws/install/vizanti_cpp:/home/chotaehyun/ugv_ws/install/ugv_slam:/home/chotaehyun/ugv_ws/install/ugv_nav:/home/chotaehyun/ugv_ws/install/ugv_interface:/home/chotaehyun/ugv_ws/install/ugv_gazebo:/home/chotaehyun/ugv_ws/install/ugv_description:/home/chotaehyun/ugv_ws/install/ugv_base_node:/home/chotaehyun/ugv_ws/install/teb_local_planner:/home/chotaehyun/ugv_ws/install/teb_msgs:/home/chotaehyun/ugv_ws/install/slam_gmapping:/home/chotaehyun/ugv_ws/install/robot_pose_publisher:/home/chotaehyun/ugv_ws/install/rf2o_laser_odometry:/home/chotaehyun/ugv_ws/install/openslam_gmapping:/home/chotaehyun/ugv_ws/install/ldlidar:/home/chotaehyun/ugv_ws/install/explore_lite:/home/chotaehyun/ugv_ws/install/emcl2:/home/chotaehyun/ugv_ws/install/costmap_converter:/home/chotaehyun/ugv_ws/install/costmap_converter_msgs:/home/chotaehyun/ugv_ws/install/cartographer:/home/chotaehyun/ugv_ws/install/apriltag_ros:/home/chotaehyun/ugv_ws/install/ugv_web_app:/home/chotaehyun/ugv_ws/install/ugv_vision:/home/chotaehyun/ugv_ws/install/ugv_tools:/home/chotaehyun/ugv_ws/install/ugv_chat_ai:/home/chotaehyun/ugv_ws/install/ugv_bringup:/home/chotaehyun/ros2_ws/install/vehicle_control_pkg:/opt/ros/humble LD_LIBRARY_PATH=/home/chotaehyun/ugv_ws/install/apriltag_msgs/lib:/home/chotaehyun/ugv_ws/install/apriltag/lib:/home/chotaehyun/ugv_ws/install/vizanti_msgs/lib:/home/chotaehyun/ugv_ws/install/ugv_interface/lib:/home/chotaehyun/ugv_ws/install/teb_local_planner/lib:/home/chotaehyun/ugv_ws/install/teb_msgs/lib:/home/chotaehyun/ugv_ws/install/openslam_gmapping/lib:/home/chotaehyun/ugv_ws/install/costmap_converter/lib:/home/chotaehyun/ugv_ws/install/costmap_converter_msgs/lib:/home/chotaehyun/ugv_ws/install/apriltag_ros/lib:/usr/lib/x86_64-linux-gnu/gazebo-11/plugins:/opt/ros/humble/opt/rviz_ogre_vendor/lib:/opt/ros/humble/lib/x86_64-linux-gnu:/opt/ros/humble/lib PATH=/home/chotaehyun/ugv_ws/install/apriltag/bin:/home/chotaehyun/ugv_ws/install/costmap_converter/bin:/home/chotaehyun/ugv_ws/install/apriltag_ros/bin:/opt/ros/humble/bin:/home/chotaehyun/.local/bin:/usr/local/sbin:/usr/local/bin:/usr/sbin:/usr/bin:/sbin:/bin:/usr/games:/usr/local/games:/snap/bin:/snap/bin PYTHONPATH=/home/chotaehyun/ugv_ws/install/apriltag/lib/python3.10/site-packages:/home/chotaehyun/ugv_ws/install/vizanti_msgs/local/lib/python3.10/dist-packages:/home/chotaehyun/ugv_ws/build/ugv_web_app:/home/chotaehyun/ugv_ws/install/ugv_web_app/lib/python3.10/site-packages:/home/chotaehyun/ugv_ws/build/ugv_vision:/home/chotaehyun/ugv_ws/install/ugv_vision/lib/python3.10/site-packages:/home/chotaehyun/ugv_ws/build/ugv_tools:/home/chotaehyun/ugv_ws/install/ugv_tools/lib/python3.10/site-packages:/home/chotaehyun/ugv_ws/install/ugv_interface/local/lib/python3.10/dist-packages:/home/chotaehyun/ugv_ws/build/ugv_chat_ai:/home/chotaehyun/ugv_ws/install/ugv_chat_ai/lib/python3.10/site-packages:/home/chotaehyun/ugv_ws/build/ugv_bringup:/home/chotaehyun/ugv_ws/install/ugv_bringup/lib/python3.10/site-packages:/home/chotaehyun/ugv_ws/install/teb_msgs/local/lib/python3.10/dist-packages:/home/chotaehyun/ugv_ws/install/costmap_converter_msgs/local/lib/python3.10/dist-packages:/home/chotaehyun/ugv_ws/install/apriltag_msgs/local/lib/python3.10/dist-packages:/home/chotaehyun/ros2_ws/build/vehicle_control_pkg:/home/chotaehyun/ros2_ws/install/vehicle_control_pkg/lib/python3.10/site-packages:/opt/ros/humble/lib/python3.10/site-packages:/opt/ros/humble/local/lib/python3.10/dist-packages /usr/bin/cmake --install /home/chotaehyun/ugv_ws/build/apriltag_ros
