[0.240s] Invoking command in '/home/chotaehyun/ugv_ws/build/ugv_interface': CMAKE_PREFIX_PATH=${CMAKE_PREFIX_PATH}:/home/chotaehyun/ugv_ws/install/ugv_web_app:/home/chotaehyun/ugv_ws/install/ugv_vision:/home/chotaehyun/ugv_ws/install/ugv_tools:/home/chotaehyun/ugv_ws/install/ugv_chat_ai:/home/chotaehyun/ugv_ws/install/ugv_bringup:/home/chotaehyun/ros2_ws/install/vehicle_control_pkg:/opt/ros/humble /usr/bin/cmake --build /home/chotaehyun/ugv_ws/build/ugv_interface -- -j16 -l16
[0.303s] [  2%] Built target ugv_interface__cpp
[0.305s] [ 12%] Built target ugv_interface__rosidl_generator_c
[0.314s] [ 12%] Built target ament_cmake_python_symlink_ugv_interface
[0.332s] [ 58%] Built target ugv_interface__rosidl_typesupport_introspection_cpp
[0.332s] [ 66%] Built target ugv_interface__rosidl_typesupport_cpp
[0.332s] [ 69%] Built target ugv_interface__rosidl_typesupport_c
[0.332s] [ 69%] Built target ugv_interface__rosidl_typesupport_introspection_c
[0.332s] [ 69%] Built target ugv_interface__rosidl_typesupport_fastrtps_cpp
[0.332s] [ 74%] Built target ugv_interface__rosidl_typesupport_fastrtps_c
[0.357s] [ 74%] Built target ugv_interface
[0.384s] [ 76%] Built target ugv_interface__py
[0.412s] [ 84%] Built target ugv_interface__rosidl_generator_py
[0.440s] [ 89%] Built target ugv_interface__rosidl_typesupport_introspection_c__pyext
[0.441s] [ 94%] Built target ugv_interface__rosidl_typesupport_fastrtps_c__pyext
[0.448s] [100%] Built target ugv_interface__rosidl_typesupport_c__pyext
[0.569s] running egg_info
[0.569s] writing ugv_interface.egg-info/PKG-INFO
[0.570s] writing dependency_links to ugv_interface.egg-info/dependency_links.txt
[0.570s] writing top-level names to ugv_interface.egg-info/top_level.txt
[0.572s] reading manifest file 'ugv_interface.egg-info/SOURCES.txt'
[0.573s] writing manifest file 'ugv_interface.egg-info/SOURCES.txt'
[0.617s] [100%] Built target ament_cmake_python_build_ugv_interface_egg
[1.092s] Invoked command in '/home/chotaehyun/ugv_ws/build/ugv_interface' returned '0': CMAKE_PREFIX_PATH=${CMAKE_PREFIX_PATH}:/home/chotaehyun/ugv_ws/install/ugv_web_app:/home/chotaehyun/ugv_ws/install/ugv_vision:/home/chotaehyun/ugv_ws/install/ugv_tools:/home/chotaehyun/ugv_ws/install/ugv_chat_ai:/home/chotaehyun/ugv_ws/install/ugv_bringup:/home/chotaehyun/ros2_ws/install/vehicle_control_pkg:/opt/ros/humble /usr/bin/cmake --build /home/chotaehyun/ugv_ws/build/ugv_interface -- -j16 -l16
[1.094s] Invoking command in '/home/chotaehyun/ugv_ws/build/ugv_interface': CMAKE_PREFIX_PATH=${CMAKE_PREFIX_PATH}:/home/chotaehyun/ugv_ws/install/ugv_web_app:/home/chotaehyun/ugv_ws/install/ugv_vision:/home/chotaehyun/ugv_ws/install/ugv_tools:/home/chotaehyun/ugv_ws/install/ugv_chat_ai:/home/chotaehyun/ugv_ws/install/ugv_bringup:/home/chotaehyun/ros2_ws/install/vehicle_control_pkg:/opt/ros/humble /usr/bin/cmake --install /home/chotaehyun/ugv_ws/build/ugv_interface
[1.133s] -- Install configuration: ""
[1.133s] -- Execute custom install script
[1.133s] -- Up-to-date symlink: /home/chotaehyun/ugv_ws/install/ugv_interface/share/ament_index/resource_index/rosidl_interfaces/ugv_interface
[1.133s] -- Up-to-date symlink: /home/chotaehyun/ugv_ws/install/ugv_interface/include/ugv_interface/ugv_interface/action/behavior.h
[1.133s] -- Up-to-date symlink: /home/chotaehyun/ugv_ws/install/ugv_interface/include/ugv_interface/ugv_interface/action/detail/behavior__functions.h
[1.133s] -- Up-to-date symlink: /home/chotaehyun/ugv_ws/install/ugv_interface/include/ugv_interface/ugv_interface/action/detail/behavior__struct.h
[1.133s] -- Up-to-date symlink: /home/chotaehyun/ugv_ws/install/ugv_interface/include/ugv_interface/ugv_interface/action/detail/behavior__type_support.h
[1.133s] -- Up-to-date symlink: /home/chotaehyun/ugv_ws/install/ugv_interface/include/ugv_interface/ugv_interface/msg/rosidl_generator_c__visibility_control.h
[1.133s] -- Up-to-date symlink: /home/chotaehyun/ugv_ws/install/ugv_interface/include/ugv_interface/ugv_interface/srv/detail/map_save__functions.h
[1.133s] -- Up-to-date symlink: /home/chotaehyun/ugv_ws/install/ugv_interface/include/ugv_interface/ugv_interface/srv/detail/map_save__struct.h
[1.133s] -- Up-to-date symlink: /home/chotaehyun/ugv_ws/install/ugv_interface/include/ugv_interface/ugv_interface/srv/detail/map_save__type_support.h
[1.133s] -- Up-to-date symlink: /home/chotaehyun/ugv_ws/install/ugv_interface/include/ugv_interface/ugv_interface/srv/map_save.h
[1.133s] -- Up-to-date symlink: /home/chotaehyun/ugv_ws/install/ugv_interface/share/ugv_interface/environment/library_path.sh
[1.133s] -- Up-to-date symlink: /home/chotaehyun/ugv_ws/install/ugv_interface/share/ugv_interface/environment/library_path.dsv
[1.133s] -- Up-to-date symlink: /home/chotaehyun/ugv_ws/install/ugv_interface/include/ugv_interface/ugv_interface/action/detail/behavior__rosidl_typesupport_fastrtps_c.h
[1.134s] -- Up-to-date symlink: /home/chotaehyun/ugv_ws/install/ugv_interface/include/ugv_interface/ugv_interface/msg/rosidl_typesupport_fastrtps_c__visibility_control.h
[1.134s] -- Up-to-date symlink: /home/chotaehyun/ugv_ws/install/ugv_interface/include/ugv_interface/ugv_interface/srv/detail/map_save__rosidl_typesupport_fastrtps_c.h
[1.134s] -- Up-to-date symlink: /home/chotaehyun/ugv_ws/install/ugv_interface/include/ugv_interface/ugv_interface/action/detail/behavior__rosidl_typesupport_introspection_c.h
[1.134s] -- Up-to-date symlink: /home/chotaehyun/ugv_ws/install/ugv_interface/include/ugv_interface/ugv_interface/msg/rosidl_typesupport_introspection_c__visibility_control.h
[1.134s] -- Up-to-date symlink: /home/chotaehyun/ugv_ws/install/ugv_interface/include/ugv_interface/ugv_interface/srv/detail/map_save__rosidl_typesupport_introspection_c.h
[1.134s] -- Up-to-date symlink: /home/chotaehyun/ugv_ws/install/ugv_interface/include/ugv_interface/ugv_interface/action/behavior.hpp
[1.134s] -- Up-to-date symlink: /home/chotaehyun/ugv_ws/install/ugv_interface/include/ugv_interface/ugv_interface/action/detail/behavior__builder.hpp
[1.134s] -- Up-to-date symlink: /home/chotaehyun/ugv_ws/install/ugv_interface/include/ugv_interface/ugv_interface/action/detail/behavior__struct.hpp
[1.134s] -- Up-to-date symlink: /home/chotaehyun/ugv_ws/install/ugv_interface/include/ugv_interface/ugv_interface/action/detail/behavior__traits.hpp
[1.134s] -- Up-to-date symlink: /home/chotaehyun/ugv_ws/install/ugv_interface/include/ugv_interface/ugv_interface/action/detail/behavior__type_support.hpp
[1.134s] -- Up-to-date symlink: /home/chotaehyun/ugv_ws/install/ugv_interface/include/ugv_interface/ugv_interface/msg/rosidl_generator_cpp__visibility_control.hpp
[1.134s] -- Up-to-date symlink: /home/chotaehyun/ugv_ws/install/ugv_interface/include/ugv_interface/ugv_interface/srv/detail/map_save__builder.hpp
[1.134s] -- Up-to-date symlink: /home/chotaehyun/ugv_ws/install/ugv_interface/include/ugv_interface/ugv_interface/srv/detail/map_save__struct.hpp
[1.134s] -- Up-to-date symlink: /home/chotaehyun/ugv_ws/install/ugv_interface/include/ugv_interface/ugv_interface/srv/detail/map_save__traits.hpp
[1.134s] -- Up-to-date symlink: /home/chotaehyun/ugv_ws/install/ugv_interface/include/ugv_interface/ugv_interface/srv/detail/map_save__type_support.hpp
[1.135s] -- Up-to-date symlink: /home/chotaehyun/ugv_ws/install/ugv_interface/include/ugv_interface/ugv_interface/srv/map_save.hpp
[1.135s] -- Up-to-date symlink: /home/chotaehyun/ugv_ws/install/ugv_interface/include/ugv_interface/ugv_interface/action/detail/behavior__rosidl_typesupport_fastrtps_cpp.hpp
[1.135s] -- Up-to-date symlink: /home/chotaehyun/ugv_ws/install/ugv_interface/include/ugv_interface/ugv_interface/msg/rosidl_typesupport_fastrtps_cpp__visibility_control.h
[1.148s] -- Up-to-date symlink: /home/chotaehyun/ugv_ws/install/ugv_interface/include/ugv_interface/ugv_interface/srv/detail/map_save__rosidl_typesupport_fastrtps_cpp.hpp
[1.148s] -- Up-to-date symlink: /home/chotaehyun/ugv_ws/install/ugv_interface/include/ugv_interface/ugv_interface/action/detail/behavior__rosidl_typesupport_introspection_cpp.hpp
[1.152s] -- Up-to-date symlink: /home/chotaehyun/ugv_ws/install/ugv_interface/include/ugv_interface/ugv_interface/srv/detail/map_save__rosidl_typesupport_introspection_cpp.hpp
[1.153s] -- Up-to-date symlink: /home/chotaehyun/ugv_ws/install/ugv_interface/share/ugv_interface/environment/pythonpath.sh
[1.153s] -- Up-to-date symlink: /home/chotaehyun/ugv_ws/install/ugv_interface/share/ugv_interface/environment/pythonpath.dsv
[1.153s] -- Up-to-date symlink: /home/chotaehyun/ugv_ws/install/ugv_interface/local/lib/python3.10/dist-packages/ugv_interface-0.0.0-py3.10.egg-info/PKG-INFO
[1.153s] -- Up-to-date symlink: /home/chotaehyun/ugv_ws/install/ugv_interface/local/lib/python3.10/dist-packages/ugv_interface-0.0.0-py3.10.egg-info/SOURCES.txt
[1.153s] -- Up-to-date symlink: /home/chotaehyun/ugv_ws/install/ugv_interface/local/lib/python3.10/dist-packages/ugv_interface-0.0.0-py3.10.egg-info/dependency_links.txt
[1.153s] -- Up-to-date symlink: /home/chotaehyun/ugv_ws/install/ugv_interface/local/lib/python3.10/dist-packages/ugv_interface-0.0.0-py3.10.egg-info/top_level.txt
[1.153s] -- Up-to-date symlink: /home/chotaehyun/ugv_ws/install/ugv_interface/local/lib/python3.10/dist-packages/ugv_interface/__init__.py
[1.153s] -- Up-to-date symlink: /home/chotaehyun/ugv_ws/install/ugv_interface/local/lib/python3.10/dist-packages/ugv_interface/_ugv_interface_s.ep.rosidl_typesupport_c.c
[1.153s] -- Up-to-date symlink: /home/chotaehyun/ugv_ws/install/ugv_interface/local/lib/python3.10/dist-packages/ugv_interface/_ugv_interface_s.ep.rosidl_typesupport_fastrtps_c.c
[1.153s] -- Up-to-date symlink: /home/chotaehyun/ugv_ws/install/ugv_interface/local/lib/python3.10/dist-packages/ugv_interface/_ugv_interface_s.ep.rosidl_typesupport_introspection_c.c
[1.153s] -- Up-to-date symlink: /home/chotaehyun/ugv_ws/install/ugv_interface/local/lib/python3.10/dist-packages/ugv_interface/action/__init__.py
[1.153s] -- Up-to-date symlink: /home/chotaehyun/ugv_ws/install/ugv_interface/local/lib/python3.10/dist-packages/ugv_interface/action/_behavior.py
[1.153s] -- Up-to-date symlink: /home/chotaehyun/ugv_ws/install/ugv_interface/local/lib/python3.10/dist-packages/ugv_interface/action/_behavior_s.c
[1.157s] -- Up-to-date symlink: /home/chotaehyun/ugv_ws/install/ugv_interface/local/lib/python3.10/dist-packages/ugv_interface/libugv_interface__rosidl_generator_py.so
[1.158s] -- Up-to-date symlink: /home/chotaehyun/ugv_ws/install/ugv_interface/local/lib/python3.10/dist-packages/ugv_interface/srv/__init__.py
[1.158s] -- Up-to-date symlink: /home/chotaehyun/ugv_ws/install/ugv_interface/local/lib/python3.10/dist-packages/ugv_interface/srv/_map_save.py
[1.162s] -- Up-to-date symlink: /home/chotaehyun/ugv_ws/install/ugv_interface/local/lib/python3.10/dist-packages/ugv_interface/srv/_map_save_s.c
[1.162s] -- Up-to-date symlink: /home/chotaehyun/ugv_ws/install/ugv_interface/local/lib/python3.10/dist-packages/ugv_interface/ugv_interface_s__rosidl_typesupport_c.cpython-310-x86_64-linux-gnu.so
[1.162s] -- Up-to-date symlink: /home/chotaehyun/ugv_ws/install/ugv_interface/local/lib/python3.10/dist-packages/ugv_interface/ugv_interface_s__rosidl_typesupport_fastrtps_c.cpython-310-x86_64-linux-gnu.so
[1.162s] -- Up-to-date symlink: /home/chotaehyun/ugv_ws/install/ugv_interface/local/lib/python3.10/dist-packages/ugv_interface/ugv_interface_s__rosidl_typesupport_introspection_c.cpython-310-x86_64-linux-gnu.so
[1.162s] -- Up-to-date symlink: /home/chotaehyun/ugv_ws/install/ugv_interface/local/lib/python3.10/dist-packages/ugv_interface/ugv_interface_s__rosidl_typesupport_fastrtps_c.cpython-310-x86_64-linux-gnu.so
[1.162s] -- Up-to-date symlink: /home/chotaehyun/ugv_ws/install/ugv_interface/local/lib/python3.10/dist-packages/ugv_interface/ugv_interface_s__rosidl_typesupport_introspection_c.cpython-310-x86_64-linux-gnu.so
[1.163s] -- Up-to-date symlink: /home/chotaehyun/ugv_ws/install/ugv_interface/local/lib/python3.10/dist-packages/ugv_interface/ugv_interface_s__rosidl_typesupport_c.cpython-310-x86_64-linux-gnu.so
[1.176s] -- Up-to-date symlink: /home/chotaehyun/ugv_ws/install/ugv_interface/share/ugv_interface/srv/MapSave.idl
[1.176s] -- Up-to-date symlink: /home/chotaehyun/ugv_ws/install/ugv_interface/share/ugv_interface/action/Behavior.idl
[1.176s] -- Up-to-date symlink: /home/chotaehyun/ugv_ws/install/ugv_interface/share/ugv_interface/srv/MapSave.srv
[1.176s] -- Up-to-date symlink: /home/chotaehyun/ugv_ws/install/ugv_interface/share/ugv_interface/srv/MapSave_Request.msg
[1.176s] -- Up-to-date symlink: /home/chotaehyun/ugv_ws/install/ugv_interface/share/ugv_interface/srv/MapSave_Response.msg
[1.176s] -- Up-to-date symlink: /home/chotaehyun/ugv_ws/install/ugv_interface/share/ugv_interface/action/Behavior.action
[1.176s] -- Up-to-date symlink: /home/chotaehyun/ugv_ws/install/ugv_interface/share/ugv_interface/srv/MapSave.srv
[1.176s] -- Up-to-date symlink: /home/chotaehyun/ugv_ws/install/ugv_interface/share/ugv_interface/action/Behavior.action
[1.176s] -- Up-to-date symlink: /home/chotaehyun/ugv_ws/install/ugv_interface/share/ament_index/resource_index/package_run_dependencies/ugv_interface
[1.176s] -- Up-to-date symlink: /home/chotaehyun/ugv_ws/install/ugv_interface/share/ament_index/resource_index/parent_prefix_path/ugv_interface
[1.176s] -- Up-to-date symlink: /home/chotaehyun/ugv_ws/install/ugv_interface/share/ugv_interface/environment/ament_prefix_path.sh
[1.176s] -- Up-to-date symlink: /home/chotaehyun/ugv_ws/install/ugv_interface/share/ugv_interface/environment/ament_prefix_path.dsv
[1.177s] -- Up-to-date symlink: /home/chotaehyun/ugv_ws/install/ugv_interface/share/ugv_interface/environment/path.sh
[1.177s] -- Up-to-date symlink: /home/chotaehyun/ugv_ws/install/ugv_interface/share/ugv_interface/environment/path.dsv
[1.177s] -- Up-to-date symlink: /home/chotaehyun/ugv_ws/install/ugv_interface/share/ugv_interface/local_setup.bash
[1.177s] -- Up-to-date symlink: /home/chotaehyun/ugv_ws/install/ugv_interface/share/ugv_interface/local_setup.sh
[1.177s] -- Up-to-date symlink: /home/chotaehyun/ugv_ws/install/ugv_interface/share/ugv_interface/local_setup.zsh
[1.177s] -- Up-to-date symlink: /home/chotaehyun/ugv_ws/install/ugv_interface/share/ugv_interface/local_setup.dsv
[1.177s] -- Symlinking: /home/chotaehyun/ugv_ws/install/ugv_interface/share/ugv_interface/package.dsv
[1.178s] -- Up-to-date symlink: /home/chotaehyun/ugv_ws/install/ugv_interface/share/ament_index/resource_index/packages/ugv_interface
[1.178s] -- Up-to-date symlink: /home/chotaehyun/ugv_ws/install/ugv_interface/share/ugv_interface/cmake/rosidl_cmake-extras.cmake
[1.178s] -- Up-to-date symlink: /home/chotaehyun/ugv_ws/install/ugv_interface/share/ugv_interface/cmake/ament_cmake_export_dependencies-extras.cmake
[1.178s] -- Up-to-date symlink: /home/chotaehyun/ugv_ws/install/ugv_interface/share/ugv_interface/cmake/ament_cmake_export_include_directories-extras.cmake
[1.178s] -- Up-to-date symlink: /home/chotaehyun/ugv_ws/install/ugv_interface/share/ugv_interface/cmake/ament_cmake_export_libraries-extras.cmake
[1.178s] -- Up-to-date symlink: /home/chotaehyun/ugv_ws/install/ugv_interface/share/ugv_interface/cmake/ament_cmake_export_targets-extras.cmake
[1.178s] -- Up-to-date symlink: /home/chotaehyun/ugv_ws/install/ugv_interface/share/ugv_interface/cmake/rosidl_cmake_export_typesupport_targets-extras.cmake
[1.178s] -- Up-to-date symlink: /home/chotaehyun/ugv_ws/install/ugv_interface/share/ugv_interface/cmake/rosidl_cmake_export_typesupport_libraries-extras.cmake
[1.178s] -- Up-to-date symlink: /home/chotaehyun/ugv_ws/install/ugv_interface/share/ugv_interface/cmake/ugv_interfaceConfig.cmake
[1.178s] -- Up-to-date symlink: /home/chotaehyun/ugv_ws/install/ugv_interface/share/ugv_interface/cmake/ugv_interfaceConfig-version.cmake
[1.178s] -- Up-to-date symlink: /home/chotaehyun/ugv_ws/install/ugv_interface/share/ugv_interface/package.xml
[1.179s] -- Up-to-date: /home/chotaehyun/ugv_ws/install/ugv_interface/lib/libugv_interface__rosidl_generator_c.so
[1.179s] -- Up-to-date: /home/chotaehyun/ugv_ws/install/ugv_interface/lib/libugv_interface__rosidl_typesupport_fastrtps_c.so
[1.179s] -- Up-to-date: /home/chotaehyun/ugv_ws/install/ugv_interface/lib/libugv_interface__rosidl_typesupport_introspection_c.so
[1.180s] -- Up-to-date: /home/chotaehyun/ugv_ws/install/ugv_interface/lib/libugv_interface__rosidl_typesupport_c.so
[1.181s] -- Up-to-date: /home/chotaehyun/ugv_ws/install/ugv_interface/lib/libugv_interface__rosidl_typesupport_fastrtps_cpp.so
[1.187s] -- Up-to-date: /home/chotaehyun/ugv_ws/install/ugv_interface/lib/libugv_interface__rosidl_typesupport_introspection_cpp.so
[1.187s] -- Up-to-date: /home/chotaehyun/ugv_ws/install/ugv_interface/lib/libugv_interface__rosidl_typesupport_cpp.so
[1.218s] Listing '/home/chotaehyun/ugv_ws/install/ugv_interface/local/lib/python3.10/dist-packages/ugv_interface'...
[1.218s] Listing '/home/chotaehyun/ugv_ws/install/ugv_interface/local/lib/python3.10/dist-packages/ugv_interface/action'...
[1.220s] Listing '/home/chotaehyun/ugv_ws/install/ugv_interface/local/lib/python3.10/dist-packages/ugv_interface/srv'...
[1.239s] -- Up-to-date: /home/chotaehyun/ugv_ws/install/ugv_interface/lib/libugv_interface__rosidl_generator_py.so
[1.239s] -- Up-to-date: /home/chotaehyun/ugv_ws/install/ugv_interface/share/ugv_interface/cmake/export_ugv_interface__rosidl_generator_cExport.cmake
[1.239s] -- Up-to-date: /home/chotaehyun/ugv_ws/install/ugv_interface/share/ugv_interface/cmake/export_ugv_interface__rosidl_generator_cExport-noconfig.cmake
[1.239s] -- Up-to-date: /home/chotaehyun/ugv_ws/install/ugv_interface/share/ugv_interface/cmake/export_ugv_interface__rosidl_typesupport_fastrtps_cExport.cmake
[1.240s] -- Up-to-date: /home/chotaehyun/ugv_ws/install/ugv_interface/share/ugv_interface/cmake/export_ugv_interface__rosidl_typesupport_fastrtps_cExport-noconfig.cmake
[1.240s] -- Up-to-date: /home/chotaehyun/ugv_ws/install/ugv_interface/share/ugv_interface/cmake/ugv_interface__rosidl_typesupport_introspection_cExport.cmake
[1.240s] -- Up-to-date: /home/chotaehyun/ugv_ws/install/ugv_interface/share/ugv_interface/cmake/ugv_interface__rosidl_typesupport_introspection_cExport-noconfig.cmake
[1.242s] -- Up-to-date: /home/chotaehyun/ugv_ws/install/ugv_interface/share/ugv_interface/cmake/ugv_interface__rosidl_typesupport_cExport.cmake
[1.242s] -- Up-to-date: /home/chotaehyun/ugv_ws/install/ugv_interface/share/ugv_interface/cmake/ugv_interface__rosidl_typesupport_cExport-noconfig.cmake
[1.242s] -- Up-to-date: /home/chotaehyun/ugv_ws/install/ugv_interface/share/ugv_interface/cmake/export_ugv_interface__rosidl_generator_cppExport.cmake
[1.242s] -- Up-to-date: /home/chotaehyun/ugv_ws/install/ugv_interface/share/ugv_interface/cmake/export_ugv_interface__rosidl_typesupport_fastrtps_cppExport.cmake
[1.242s] -- Up-to-date: /home/chotaehyun/ugv_ws/install/ugv_interface/share/ugv_interface/cmake/export_ugv_interface__rosidl_typesupport_fastrtps_cppExport-noconfig.cmake
[1.243s] -- Up-to-date: /home/chotaehyun/ugv_ws/install/ugv_interface/share/ugv_interface/cmake/ugv_interface__rosidl_typesupport_introspection_cppExport.cmake
[1.243s] -- Up-to-date: /home/chotaehyun/ugv_ws/install/ugv_interface/share/ugv_interface/cmake/ugv_interface__rosidl_typesupport_introspection_cppExport-noconfig.cmake
[1.243s] -- Up-to-date: /home/chotaehyun/ugv_ws/install/ugv_interface/share/ugv_interface/cmake/ugv_interface__rosidl_typesupport_cppExport.cmake
[1.243s] -- Up-to-date: /home/chotaehyun/ugv_ws/install/ugv_interface/share/ugv_interface/cmake/ugv_interface__rosidl_typesupport_cppExport-noconfig.cmake
[1.244s] -- Up-to-date: /home/chotaehyun/ugv_ws/install/ugv_interface/share/ugv_interface/cmake/export_ugv_interface__rosidl_generator_pyExport.cmake
[1.244s] -- Up-to-date: /home/chotaehyun/ugv_ws/install/ugv_interface/share/ugv_interface/cmake/export_ugv_interface__rosidl_generator_pyExport-noconfig.cmake
[1.292s] Invoked command in '/home/chotaehyun/ugv_ws/build/ugv_interface' returned '0': CMAKE_PREFIX_PATH=${CMAKE_PREFIX_PATH}:/home/chotaehyun/ugv_ws/install/ugv_web_app:/home/chotaehyun/ugv_ws/install/ugv_vision:/home/chotaehyun/ugv_ws/install/ugv_tools:/home/chotaehyun/ugv_ws/install/ugv_chat_ai:/home/chotaehyun/ugv_ws/install/ugv_bringup:/home/chotaehyun/ros2_ws/install/vehicle_control_pkg:/opt/ros/humble /usr/bin/cmake --install /home/chotaehyun/ugv_ws/build/ugv_interface
