[2.438s] Invoking command in '/home/chotaehyun/ugv_ws/build/my_waver_app': PYTHONPATH=/home/chotaehyun/ugv_ws/build/my_waver_app/prefix_override:/usr/lib/python3/dist-packages/colcon_core/task/python/colcon_distutils_commands:/home/chotaehyun/ugv_ws/install/my_waver_app/lib/python3.10/site-packages:${PYTHONPATH} /usr/bin/python3 -W ignore:setup.py install is deprecated -W ignore:easy_install command is deprecated setup.py develop --editable --build-directory /home/chotaehyun/ugv_ws/build/my_waver_app/build --no-deps symlink_data
[2.852s] running develop
[3.064s] running egg_info
[3.064s] creating my_waver_app.egg-info
[3.064s] writing my_waver_app.egg-info/PKG-INFO
[3.064s] writing dependency_links to my_waver_app.egg-info/dependency_links.txt
[3.064s] writing entry points to my_waver_app.egg-info/entry_points.txt
[3.064s] writing requirements to my_waver_app.egg-info/requires.txt
[3.064s] writing top-level names to my_waver_app.egg-info/top_level.txt
[3.064s] writing manifest file 'my_waver_app.egg-info/SOURCES.txt'
[3.067s] reading manifest file 'my_waver_app.egg-info/SOURCES.txt'
[3.067s] writing manifest file 'my_waver_app.egg-info/SOURCES.txt'
[3.069s] running build_ext
[3.069s] Creating /home/chotaehyun/ugv_ws/install/my_waver_app/lib/python3.10/site-packages/my-waver-app.egg-link (link to .)
[3.070s] Installing patrol_waypoint_node script to /home/chotaehyun/ugv_ws/install/my_waver_app/lib/my_waver_app
[3.070s] 
[3.070s] Installed /home/chotaehyun/ugv_ws/build/my_waver_app
[3.070s] running symlink_data
[3.070s] creating /home/chotaehyun/ugv_ws/install/my_waver_app/share/ament_index
[3.070s] creating /home/chotaehyun/ugv_ws/install/my_waver_app/share/ament_index/resource_index
[3.071s] creating /home/chotaehyun/ugv_ws/install/my_waver_app/share/ament_index/resource_index/packages
[3.071s] symbolically linking /home/chotaehyun/ugv_ws/build/my_waver_app/resource/my_waver_app -> /home/chotaehyun/ugv_ws/install/my_waver_app/share/ament_index/resource_index/packages
[3.071s] symbolically linking /home/chotaehyun/ugv_ws/build/my_waver_app/package.xml -> /home/chotaehyun/ugv_ws/install/my_waver_app/share/my_waver_app
[3.071s] creating /home/chotaehyun/ugv_ws/install/my_waver_app/share/my_waver_app/launch
[3.071s] symbolically linking /home/chotaehyun/ugv_ws/build/my_waver_app/launch/patrol.launch.py -> /home/chotaehyun/ugv_ws/install/my_waver_app/share/my_waver_app/launch
[3.071s] creating /home/chotaehyun/ugv_ws/install/my_waver_app/share/my_waver_app/config
[3.071s] symbolically linking /home/chotaehyun/ugv_ws/build/my_waver_app/config/patrol_points.yaml -> /home/chotaehyun/ugv_ws/install/my_waver_app/share/my_waver_app/config
[3.122s] Invoked command in '/home/chotaehyun/ugv_ws/build/my_waver_app' returned '0': PYTHONPATH=/home/chotaehyun/ugv_ws/build/my_waver_app/prefix_override:/usr/lib/python3/dist-packages/colcon_core/task/python/colcon_distutils_commands:/home/chotaehyun/ugv_ws/install/my_waver_app/lib/python3.10/site-packages:${PYTHONPATH} /usr/bin/python3 -W ignore:setup.py install is deprecated -W ignore:easy_install command is deprecated setup.py develop --editable --build-directory /home/chotaehyun/ugv_ws/build/my_waver_app/build --no-deps symlink_data
