[0.180s] Invoking command in '/home/chotaehyun/ugv_ws/build/ugv_slam': CMAKE_PREFIX_PATH=${CMAKE_PREFIX_PATH}:/home/chotaehyun/ugv_ws/install/ugv_web_app:/home/chotaehyun/ugv_ws/install/ugv_vision:/home/chotaehyun/ugv_ws/install/ugv_tools:/home/chotaehyun/ugv_ws/install/ugv_chat_ai:/home/chotaehyun/ugv_ws/install/ugv_bringup:/home/chotaehyun/ugv_ws/install/my_waver_app:/home/chotaehyun/ros2_ws/install/vehicle_control_pkg:/opt/ros/humble /usr/bin/cmake --build /home/chotaehyun/ugv_ws/build/ugv_slam -- -j16 -l16
[1.115s] Invoked command in '/home/chotaehyun/ugv_ws/build/ugv_slam' returned '0': CMAKE_PREFIX_PATH=${CMAKE_PREFIX_PATH}:/home/chotaehyun/ugv_ws/install/ugv_web_app:/home/chotaehyun/ugv_ws/install/ugv_vision:/home/chotaehyun/ugv_ws/install/ugv_tools:/home/chotaehyun/ugv_ws/install/ugv_chat_ai:/home/chotaehyun/ugv_ws/install/ugv_bringup:/home/chotaehyun/ugv_ws/install/my_waver_app:/home/chotaehyun/ros2_ws/install/vehicle_control_pkg:/opt/ros/humble /usr/bin/cmake --build /home/chotaehyun/ugv_ws/build/ugv_slam -- -j16 -l16
[1.117s] Invoking command in '/home/chotaehyun/ugv_ws/build/ugv_slam': CMAKE_PREFIX_PATH=${CMAKE_PREFIX_PATH}:/home/chotaehyun/ugv_ws/install/ugv_web_app:/home/chotaehyun/ugv_ws/install/ugv_vision:/home/chotaehyun/ugv_ws/install/ugv_tools:/home/chotaehyun/ugv_ws/install/ugv_chat_ai:/home/chotaehyun/ugv_ws/install/ugv_bringup:/home/chotaehyun/ugv_ws/install/my_waver_app:/home/chotaehyun/ros2_ws/install/vehicle_control_pkg:/opt/ros/humble /usr/bin/cmake --install /home/chotaehyun/ugv_ws/build/ugv_slam
[1.183s] -- Install configuration: ""
[1.183s] -- Execute custom install script
[1.184s] -- Up-to-date symlink: /home/chotaehyun/ugv_ws/install/ugv_slam/share/ugv_slam/launch/cartographer.launch.py
[1.184s] -- Up-to-date symlink: /home/chotaehyun/ugv_ws/install/ugv_slam/share/ugv_slam/launch/gmapping.launch.py
[1.184s] -- Up-to-date symlink: /home/chotaehyun/ugv_ws/install/ugv_slam/share/ugv_slam/launch/rtabmap_rgbd.launch.py
[1.184s] -- Up-to-date symlink: /home/chotaehyun/ugv_ws/install/ugv_slam/share/ugv_slam/rviz/view_slam_2d.rviz
[1.184s] -- Up-to-date symlink: /home/chotaehyun/ugv_ws/install/ugv_slam/share/ugv_slam/rviz/view_slam_3d.rviz
[1.184s] -- Up-to-date symlink: /home/chotaehyun/ugv_ws/install/ugv_slam/share/ament_index/resource_index/package_run_dependencies/ugv_slam
[1.184s] -- Up-to-date symlink: /home/chotaehyun/ugv_ws/install/ugv_slam/share/ament_index/resource_index/parent_prefix_path/ugv_slam
[1.184s] -- Up-to-date symlink: /home/chotaehyun/ugv_ws/install/ugv_slam/share/ugv_slam/environment/ament_prefix_path.sh
[1.184s] -- Up-to-date symlink: /home/chotaehyun/ugv_ws/install/ugv_slam/share/ugv_slam/environment/ament_prefix_path.dsv
[1.185s] -- Up-to-date symlink: /home/chotaehyun/ugv_ws/install/ugv_slam/share/ugv_slam/environment/path.sh
[1.186s] -- Up-to-date symlink: /home/chotaehyun/ugv_ws/install/ugv_slam/share/ugv_slam/environment/path.dsv
[1.186s] -- Up-to-date symlink: /home/chotaehyun/ugv_ws/install/ugv_slam/share/ugv_slam/local_setup.bash
[1.187s] -- Up-to-date symlink: /home/chotaehyun/ugv_ws/install/ugv_slam/share/ugv_slam/local_setup.sh
[1.189s] -- Up-to-date symlink: /home/chotaehyun/ugv_ws/install/ugv_slam/share/ugv_slam/local_setup.zsh
[1.189s] -- Up-to-date symlink: /home/chotaehyun/ugv_ws/install/ugv_slam/share/ugv_slam/local_setup.dsv
[1.190s] -- Symlinking: /home/chotaehyun/ugv_ws/install/ugv_slam/share/ugv_slam/package.dsv
[1.190s] -- Up-to-date symlink: /home/chotaehyun/ugv_ws/install/ugv_slam/share/ament_index/resource_index/packages/ugv_slam
[1.190s] -- Up-to-date symlink: /home/chotaehyun/ugv_ws/install/ugv_slam/share/ugv_slam/cmake/ugv_slamConfig.cmake
[1.190s] -- Up-to-date symlink: /home/chotaehyun/ugv_ws/install/ugv_slam/share/ugv_slam/cmake/ugv_slamConfig-version.cmake
[1.190s] -- Up-to-date symlink: /home/chotaehyun/ugv_ws/install/ugv_slam/share/ugv_slam/package.xml
[1.266s] Invoked command in '/home/chotaehyun/ugv_ws/build/ugv_slam' returned '0': CMAKE_PREFIX_PATH=${CMAKE_PREFIX_PATH}:/home/chotaehyun/ugv_ws/install/ugv_web_app:/home/chotaehyun/ugv_ws/install/ugv_vision:/home/chotaehyun/ugv_ws/install/ugv_tools:/home/chotaehyun/ugv_ws/install/ugv_chat_ai:/home/chotaehyun/ugv_ws/install/ugv_bringup:/home/chotaehyun/ugv_ws/install/my_waver_app:/home/chotaehyun/ros2_ws/install/vehicle_control_pkg:/opt/ros/humble /usr/bin/cmake --install /home/chotaehyun/ugv_ws/build/ugv_slam
