[0.079s] Invoking command in '/home/chotaehyun/ugv_ws/build/robot_pose_publisher': CMAKE_PREFIX_PATH=${CMAKE_PREFIX_PATH}:/home/chotaehyun/ugv_ws/install/ugv_web_app:/home/chotaehyun/ugv_ws/install/ugv_vision:/home/chotaehyun/ugv_ws/install/ugv_tools:/home/chotaehyun/ugv_ws/install/ugv_chat_ai:/home/chotaehyun/ugv_ws/install/ugv_bringup:/home/chotaehyun/ros2_ws/install/vehicle_control_pkg:/opt/ros/humble /usr/bin/cmake --build /home/chotaehyun/ugv_ws/build/robot_pose_publisher -- -j16 -l16
[0.834s] [35m[1mConsolidate compiler generated dependencies of target robot_pose_publisher[0m
[0.834s] [100%] Built target robot_pose_publisher
[0.850s] Invoked command in '/home/chotaehyun/ugv_ws/build/robot_pose_publisher' returned '0': CMAKE_PREFIX_PATH=${CMAKE_PREFIX_PATH}:/home/chotaehyun/ugv_ws/install/ugv_web_app:/home/chotaehyun/ugv_ws/install/ugv_vision:/home/chotaehyun/ugv_ws/install/ugv_tools:/home/chotaehyun/ugv_ws/install/ugv_chat_ai:/home/chotaehyun/ugv_ws/install/ugv_bringup:/home/chotaehyun/ros2_ws/install/vehicle_control_pkg:/opt/ros/humble /usr/bin/cmake --build /home/chotaehyun/ugv_ws/build/robot_pose_publisher -- -j16 -l16
[0.852s] Invoking command in '/home/chotaehyun/ugv_ws/build/robot_pose_publisher': CMAKE_PREFIX_PATH=${CMAKE_PREFIX_PATH}:/home/chotaehyun/ugv_ws/install/ugv_web_app:/home/chotaehyun/ugv_ws/install/ugv_vision:/home/chotaehyun/ugv_ws/install/ugv_tools:/home/chotaehyun/ugv_ws/install/ugv_chat_ai:/home/chotaehyun/ugv_ws/install/ugv_bringup:/home/chotaehyun/ros2_ws/install/vehicle_control_pkg:/opt/ros/humble /usr/bin/cmake --install /home/chotaehyun/ugv_ws/build/robot_pose_publisher
[0.896s] -- Install configuration: ""
[0.896s] -- Execute custom install script
[0.896s] -- Up-to-date symlink: /home/chotaehyun/ugv_ws/install/robot_pose_publisher/lib/robot_pose_publisher/robot_pose_publisher
[0.896s] -- Up-to-date symlink: /home/chotaehyun/ugv_ws/install/robot_pose_publisher/share/robot_pose_publisher/launch/robot_pose_publisher_launch.py
[0.896s] -- Up-to-date symlink: /home/chotaehyun/ugv_ws/install/robot_pose_publisher/share/ament_index/resource_index/package_run_dependencies/robot_pose_publisher
[0.896s] -- Up-to-date symlink: /home/chotaehyun/ugv_ws/install/robot_pose_publisher/share/ament_index/resource_index/parent_prefix_path/robot_pose_publisher
[0.896s] -- Up-to-date symlink: /home/chotaehyun/ugv_ws/install/robot_pose_publisher/share/robot_pose_publisher/environment/ament_prefix_path.sh
[0.896s] -- Up-to-date symlink: /home/chotaehyun/ugv_ws/install/robot_pose_publisher/share/robot_pose_publisher/environment/ament_prefix_path.dsv
[0.896s] -- Up-to-date symlink: /home/chotaehyun/ugv_ws/install/robot_pose_publisher/share/robot_pose_publisher/environment/path.sh
[0.896s] -- Up-to-date symlink: /home/chotaehyun/ugv_ws/install/robot_pose_publisher/share/robot_pose_publisher/environment/path.dsv
[0.896s] -- Up-to-date symlink: /home/chotaehyun/ugv_ws/install/robot_pose_publisher/share/robot_pose_publisher/local_setup.bash
[0.896s] -- Up-to-date symlink: /home/chotaehyun/ugv_ws/install/robot_pose_publisher/share/robot_pose_publisher/local_setup.sh
[0.897s] -- Up-to-date symlink: /home/chotaehyun/ugv_ws/install/robot_pose_publisher/share/robot_pose_publisher/local_setup.zsh
[0.897s] -- Up-to-date symlink: /home/chotaehyun/ugv_ws/install/robot_pose_publisher/share/robot_pose_publisher/local_setup.dsv
[0.897s] -- Symlinking: /home/chotaehyun/ugv_ws/install/robot_pose_publisher/share/robot_pose_publisher/package.dsv
[0.897s] -- Up-to-date symlink: /home/chotaehyun/ugv_ws/install/robot_pose_publisher/share/ament_index/resource_index/packages/robot_pose_publisher
[0.897s] -- Up-to-date symlink: /home/chotaehyun/ugv_ws/install/robot_pose_publisher/share/robot_pose_publisher/cmake/robot_pose_publisherConfig.cmake
[0.897s] -- Up-to-date symlink: /home/chotaehyun/ugv_ws/install/robot_pose_publisher/share/robot_pose_publisher/cmake/robot_pose_publisherConfig-version.cmake
[0.897s] -- Up-to-date symlink: /home/chotaehyun/ugv_ws/install/robot_pose_publisher/share/robot_pose_publisher/package.xml
[0.997s] Invoked command in '/home/chotaehyun/ugv_ws/build/robot_pose_publisher' returned '0': CMAKE_PREFIX_PATH=${CMAKE_PREFIX_PATH}:/home/chotaehyun/ugv_ws/install/ugv_web_app:/home/chotaehyun/ugv_ws/install/ugv_vision:/home/chotaehyun/ugv_ws/install/ugv_tools:/home/chotaehyun/ugv_ws/install/ugv_chat_ai:/home/chotaehyun/ugv_ws/install/ugv_bringup:/home/chotaehyun/ros2_ws/install/vehicle_control_pkg:/opt/ros/humble /usr/bin/cmake --install /home/chotaehyun/ugv_ws/build/robot_pose_publisher
