[0.119s] Invoking command in '/home/chotaehyun/ugv_ws/build/apriltag_msgs': CMAKE_PREFIX_PATH=${CMAKE_PREFIX_PATH}:/home/chotaehyun/ugv_ws/install/ugv_web_app:/home/chotaehyun/ugv_ws/install/ugv_vision:/home/chotaehyun/ugv_ws/install/ugv_tools:/home/chotaehyun/ugv_ws/install/ugv_chat_ai:/home/chotaehyun/ugv_ws/install/ugv_bringup:/home/chotaehyun/ugv_ws/install/my_waver_app:/home/chotaehyun/ros2_ws/install/vehicle_control_pkg:/opt/ros/humble /usr/bin/cmake --build /home/chotaehyun/ugv_ws/build/apriltag_msgs -- -j16 -l16
[1.435s] [ 10%] Built target apriltag_msgs__rosidl_generator_c
[1.436s] [ 12%] Built target apriltag_msgs__cpp
[1.436s] [ 12%] Built target ament_cmake_python_symlink_apriltag_msgs
[1.436s] [ 23%] Built target apriltag_msgs__rosidl_typesupport_c
[1.436s] [ 33%] Built target apriltag_msgs__rosidl_typesupport_cpp
[1.436s] [ 43%] Built target apriltag_msgs__rosidl_typesupport_fastrtps_cpp
[1.436s] [ 53%] Built target apriltag_msgs__rosidl_typesupport_introspection_c
[1.436s] [ 64%] Built target apriltag_msgs__rosidl_typesupport_introspection_cpp
[1.436s] [ 74%] Built target apriltag_msgs__rosidl_typesupport_fastrtps_c
[1.437s] [ 74%] Built target apriltag_msgs
[1.437s] [ 76%] Built target apriltag_msgs__py
[1.437s] [ 84%] Built target apriltag_msgs__rosidl_generator_py
[1.437s] [ 89%] Built target apriltag_msgs__rosidl_typesupport_c__pyext
[1.437s] [ 94%] Built target apriltag_msgs__rosidl_typesupport_introspection_c__pyext
[1.437s] [100%] Built target apriltag_msgs__rosidl_typesupport_fastrtps_c__pyext
[1.437s] running egg_info
[1.437s] writing apriltag_msgs.egg-info/PKG-INFO
[1.437s] writing dependency_links to apriltag_msgs.egg-info/dependency_links.txt
[1.437s] writing top-level names to apriltag_msgs.egg-info/top_level.txt
[1.437s] reading manifest file 'apriltag_msgs.egg-info/SOURCES.txt'
[1.437s] writing manifest file 'apriltag_msgs.egg-info/SOURCES.txt'
[1.437s] [100%] Built target ament_cmake_python_build_apriltag_msgs_egg
[1.508s] Invoked command in '/home/chotaehyun/ugv_ws/build/apriltag_msgs' returned '0': CMAKE_PREFIX_PATH=${CMAKE_PREFIX_PATH}:/home/chotaehyun/ugv_ws/install/ugv_web_app:/home/chotaehyun/ugv_ws/install/ugv_vision:/home/chotaehyun/ugv_ws/install/ugv_tools:/home/chotaehyun/ugv_ws/install/ugv_chat_ai:/home/chotaehyun/ugv_ws/install/ugv_bringup:/home/chotaehyun/ugv_ws/install/my_waver_app:/home/chotaehyun/ros2_ws/install/vehicle_control_pkg:/opt/ros/humble /usr/bin/cmake --build /home/chotaehyun/ugv_ws/build/apriltag_msgs -- -j16 -l16
[1.512s] Invoking command in '/home/chotaehyun/ugv_ws/build/apriltag_msgs': CMAKE_PREFIX_PATH=${CMAKE_PREFIX_PATH}:/home/chotaehyun/ugv_ws/install/ugv_web_app:/home/chotaehyun/ugv_ws/install/ugv_vision:/home/chotaehyun/ugv_ws/install/ugv_tools:/home/chotaehyun/ugv_ws/install/ugv_chat_ai:/home/chotaehyun/ugv_ws/install/ugv_bringup:/home/chotaehyun/ugv_ws/install/my_waver_app:/home/chotaehyun/ros2_ws/install/vehicle_control_pkg:/opt/ros/humble /usr/bin/cmake --install /home/chotaehyun/ugv_ws/build/apriltag_msgs
[1.597s] -- Install configuration: ""
[1.597s] -- Execute custom install script
[1.597s] -- Up-to-date symlink: /home/chotaehyun/ugv_ws/install/apriltag_msgs/share/ament_index/resource_index/rosidl_interfaces/apriltag_msgs
[1.597s] -- Up-to-date symlink: /home/chotaehyun/ugv_ws/install/apriltag_msgs/include/apriltag_msgs/apriltag_msgs/msg/april_tag_detection.h
[1.597s] -- Up-to-date symlink: /home/chotaehyun/ugv_ws/install/apriltag_msgs/include/apriltag_msgs/apriltag_msgs/msg/april_tag_detection_array.h
[1.597s] -- Up-to-date symlink: /home/chotaehyun/ugv_ws/install/apriltag_msgs/include/apriltag_msgs/apriltag_msgs/msg/detail/april_tag_detection__functions.h
[1.597s] -- Up-to-date symlink: /home/chotaehyun/ugv_ws/install/apriltag_msgs/include/apriltag_msgs/apriltag_msgs/msg/detail/april_tag_detection__struct.h
[1.597s] -- Up-to-date symlink: /home/chotaehyun/ugv_ws/install/apriltag_msgs/include/apriltag_msgs/apriltag_msgs/msg/detail/april_tag_detection__type_support.h
[1.597s] -- Up-to-date symlink: /home/chotaehyun/ugv_ws/install/apriltag_msgs/include/apriltag_msgs/apriltag_msgs/msg/detail/april_tag_detection_array__functions.h
[1.598s] -- Up-to-date symlink: /home/chotaehyun/ugv_ws/install/apriltag_msgs/include/apriltag_msgs/apriltag_msgs/msg/detail/april_tag_detection_array__struct.h
[1.598s] -- Up-to-date symlink: /home/chotaehyun/ugv_ws/install/apriltag_msgs/include/apriltag_msgs/apriltag_msgs/msg/detail/april_tag_detection_array__type_support.h
[1.598s] -- Up-to-date symlink: /home/chotaehyun/ugv_ws/install/apriltag_msgs/include/apriltag_msgs/apriltag_msgs/msg/rosidl_generator_c__visibility_control.h
[1.598s] -- Up-to-date symlink: /home/chotaehyun/ugv_ws/install/apriltag_msgs/share/apriltag_msgs/environment/library_path.sh
[1.598s] -- Up-to-date symlink: /home/chotaehyun/ugv_ws/install/apriltag_msgs/share/apriltag_msgs/environment/library_path.dsv
[1.598s] -- Up-to-date symlink: /home/chotaehyun/ugv_ws/install/apriltag_msgs/include/apriltag_msgs/apriltag_msgs/msg/detail/april_tag_detection__rosidl_typesupport_fastrtps_c.h
[1.598s] -- Up-to-date symlink: /home/chotaehyun/ugv_ws/install/apriltag_msgs/include/apriltag_msgs/apriltag_msgs/msg/detail/april_tag_detection_array__rosidl_typesupport_fastrtps_c.h
[1.598s] -- Up-to-date symlink: /home/chotaehyun/ugv_ws/install/apriltag_msgs/include/apriltag_msgs/apriltag_msgs/msg/rosidl_typesupport_fastrtps_c__visibility_control.h
[1.598s] -- Up-to-date symlink: /home/chotaehyun/ugv_ws/install/apriltag_msgs/include/apriltag_msgs/apriltag_msgs/msg/april_tag_detection.hpp
[1.598s] -- Up-to-date symlink: /home/chotaehyun/ugv_ws/install/apriltag_msgs/include/apriltag_msgs/apriltag_msgs/msg/april_tag_detection_array.hpp
[1.598s] -- Up-to-date symlink: /home/chotaehyun/ugv_ws/install/apriltag_msgs/include/apriltag_msgs/apriltag_msgs/msg/detail/april_tag_detection__builder.hpp
[1.599s] -- Up-to-date symlink: /home/chotaehyun/ugv_ws/install/apriltag_msgs/include/apriltag_msgs/apriltag_msgs/msg/detail/april_tag_detection__struct.hpp
[1.599s] -- Up-to-date symlink: /home/chotaehyun/ugv_ws/install/apriltag_msgs/include/apriltag_msgs/apriltag_msgs/msg/detail/april_tag_detection__traits.hpp
[1.599s] -- Up-to-date symlink: /home/chotaehyun/ugv_ws/install/apriltag_msgs/include/apriltag_msgs/apriltag_msgs/msg/detail/april_tag_detection__type_support.hpp
[1.599s] -- Up-to-date symlink: /home/chotaehyun/ugv_ws/install/apriltag_msgs/include/apriltag_msgs/apriltag_msgs/msg/detail/april_tag_detection_array__builder.hpp
[1.599s] -- Up-to-date symlink: /home/chotaehyun/ugv_ws/install/apriltag_msgs/include/apriltag_msgs/apriltag_msgs/msg/detail/april_tag_detection_array__struct.hpp
[1.599s] -- Up-to-date symlink: /home/chotaehyun/ugv_ws/install/apriltag_msgs/include/apriltag_msgs/apriltag_msgs/msg/detail/april_tag_detection_array__traits.hpp
[1.599s] -- Up-to-date symlink: /home/chotaehyun/ugv_ws/install/apriltag_msgs/include/apriltag_msgs/apriltag_msgs/msg/detail/april_tag_detection_array__type_support.hpp
[1.599s] -- Up-to-date symlink: /home/chotaehyun/ugv_ws/install/apriltag_msgs/include/apriltag_msgs/apriltag_msgs/msg/rosidl_generator_cpp__visibility_control.hpp
[1.599s] -- Up-to-date symlink: /home/chotaehyun/ugv_ws/install/apriltag_msgs/include/apriltag_msgs/apriltag_msgs/msg/detail/april_tag_detection__rosidl_typesupport_fastrtps_cpp.hpp
[1.600s] -- Up-to-date symlink: /home/chotaehyun/ugv_ws/install/apriltag_msgs/include/apriltag_msgs/apriltag_msgs/msg/detail/april_tag_detection_array__rosidl_typesupport_fastrtps_cpp.hpp
[1.600s] -- Up-to-date symlink: /home/chotaehyun/ugv_ws/install/apriltag_msgs/include/apriltag_msgs/apriltag_msgs/msg/rosidl_typesupport_fastrtps_cpp__visibility_control.h
[1.600s] -- Up-to-date symlink: /home/chotaehyun/ugv_ws/install/apriltag_msgs/include/apriltag_msgs/apriltag_msgs/msg/detail/april_tag_detection__rosidl_typesupport_introspection_c.h
[1.600s] -- Up-to-date symlink: /home/chotaehyun/ugv_ws/install/apriltag_msgs/include/apriltag_msgs/apriltag_msgs/msg/detail/april_tag_detection_array__rosidl_typesupport_introspection_c.h
[1.600s] -- Up-to-date symlink: /home/chotaehyun/ugv_ws/install/apriltag_msgs/include/apriltag_msgs/apriltag_msgs/msg/rosidl_typesupport_introspection_c__visibility_control.h
[1.600s] -- Up-to-date symlink: /home/chotaehyun/ugv_ws/install/apriltag_msgs/include/apriltag_msgs/apriltag_msgs/msg/detail/april_tag_detection__rosidl_typesupport_introspection_cpp.hpp
[1.600s] -- Up-to-date symlink: /home/chotaehyun/ugv_ws/install/apriltag_msgs/include/apriltag_msgs/apriltag_msgs/msg/detail/april_tag_detection_array__rosidl_typesupport_introspection_cpp.hpp
[1.600s] -- Up-to-date symlink: /home/chotaehyun/ugv_ws/install/apriltag_msgs/share/apriltag_msgs/environment/pythonpath.sh
[1.600s] -- Up-to-date symlink: /home/chotaehyun/ugv_ws/install/apriltag_msgs/share/apriltag_msgs/environment/pythonpath.dsv
[1.600s] -- Up-to-date symlink: /home/chotaehyun/ugv_ws/install/apriltag_msgs/local/lib/python3.10/dist-packages/apriltag_msgs-0.0.0-py3.10.egg-info/PKG-INFO
[1.600s] -- Up-to-date symlink: /home/chotaehyun/ugv_ws/install/apriltag_msgs/local/lib/python3.10/dist-packages/apriltag_msgs-0.0.0-py3.10.egg-info/SOURCES.txt
[1.600s] -- Up-to-date symlink: /home/chotaehyun/ugv_ws/install/apriltag_msgs/local/lib/python3.10/dist-packages/apriltag_msgs-0.0.0-py3.10.egg-info/dependency_links.txt
[1.601s] -- Up-to-date symlink: /home/chotaehyun/ugv_ws/install/apriltag_msgs/local/lib/python3.10/dist-packages/apriltag_msgs-0.0.0-py3.10.egg-info/top_level.txt
[1.601s] -- Up-to-date symlink: /home/chotaehyun/ugv_ws/install/apriltag_msgs/local/lib/python3.10/dist-packages/apriltag_msgs/__init__.py
[1.601s] -- Up-to-date symlink: /home/chotaehyun/ugv_ws/install/apriltag_msgs/local/lib/python3.10/dist-packages/apriltag_msgs/_apriltag_msgs_s.ep.rosidl_typesupport_c.c
[1.601s] -- Up-to-date symlink: /home/chotaehyun/ugv_ws/install/apriltag_msgs/local/lib/python3.10/dist-packages/apriltag_msgs/_apriltag_msgs_s.ep.rosidl_typesupport_fastrtps_c.c
[1.601s] -- Up-to-date symlink: /home/chotaehyun/ugv_ws/install/apriltag_msgs/local/lib/python3.10/dist-packages/apriltag_msgs/_apriltag_msgs_s.ep.rosidl_typesupport_introspection_c.c
[1.602s] -- Up-to-date symlink: /home/chotaehyun/ugv_ws/install/apriltag_msgs/local/lib/python3.10/dist-packages/apriltag_msgs/apriltag_msgs_s__rosidl_typesupport_c.cpython-310-x86_64-linux-gnu.so
[1.602s] -- Up-to-date symlink: /home/chotaehyun/ugv_ws/install/apriltag_msgs/local/lib/python3.10/dist-packages/apriltag_msgs/apriltag_msgs_s__rosidl_typesupport_fastrtps_c.cpython-310-x86_64-linux-gnu.so
[1.602s] -- Up-to-date symlink: /home/chotaehyun/ugv_ws/install/apriltag_msgs/local/lib/python3.10/dist-packages/apriltag_msgs/apriltag_msgs_s__rosidl_typesupport_introspection_c.cpython-310-x86_64-linux-gnu.so
[1.603s] -- Up-to-date symlink: /home/chotaehyun/ugv_ws/install/apriltag_msgs/local/lib/python3.10/dist-packages/apriltag_msgs/libapriltag_msgs__rosidl_generator_py.so
[1.603s] -- Up-to-date symlink: /home/chotaehyun/ugv_ws/install/apriltag_msgs/local/lib/python3.10/dist-packages/apriltag_msgs/msg/__init__.py
[1.603s] -- Up-to-date symlink: /home/chotaehyun/ugv_ws/install/apriltag_msgs/local/lib/python3.10/dist-packages/apriltag_msgs/msg/_april_tag_detection.py
[1.603s] -- Up-to-date symlink: /home/chotaehyun/ugv_ws/install/apriltag_msgs/local/lib/python3.10/dist-packages/apriltag_msgs/msg/_april_tag_detection_array.py
[1.603s] -- Up-to-date symlink: /home/chotaehyun/ugv_ws/install/apriltag_msgs/local/lib/python3.10/dist-packages/apriltag_msgs/msg/_april_tag_detection_array_s.c
[1.603s] -- Up-to-date symlink: /home/chotaehyun/ugv_ws/install/apriltag_msgs/local/lib/python3.10/dist-packages/apriltag_msgs/msg/_april_tag_detection_s.c
[1.603s] -- Up-to-date symlink: /home/chotaehyun/ugv_ws/install/apriltag_msgs/local/lib/python3.10/dist-packages/apriltag_msgs/apriltag_msgs_s__rosidl_typesupport_fastrtps_c.cpython-310-x86_64-linux-gnu.so
[1.603s] -- Up-to-date symlink: /home/chotaehyun/ugv_ws/install/apriltag_msgs/local/lib/python3.10/dist-packages/apriltag_msgs/apriltag_msgs_s__rosidl_typesupport_introspection_c.cpython-310-x86_64-linux-gnu.so
[1.604s] -- Up-to-date symlink: /home/chotaehyun/ugv_ws/install/apriltag_msgs/local/lib/python3.10/dist-packages/apriltag_msgs/apriltag_msgs_s__rosidl_typesupport_c.cpython-310-x86_64-linux-gnu.so
[1.604s] -- Up-to-date symlink: /home/chotaehyun/ugv_ws/install/apriltag_msgs/share/apriltag_msgs/msg/AprilTagDetectionArray.idl
[1.604s] -- Up-to-date symlink: /home/chotaehyun/ugv_ws/install/apriltag_msgs/share/apriltag_msgs/msg/AprilTagDetection.idl
[1.604s] -- Up-to-date symlink: /home/chotaehyun/ugv_ws/install/apriltag_msgs/share/apriltag_msgs/msg/AprilTagDetectionArray.msg
[1.604s] -- Up-to-date symlink: /home/chotaehyun/ugv_ws/install/apriltag_msgs/share/apriltag_msgs/msg/AprilTagDetection.msg
[1.605s] -- Up-to-date symlink: /home/chotaehyun/ugv_ws/install/apriltag_msgs/share/ament_index/resource_index/package_run_dependencies/apriltag_msgs
[1.605s] -- Up-to-date symlink: /home/chotaehyun/ugv_ws/install/apriltag_msgs/share/ament_index/resource_index/parent_prefix_path/apriltag_msgs
[1.605s] -- Up-to-date symlink: /home/chotaehyun/ugv_ws/install/apriltag_msgs/share/apriltag_msgs/environment/ament_prefix_path.sh
[1.605s] -- Up-to-date symlink: /home/chotaehyun/ugv_ws/install/apriltag_msgs/share/apriltag_msgs/environment/ament_prefix_path.dsv
[1.605s] -- Up-to-date symlink: /home/chotaehyun/ugv_ws/install/apriltag_msgs/share/apriltag_msgs/environment/path.sh
[1.605s] -- Up-to-date symlink: /home/chotaehyun/ugv_ws/install/apriltag_msgs/share/apriltag_msgs/environment/path.dsv
[1.605s] -- Up-to-date symlink: /home/chotaehyun/ugv_ws/install/apriltag_msgs/share/apriltag_msgs/local_setup.bash
[1.605s] -- Up-to-date symlink: /home/chotaehyun/ugv_ws/install/apriltag_msgs/share/apriltag_msgs/local_setup.sh
[1.605s] -- Up-to-date symlink: /home/chotaehyun/ugv_ws/install/apriltag_msgs/share/apriltag_msgs/local_setup.zsh
[1.605s] -- Up-to-date symlink: /home/chotaehyun/ugv_ws/install/apriltag_msgs/share/apriltag_msgs/local_setup.dsv
[1.605s] -- Symlinking: /home/chotaehyun/ugv_ws/install/apriltag_msgs/share/apriltag_msgs/package.dsv
[1.626s] -- Up-to-date symlink: /home/chotaehyun/ugv_ws/install/apriltag_msgs/share/ament_index/resource_index/packages/apriltag_msgs
[1.627s] -- Up-to-date symlink: /home/chotaehyun/ugv_ws/install/apriltag_msgs/share/apriltag_msgs/cmake/rosidl_cmake-extras.cmake
[1.627s] -- Up-to-date symlink: /home/chotaehyun/ugv_ws/install/apriltag_msgs/share/apriltag_msgs/cmake/ament_cmake_export_dependencies-extras.cmake
[1.627s] -- Up-to-date symlink: /home/chotaehyun/ugv_ws/install/apriltag_msgs/share/apriltag_msgs/cmake/ament_cmake_export_include_directories-extras.cmake
[1.627s] -- Up-to-date symlink: /home/chotaehyun/ugv_ws/install/apriltag_msgs/share/apriltag_msgs/cmake/ament_cmake_export_libraries-extras.cmake
[1.627s] -- Up-to-date symlink: /home/chotaehyun/ugv_ws/install/apriltag_msgs/share/apriltag_msgs/cmake/ament_cmake_export_targets-extras.cmake
[1.628s] -- Up-to-date symlink: /home/chotaehyun/ugv_ws/install/apriltag_msgs/share/apriltag_msgs/cmake/rosidl_cmake_export_typesupport_targets-extras.cmake
[1.628s] -- Up-to-date symlink: /home/chotaehyun/ugv_ws/install/apriltag_msgs/share/apriltag_msgs/cmake/rosidl_cmake_export_typesupport_libraries-extras.cmake
[1.628s] -- Up-to-date symlink: /home/chotaehyun/ugv_ws/install/apriltag_msgs/share/apriltag_msgs/cmake/apriltag_msgsConfig.cmake
[1.628s] -- Up-to-date symlink: /home/chotaehyun/ugv_ws/install/apriltag_msgs/share/apriltag_msgs/cmake/apriltag_msgsConfig-version.cmake
[1.628s] -- Up-to-date symlink: /home/chotaehyun/ugv_ws/install/apriltag_msgs/share/apriltag_msgs/package.xml
[1.628s] -- Up-to-date: /home/chotaehyun/ugv_ws/install/apriltag_msgs/lib/libapriltag_msgs__rosidl_generator_c.so
[1.629s] -- Up-to-date: /home/chotaehyun/ugv_ws/install/apriltag_msgs/lib/libapriltag_msgs__rosidl_typesupport_fastrtps_c.so
[1.629s] -- Up-to-date: /home/chotaehyun/ugv_ws/install/apriltag_msgs/lib/libapriltag_msgs__rosidl_typesupport_fastrtps_cpp.so
[1.629s] -- Up-to-date: /home/chotaehyun/ugv_ws/install/apriltag_msgs/lib/libapriltag_msgs__rosidl_typesupport_introspection_c.so
[1.630s] -- Up-to-date: /home/chotaehyun/ugv_ws/install/apriltag_msgs/lib/libapriltag_msgs__rosidl_typesupport_c.so
[1.630s] -- Up-to-date: /home/chotaehyun/ugv_ws/install/apriltag_msgs/lib/libapriltag_msgs__rosidl_typesupport_introspection_cpp.so
[1.633s] -- Up-to-date: /home/chotaehyun/ugv_ws/install/apriltag_msgs/lib/libapriltag_msgs__rosidl_typesupport_cpp.so
[1.650s] Listing '/home/chotaehyun/ugv_ws/install/apriltag_msgs/local/lib/python3.10/dist-packages/apriltag_msgs'...
[1.650s] Listing '/home/chotaehyun/ugv_ws/install/apriltag_msgs/local/lib/python3.10/dist-packages/apriltag_msgs/msg'...
[1.664s] -- Up-to-date: /home/chotaehyun/ugv_ws/install/apriltag_msgs/lib/libapriltag_msgs__rosidl_generator_py.so
[1.664s] -- Up-to-date: /home/chotaehyun/ugv_ws/install/apriltag_msgs/share/apriltag_msgs/cmake/export_apriltag_msgs__rosidl_generator_cExport.cmake
[1.664s] -- Up-to-date: /home/chotaehyun/ugv_ws/install/apriltag_msgs/share/apriltag_msgs/cmake/export_apriltag_msgs__rosidl_generator_cExport-noconfig.cmake
[1.664s] -- Up-to-date: /home/chotaehyun/ugv_ws/install/apriltag_msgs/share/apriltag_msgs/cmake/export_apriltag_msgs__rosidl_typesupport_fastrtps_cExport.cmake
[1.664s] -- Up-to-date: /home/chotaehyun/ugv_ws/install/apriltag_msgs/share/apriltag_msgs/cmake/export_apriltag_msgs__rosidl_typesupport_fastrtps_cExport-noconfig.cmake
[1.664s] -- Up-to-date: /home/chotaehyun/ugv_ws/install/apriltag_msgs/share/apriltag_msgs/cmake/export_apriltag_msgs__rosidl_generator_cppExport.cmake
[1.664s] -- Up-to-date: /home/chotaehyun/ugv_ws/install/apriltag_msgs/share/apriltag_msgs/cmake/export_apriltag_msgs__rosidl_typesupport_fastrtps_cppExport.cmake
[1.664s] -- Up-to-date: /home/chotaehyun/ugv_ws/install/apriltag_msgs/share/apriltag_msgs/cmake/export_apriltag_msgs__rosidl_typesupport_fastrtps_cppExport-noconfig.cmake
[1.664s] -- Up-to-date: /home/chotaehyun/ugv_ws/install/apriltag_msgs/share/apriltag_msgs/cmake/apriltag_msgs__rosidl_typesupport_introspection_cExport.cmake
[1.664s] -- Up-to-date: /home/chotaehyun/ugv_ws/install/apriltag_msgs/share/apriltag_msgs/cmake/apriltag_msgs__rosidl_typesupport_introspection_cExport-noconfig.cmake
[1.664s] -- Up-to-date: /home/chotaehyun/ugv_ws/install/apriltag_msgs/share/apriltag_msgs/cmake/apriltag_msgs__rosidl_typesupport_cExport.cmake
[1.664s] -- Up-to-date: /home/chotaehyun/ugv_ws/install/apriltag_msgs/share/apriltag_msgs/cmake/apriltag_msgs__rosidl_typesupport_cExport-noconfig.cmake
[1.665s] -- Up-to-date: /home/chotaehyun/ugv_ws/install/apriltag_msgs/share/apriltag_msgs/cmake/apriltag_msgs__rosidl_typesupport_introspection_cppExport.cmake
[1.665s] -- Up-to-date: /home/chotaehyun/ugv_ws/install/apriltag_msgs/share/apriltag_msgs/cmake/apriltag_msgs__rosidl_typesupport_introspection_cppExport-noconfig.cmake
[1.665s] -- Up-to-date: /home/chotaehyun/ugv_ws/install/apriltag_msgs/share/apriltag_msgs/cmake/apriltag_msgs__rosidl_typesupport_cppExport.cmake
[1.665s] -- Up-to-date: /home/chotaehyun/ugv_ws/install/apriltag_msgs/share/apriltag_msgs/cmake/apriltag_msgs__rosidl_typesupport_cppExport-noconfig.cmake
[1.665s] -- Up-to-date: /home/chotaehyun/ugv_ws/install/apriltag_msgs/share/apriltag_msgs/cmake/export_apriltag_msgs__rosidl_generator_pyExport.cmake
[1.665s] -- Up-to-date: /home/chotaehyun/ugv_ws/install/apriltag_msgs/share/apriltag_msgs/cmake/export_apriltag_msgs__rosidl_generator_pyExport-noconfig.cmake
[1.944s] Invoked command in '/home/chotaehyun/ugv_ws/build/apriltag_msgs' returned '0': CMAKE_PREFIX_PATH=${CMAKE_PREFIX_PATH}:/home/chotaehyun/ugv_ws/install/ugv_web_app:/home/chotaehyun/ugv_ws/install/ugv_vision:/home/chotaehyun/ugv_ws/install/ugv_tools:/home/chotaehyun/ugv_ws/install/ugv_chat_ai:/home/chotaehyun/ugv_ws/install/ugv_bringup:/home/chotaehyun/ugv_ws/install/my_waver_app:/home/chotaehyun/ros2_ws/install/vehicle_control_pkg:/opt/ros/humble /usr/bin/cmake --install /home/chotaehyun/ugv_ws/build/apriltag_msgs
